{"/home/user/clawdia/src/games/casino/blackjack.js": {"path":"/home/user/clawdia/src/games/casino/blackjack.js","statementMap":{"0":{"start":{"line":7,"column":4},"end":{"line":7,"column":25}},"1":{"start":{"line":8,"column":14},"end":{"line":8,"column":42}},"2":{"start":{"line":9,"column":14},"end":{"line":9,"column":43}},"3":{"start":{"line":10,"column":23},"end":{"line":10,"column":56}},"4":{"start":{"line":11,"column":106},"end":{"line":11,"column":146}},"5":{"start":{"line":12,"column":82},"end":{"line":12,"column":114}},"6":{"start":{"line":14,"column":16},"end":{"line":14,"column":91}},"7":{"start":{"line":15,"column":16},"end":{"line":15,"column":18}},"8":{"start":{"line":17,"column":14},"end":{"line":17,"column":67}},"9":{"start":{"line":17,"column":20},"end":{"line":17,"column":67}},"10":{"start":{"line":17,"column":43},"end":{"line":17,"column":66}},"11":{"start":{"line":19,"column":15},"end":{"line":19,"column":35}},"12":{"start":{"line":20,"column":15},"end":{"line":20,"column":81}},"13":{"start":{"line":23,"column":17},"end":{"line":23,"column":19}},"14":{"start":{"line":24,"column":4},"end":{"line":26,"column":5}},"15":{"start":{"line":25,"column":8},"end":{"line":25,"column":63}},"16":{"start":{"line":25,"column":36},"end":{"line":25,"column":63}},"17":{"start":{"line":27,"column":4},"end":{"line":30,"column":5}},"18":{"start":{"line":27,"column":17},"end":{"line":27,"column":32}},"19":{"start":{"line":28,"column":18},"end":{"line":28,"column":53}},"20":{"start":{"line":29,"column":8},"end":{"line":29,"column":48}},"21":{"start":{"line":31,"column":4},"end":{"line":31,"column":16}},"22":{"start":{"line":35,"column":4},"end":{"line":35,"column":56}},"23":{"start":{"line":35,"column":46},"end":{"line":35,"column":56}},"24":{"start":{"line":36,"column":4},"end":{"line":36,"column":38}},"25":{"start":{"line":36,"column":28},"end":{"line":36,"column":38}},"26":{"start":{"line":37,"column":4},"end":{"line":37,"column":36}},"27":{"start":{"line":41,"column":16},"end":{"line":41,"column":62}},"28":{"start":{"line":41,"column":40},"end":{"line":41,"column":58}},"29":{"start":{"line":42,"column":16},"end":{"line":42,"column":56}},"30":{"start":{"line":42,"column":33},"end":{"line":42,"column":48}},"31":{"start":{"line":43,"column":4},"end":{"line":43,"column":59}},"32":{"start":{"line":43,"column":37},"end":{"line":43,"column":49}},"33":{"start":{"line":43,"column":50},"end":{"line":43,"column":57}},"34":{"start":{"line":44,"column":4},"end":{"line":44,"column":17}},"35":{"start":{"line":49,"column":18},"end":{"line":53,"column":6}},"36":{"start":{"line":50,"column":8},"end":{"line":50,"column":79}},"37":{"start":{"line":50,"column":35},"end":{"line":50,"column":79}},"38":{"start":{"line":51,"column":18},"end":{"line":51,"column":43}},"39":{"start":{"line":52,"column":8},"end":{"line":52,"column":62}},"40":{"start":{"line":54,"column":17},"end":{"line":54,"column":81}},"41":{"start":{"line":54,"column":39},"end":{"line":54,"column":69}},"42":{"start":{"line":54,"column":54},"end":{"line":54,"column":58}},"43":{"start":{"line":55,"column":4},"end":{"line":55,"column":37}},"44":{"start":{"line":59,"column":18},"end":{"line":59,"column":33}},"45":{"start":{"line":60,"column":4},"end":{"line":60,"column":78}},"46":{"start":{"line":64,"column":4},"end":{"line":64,"column":74}},"47":{"start":{"line":68,"column":24},"end":{"line":68,"column":85}},"48":{"start":{"line":70,"column":18},"end":{"line":80,"column":23}},"49":{"start":{"line":82,"column":4},"end":{"line":102,"column":5}},"50":{"start":{"line":83,"column":75},"end":{"line":83,"column":85}},"51":{"start":{"line":84,"column":8},"end":{"line":91,"column":9}},"52":{"start":{"line":84,"column":21},"end":{"line":84,"column":22}},"53":{"start":{"line":85,"column":26},"end":{"line":85,"column":50}},"54":{"start":{"line":87,"column":12},"end":{"line":89,"column":61}},"55":{"start":{"line":87,"column":43},"end":{"line":87,"column":60}},"56":{"start":{"line":88,"column":17},"end":{"line":89,"column":61}},"57":{"start":{"line":88,"column":45},"end":{"line":88,"column":62}},"58":{"start":{"line":89,"column":44},"end":{"line":89,"column":61}},"59":{"start":{"line":90,"column":12},"end":{"line":90,"column":127}},"60":{"start":{"line":92,"column":8},"end":{"line":95,"column":10}},"61":{"start":{"line":97,"column":8},"end":{"line":101,"column":10}},"62":{"start":{"line":104,"column":4},"end":{"line":104,"column":17}},"63":{"start":{"line":112,"column":8},"end":{"line":112,"column":12}},"64":{"start":{"line":114,"column":17},"end":{"line":117,"column":5}},"65":{"start":{"line":119,"column":25},"end":{"line":119,"column":27}},"66":{"start":{"line":120,"column":4},"end":{"line":124,"column":5}},"67":{"start":{"line":121,"column":8},"end":{"line":121,"column":156}},"68":{"start":{"line":121,"column":26},"end":{"line":121,"column":156}},"69":{"start":{"line":122,"column":8},"end":{"line":122,"column":150}},"70":{"start":{"line":122,"column":26},"end":{"line":122,"column":150}},"71":{"start":{"line":123,"column":8},"end":{"line":123,"column":158}},"72":{"start":{"line":123,"column":26},"end":{"line":123,"column":158}},"73":{"start":{"line":126,"column":4},"end":{"line":128,"column":5}},"74":{"start":{"line":127,"column":8},"end":{"line":127,"column":74}},"75":{"start":{"line":129,"column":4},"end":{"line":129,"column":18}},"76":{"start":{"line":133,"column":22},"end":{"line":133,"column":45}},"77":{"start":{"line":134,"column":22},"end":{"line":134,"column":43}},"78":{"start":{"line":136,"column":18},"end":{"line":144,"column":23}},"79":{"start":{"line":146,"column":4},"end":{"line":153,"column":5}},"80":{"start":{"line":147,"column":8},"end":{"line":150,"column":10}},"81":{"start":{"line":151,"column":11},"end":{"line":153,"column":5}},"82":{"start":{"line":152,"column":8},"end":{"line":152,"column":121}},"83":{"start":{"line":155,"column":4},"end":{"line":155,"column":17}},"84":{"start":{"line":159,"column":23},"end":{"line":159,"column":46}},"85":{"start":{"line":160,"column":23},"end":{"line":160,"column":44}},"86":{"start":{"line":161,"column":24},"end":{"line":161,"column":79}},"87":{"start":{"line":163,"column":18},"end":{"line":170,"column":23}},"88":{"start":{"line":172,"column":4},"end":{"line":183,"column":5}},"89":{"start":{"line":173,"column":8},"end":{"line":177,"column":10}},"90":{"start":{"line":178,"column":11},"end":{"line":183,"column":5}},"91":{"start":{"line":179,"column":8},"end":{"line":182,"column":10}},"92":{"start":{"line":185,"column":4},"end":{"line":187,"column":5}},"93":{"start":{"line":186,"column":8},"end":{"line":186,"column":114}},"94":{"start":{"line":189,"column":4},"end":{"line":189,"column":17}},"95":{"start":{"line":192,"column":0},"end":{"line":683,"column":2}},"96":{"start":{"line":195,"column":22},"end":{"line":201,"column":44}},"97":{"start":{"line":197,"column":12},"end":{"line":201,"column":43}},"98":{"start":{"line":204,"column":30},"end":{"line":204,"column":84}},"99":{"start":{"line":205,"column":8},"end":{"line":208,"column":9}},"100":{"start":{"line":206,"column":12},"end":{"line":206,"column":28}},"101":{"start":{"line":207,"column":12},"end":{"line":207,"column":122}},"102":{"start":{"line":210,"column":29},"end":{"line":210,"column":69}},"103":{"start":{"line":211,"column":29},"end":{"line":211,"column":66}},"104":{"start":{"line":212,"column":29},"end":{"line":212,"column":70}},"105":{"start":{"line":213,"column":8},"end":{"line":216,"column":9}},"106":{"start":{"line":214,"column":12},"end":{"line":214,"column":28}},"107":{"start":{"line":215,"column":12},"end":{"line":215,"column":169}},"108":{"start":{"line":218,"column":19},"end":{"line":218,"column":101}},"109":{"start":{"line":219,"column":8},"end":{"line":219,"column":108}},"110":{"start":{"line":219,"column":19},"end":{"line":219,"column":108}},"111":{"start":{"line":221,"column":8},"end":{"line":224,"column":9}},"112":{"start":{"line":222,"column":12},"end":{"line":222,"column":28}},"113":{"start":{"line":223,"column":12},"end":{"line":223,"column":181}},"114":{"start":{"line":226,"column":50},"end":{"line":226,"column":126}},"115":{"start":{"line":227,"column":8},"end":{"line":227,"column":56}},"116":{"start":{"line":227,"column":30},"end":{"line":227,"column":46}},"117":{"start":{"line":227,"column":47},"end":{"line":227,"column":54}},"118":{"start":{"line":228,"column":28},"end":{"line":228,"column":117}},"119":{"start":{"line":228,"column":41},"end":{"line":228,"column":117}},"120":{"start":{"line":231,"column":24},"end":{"line":235,"column":9}},"121":{"start":{"line":236,"column":8},"end":{"line":239,"column":9}},"122":{"start":{"line":237,"column":12},"end":{"line":237,"column":28}},"123":{"start":{"line":238,"column":12},"end":{"line":238,"column":141}},"124":{"start":{"line":240,"column":8},"end":{"line":240,"column":23}},"125":{"start":{"line":242,"column":27},"end":{"line":242,"column":38}},"126":{"start":{"line":243,"column":27},"end":{"line":243,"column":51}},"127":{"start":{"line":244,"column":27},"end":{"line":244,"column":51}},"128":{"start":{"line":245,"column":27},"end":{"line":245,"column":65}},"129":{"start":{"line":248,"column":8},"end":{"line":284,"column":9}},"130":{"start":{"line":249,"column":12},"end":{"line":259,"column":13}},"131":{"start":{"line":250,"column":33},"end":{"line":254,"column":17}},"132":{"start":{"line":255,"column":30},"end":{"line":256,"column":125}},"133":{"start":{"line":257,"column":16},"end":{"line":257,"column":32}},"134":{"start":{"line":258,"column":16},"end":{"line":258,"column":96}},"135":{"start":{"line":260,"column":33},"end":{"line":260,"column":56}},"136":{"start":{"line":261,"column":33},"end":{"line":261,"column":71}},"137":{"start":{"line":262,"column":27},"end":{"line":262,"column":88}},"138":{"start":{"line":263,"column":30},"end":{"line":267,"column":13}},"139":{"start":{"line":268,"column":30},"end":{"line":268,"column":123}},"140":{"start":{"line":269,"column":26},"end":{"line":281,"column":31}},"141":{"start":{"line":282,"column":12},"end":{"line":282,"column":28}},"142":{"start":{"line":283,"column":12},"end":{"line":283,"column":92}},"143":{"start":{"line":286,"column":32},"end":{"line":286,"column":59}},"144":{"start":{"line":287,"column":32},"end":{"line":287,"column":51}},"145":{"start":{"line":290,"column":8},"end":{"line":343,"column":9}},"146":{"start":{"line":291,"column":28},"end":{"line":298,"column":13}},"147":{"start":{"line":299,"column":12},"end":{"line":306,"column":15}},"148":{"start":{"line":308,"column":35},"end":{"line":308,"column":36}},"149":{"start":{"line":309,"column":12},"end":{"line":326,"column":13}},"150":{"start":{"line":310,"column":32},"end":{"line":310,"column":62}},"151":{"start":{"line":311,"column":16},"end":{"line":325,"column":17}},"152":{"start":{"line":312,"column":33},"end":{"line":315,"column":22}},"153":{"start":{"line":313,"column":38},"end":{"line":313,"column":116}},"154":{"start":{"line":316,"column":20},"end":{"line":316,"column":45}},"155":{"start":{"line":317,"column":40},"end":{"line":321,"column":21}},"156":{"start":{"line":322,"column":20},"end":{"line":322,"column":70}},"157":{"start":{"line":322,"column":37},"end":{"line":322,"column":70}},"158":{"start":{"line":328,"column":29},"end":{"line":328,"column":86}},"159":{"start":{"line":329,"column":29},"end":{"line":329,"column":30}},"160":{"start":{"line":330,"column":12},"end":{"line":333,"column":13}},"161":{"start":{"line":331,"column":16},"end":{"line":331,"column":50}},"162":{"start":{"line":332,"column":16},"end":{"line":332,"column":109}},"163":{"start":{"line":334,"column":12},"end":{"line":339,"column":13}},"164":{"start":{"line":335,"column":16},"end":{"line":338,"column":18}},"165":{"start":{"line":340,"column":30},"end":{"line":340,"column":122}},"166":{"start":{"line":341,"column":12},"end":{"line":341,"column":28}},"167":{"start":{"line":342,"column":12},"end":{"line":342,"column":106}},"168":{"start":{"line":346,"column":32},"end":{"line":346,"column":33}},"169":{"start":{"line":347,"column":32},"end":{"line":347,"column":35}},"170":{"start":{"line":348,"column":32},"end":{"line":348,"column":57}},"171":{"start":{"line":349,"column":32},"end":{"line":349,"column":56}},"172":{"start":{"line":350,"column":33},"end":{"line":350,"column":68}},"173":{"start":{"line":351,"column":32},"end":{"line":351,"column":37}},"174":{"start":{"line":352,"column":32},"end":{"line":352,"column":36}},"175":{"start":{"line":353,"column":32},"end":{"line":353,"column":36}},"176":{"start":{"line":354,"column":32},"end":{"line":354,"column":33}},"177":{"start":{"line":355,"column":32},"end":{"line":355,"column":46}},"178":{"start":{"line":358,"column":12},"end":{"line":358,"column":39}},"179":{"start":{"line":358,"column":29},"end":{"line":358,"column":39}},"180":{"start":{"line":359,"column":12},"end":{"line":363,"column":14}},"181":{"start":{"line":366,"column":8},"end":{"line":369,"column":11}},"182":{"start":{"line":371,"column":26},"end":{"line":371,"column":56}},"183":{"start":{"line":372,"column":26},"end":{"line":378,"column":10}},"184":{"start":{"line":373,"column":25},"end":{"line":376,"column":34}},"185":{"start":{"line":380,"column":8},"end":{"line":535,"column":11}},"186":{"start":{"line":381,"column":12},"end":{"line":381,"column":34}},"187":{"start":{"line":384,"column":12},"end":{"line":397,"column":13}},"188":{"start":{"line":385,"column":16},"end":{"line":385,"column":43}},"189":{"start":{"line":386,"column":32},"end":{"line":390,"column":17}},"190":{"start":{"line":391,"column":16},"end":{"line":391,"column":58}},"191":{"start":{"line":391,"column":29},"end":{"line":391,"column":58}},"192":{"start":{"line":392,"column":34},"end":{"line":394,"column":71}},"193":{"start":{"line":395,"column":30},"end":{"line":395,"column":126}},"194":{"start":{"line":396,"column":16},"end":{"line":396,"column":122}},"195":{"start":{"line":400,"column":12},"end":{"line":427,"column":13}},"196":{"start":{"line":401,"column":16},"end":{"line":401,"column":40}},"197":{"start":{"line":402,"column":16},"end":{"line":402,"column":40}},"198":{"start":{"line":403,"column":32},"end":{"line":407,"column":17}},"199":{"start":{"line":408,"column":16},"end":{"line":411,"column":17}},"200":{"start":{"line":409,"column":34},"end":{"line":409,"column":172}},"201":{"start":{"line":410,"column":20},"end":{"line":410,"column":126}},"202":{"start":{"line":412,"column":16},"end":{"line":412,"column":36}},"203":{"start":{"line":413,"column":16},"end":{"line":413,"column":44}},"204":{"start":{"line":414,"column":30},"end":{"line":414,"column":51}},"205":{"start":{"line":415,"column":16},"end":{"line":422,"column":17}},"206":{"start":{"line":416,"column":20},"end":{"line":416,"column":43}},"207":{"start":{"line":417,"column":37},"end":{"line":417,"column":119}},"208":{"start":{"line":418,"column":34},"end":{"line":420,"column":58}},"209":{"start":{"line":421,"column":20},"end":{"line":421,"column":110}},"210":{"start":{"line":423,"column":30},"end":{"line":423,"column":193}},"211":{"start":{"line":424,"column":16},"end":{"line":424,"column":105}},"212":{"start":{"line":425,"column":16},"end":{"line":425,"column":40}},"213":{"start":{"line":426,"column":16},"end":{"line":426,"column":23}},"214":{"start":{"line":430,"column":12},"end":{"line":462,"column":13}},"215":{"start":{"line":431,"column":16},"end":{"line":431,"column":40}},"216":{"start":{"line":432,"column":16},"end":{"line":432,"column":40}},"217":{"start":{"line":433,"column":32},"end":{"line":437,"column":17}},"218":{"start":{"line":438,"column":16},"end":{"line":441,"column":17}},"219":{"start":{"line":439,"column":34},"end":{"line":439,"column":166}},"220":{"start":{"line":440,"column":20},"end":{"line":440,"column":126}},"221":{"start":{"line":443,"column":35},"end":{"line":443,"column":62}},"222":{"start":{"line":444,"column":16},"end":{"line":444,"column":94}},"223":{"start":{"line":445,"column":16},"end":{"line":445,"column":46}},"224":{"start":{"line":446,"column":16},"end":{"line":446,"column":37}},"225":{"start":{"line":447,"column":16},"end":{"line":447,"column":50}},"226":{"start":{"line":448,"column":16},"end":{"line":448,"column":40}},"227":{"start":{"line":450,"column":16},"end":{"line":457,"column":17}},"228":{"start":{"line":451,"column":20},"end":{"line":451,"column":49}},"229":{"start":{"line":452,"column":39},"end":{"line":452,"column":101}},"230":{"start":{"line":453,"column":34},"end":{"line":453,"column":156}},"231":{"start":{"line":454,"column":20},"end":{"line":454,"column":109}},"232":{"start":{"line":455,"column":20},"end":{"line":455,"column":49}},"233":{"start":{"line":456,"column":20},"end":{"line":456,"column":27}},"234":{"start":{"line":459,"column":35},"end":{"line":459,"column":93}},"235":{"start":{"line":460,"column":30},"end":{"line":460,"column":135}},"236":{"start":{"line":461,"column":16},"end":{"line":461,"column":107}},"237":{"start":{"line":465,"column":12},"end":{"line":514,"column":13}},"238":{"start":{"line":466,"column":16},"end":{"line":490,"column":17}},"239":{"start":{"line":467,"column":20},"end":{"line":467,"column":66}},"240":{"start":{"line":468,"column":34},"end":{"line":468,"column":73}},"241":{"start":{"line":470,"column":20},"end":{"line":485,"column":21}},"242":{"start":{"line":471,"column":24},"end":{"line":471,"column":63}},"243":{"start":{"line":472,"column":24},"end":{"line":484,"column":25}},"244":{"start":{"line":473,"column":28},"end":{"line":473,"column":49}},"245":{"start":{"line":474,"column":47},"end":{"line":474,"column":105}},"246":{"start":{"line":475,"column":42},"end":{"line":475,"column":127}},"247":{"start":{"line":476,"column":42},"end":{"line":476,"column":134}},"248":{"start":{"line":477,"column":28},"end":{"line":477,"column":119}},"249":{"start":{"line":479,"column":47},"end":{"line":479,"column":105}},"250":{"start":{"line":480,"column":42},"end":{"line":480,"column":169}},"251":{"start":{"line":481,"column":28},"end":{"line":481,"column":117}},"252":{"start":{"line":482,"column":28},"end":{"line":482,"column":57}},"253":{"start":{"line":483,"column":28},"end":{"line":483,"column":35}},"254":{"start":{"line":487,"column":39},"end":{"line":487,"column":97}},"255":{"start":{"line":488,"column":34},"end":{"line":488,"column":161}},"256":{"start":{"line":489,"column":20},"end":{"line":489,"column":111}},"257":{"start":{"line":493,"column":16},"end":{"line":493,"column":44}},"258":{"start":{"line":494,"column":30},"end":{"line":494,"column":51}},"259":{"start":{"line":496,"column":16},"end":{"line":503,"column":17}},"260":{"start":{"line":497,"column":20},"end":{"line":497,"column":43}},"261":{"start":{"line":498,"column":38},"end":{"line":498,"column":120}},"262":{"start":{"line":499,"column":34},"end":{"line":501,"column":59}},"263":{"start":{"line":502,"column":20},"end":{"line":502,"column":110}},"264":{"start":{"line":505,"column":16},"end":{"line":505,"column":40}},"265":{"start":{"line":506,"column":16},"end":{"line":506,"column":40}},"266":{"start":{"line":508,"column":16},"end":{"line":513,"column":17}},"267":{"start":{"line":509,"column":20},"end":{"line":509,"column":44}},"268":{"start":{"line":511,"column":34},"end":{"line":511,"column":135}},"269":{"start":{"line":512,"column":20},"end":{"line":512,"column":126}},"270":{"start":{"line":517,"column":12},"end":{"line":534,"column":13}},"271":{"start":{"line":518,"column":16},"end":{"line":532,"column":17}},"272":{"start":{"line":519,"column":20},"end":{"line":519,"column":59}},"273":{"start":{"line":520,"column":20},"end":{"line":531,"column":21}},"274":{"start":{"line":521,"column":24},"end":{"line":521,"column":45}},"275":{"start":{"line":522,"column":43},"end":{"line":522,"column":101}},"276":{"start":{"line":523,"column":38},"end":{"line":523,"column":159}},"277":{"start":{"line":524,"column":24},"end":{"line":524,"column":115}},"278":{"start":{"line":526,"column":43},"end":{"line":526,"column":101}},"279":{"start":{"line":527,"column":38},"end":{"line":527,"column":165}},"280":{"start":{"line":528,"column":24},"end":{"line":528,"column":113}},"281":{"start":{"line":529,"column":24},"end":{"line":529,"column":53}},"282":{"start":{"line":530,"column":24},"end":{"line":530,"column":31}},"283":{"start":{"line":533,"column":16},"end":{"line":533,"column":40}},"284":{"start":{"line":537,"column":8},"end":{"line":681,"column":11}},"285":{"start":{"line":538,"column":12},"end":{"line":553,"column":13}},"286":{"start":{"line":539,"column":16},"end":{"line":550,"column":17}},"287":{"start":{"line":540,"column":20},"end":{"line":543,"column":22}},"288":{"start":{"line":544,"column":36},"end":{"line":544,"column":118}},"289":{"start":{"line":545,"column":34},"end":{"line":548,"column":57}},"290":{"start":{"line":549,"column":20},"end":{"line":549,"column":125}},"291":{"start":{"line":551,"column":16},"end":{"line":551,"column":32}},"292":{"start":{"line":552,"column":16},"end":{"line":552,"column":23}},"293":{"start":{"line":556,"column":32},"end":{"line":561,"column":13}},"294":{"start":{"line":562,"column":12},"end":{"line":562,"column":99}},"295":{"start":{"line":563,"column":12},"end":{"line":563,"column":29}},"296":{"start":{"line":565,"column":12},"end":{"line":565,"column":75}},"297":{"start":{"line":565,"column":47},"end":{"line":565,"column":75}},"298":{"start":{"line":566,"column":32},"end":{"line":566,"column":53}},"299":{"start":{"line":568,"column":48},"end":{"line":571,"column":14}},"300":{"start":{"line":572,"column":30},"end":{"line":572,"column":51}},"301":{"start":{"line":574,"column":37},"end":{"line":574,"column":72}},"302":{"start":{"line":575,"column":37},"end":{"line":575,"column":67}},"303":{"start":{"line":576,"column":37},"end":{"line":576,"column":65}},"304":{"start":{"line":577,"column":37},"end":{"line":577,"column":72}},"305":{"start":{"line":578,"column":37},"end":{"line":578,"column":58}},"306":{"start":{"line":580,"column":30},"end":{"line":580,"column":31}},"307":{"start":{"line":583,"column":12},"end":{"line":649,"column":13}},"308":{"start":{"line":584,"column":36},"end":{"line":584,"column":38}},"309":{"start":{"line":585,"column":16},"end":{"line":608,"column":17}},"310":{"start":{"line":585,"column":29},"end":{"line":585,"column":30}},"311":{"start":{"line":586,"column":35},"end":{"line":586,"column":59}},"312":{"start":{"line":587,"column":35},"end":{"line":587,"column":47}},"313":{"start":{"line":589,"column":20},"end":{"line":607,"column":21}},"314":{"start":{"line":590,"column":24},"end":{"line":590,"column":106}},"315":{"start":{"line":591,"column":27},"end":{"line":607,"column":21}},"316":{"start":{"line":592,"column":42},"end":{"line":592,"column":74}},"317":{"start":{"line":593,"column":24},"end":{"line":593,"column":56}},"318":{"start":{"line":594,"column":42},"end":{"line":594,"column":107}},"319":{"start":{"line":595,"column":24},"end":{"line":595,"column":121}},"320":{"start":{"line":596,"column":27},"end":{"line":607,"column":21}},"321":{"start":{"line":597,"column":24},"end":{"line":597,"column":44}},"322":{"start":{"line":598,"column":24},"end":{"line":598,"column":67}},"323":{"start":{"line":599,"column":27},"end":{"line":607,"column":21}},"324":{"start":{"line":600,"column":24},"end":{"line":600,"column":44}},"325":{"start":{"line":601,"column":24},"end":{"line":601,"column":73}},"326":{"start":{"line":602,"column":27},"end":{"line":607,"column":21}},"327":{"start":{"line":603,"column":24},"end":{"line":603,"column":44}},"328":{"start":{"line":604,"column":24},"end":{"line":604,"column":73}},"329":{"start":{"line":606,"column":24},"end":{"line":606,"column":105}},"330":{"start":{"line":609,"column":28},"end":{"line":609,"column":71}},"331":{"start":{"line":610,"column":16},"end":{"line":610,"column":86}},"332":{"start":{"line":611,"column":16},"end":{"line":611,"column":139}},"333":{"start":{"line":612,"column":16},"end":{"line":612,"column":53}},"334":{"start":{"line":614,"column":36},"end":{"line":614,"column":57}},"335":{"start":{"line":615,"column":36},"end":{"line":615,"column":101}},"336":{"start":{"line":617,"column":16},"end":{"line":648,"column":17}},"337":{"start":{"line":618,"column":38},"end":{"line":618,"column":75}},"338":{"start":{"line":619,"column":20},"end":{"line":619,"column":56}},"339":{"start":{"line":620,"column":20},"end":{"line":620,"column":59}},"340":{"start":{"line":621,"column":20},"end":{"line":621,"column":252}},"341":{"start":{"line":622,"column":20},"end":{"line":622,"column":44}},"342":{"start":{"line":623,"column":23},"end":{"line":648,"column":17}},"343":{"start":{"line":624,"column":38},"end":{"line":624,"column":75}},"344":{"start":{"line":625,"column":20},"end":{"line":625,"column":56}},"345":{"start":{"line":626,"column":20},"end":{"line":626,"column":59}},"346":{"start":{"line":627,"column":20},"end":{"line":627,"column":252}},"347":{"start":{"line":628,"column":20},"end":{"line":628,"column":44}},"348":{"start":{"line":629,"column":23},"end":{"line":648,"column":17}},"349":{"start":{"line":630,"column":20},"end":{"line":630,"column":44}},"350":{"start":{"line":631,"column":20},"end":{"line":631,"column":56}},"351":{"start":{"line":632,"column":20},"end":{"line":632,"column":180}},"352":{"start":{"line":633,"column":20},"end":{"line":633,"column":44}},"353":{"start":{"line":634,"column":23},"end":{"line":648,"column":17}},"354":{"start":{"line":635,"column":20},"end":{"line":635,"column":44}},"355":{"start":{"line":636,"column":20},"end":{"line":636,"column":62}},"356":{"start":{"line":637,"column":20},"end":{"line":637,"column":191}},"357":{"start":{"line":638,"column":20},"end":{"line":638,"column":44}},"358":{"start":{"line":639,"column":23},"end":{"line":648,"column":17}},"359":{"start":{"line":640,"column":20},"end":{"line":640,"column":44}},"360":{"start":{"line":641,"column":20},"end":{"line":641,"column":62}},"361":{"start":{"line":642,"column":20},"end":{"line":642,"column":192}},"362":{"start":{"line":643,"column":20},"end":{"line":643,"column":44}},"363":{"start":{"line":645,"column":20},"end":{"line":645,"column":63}},"364":{"start":{"line":646,"column":20},"end":{"line":646,"column":176}},"365":{"start":{"line":647,"column":20},"end":{"line":647,"column":44}},"366":{"start":{"line":652,"column":12},"end":{"line":660,"column":13}},"367":{"start":{"line":653,"column":40},"end":{"line":653,"column":80}},"368":{"start":{"line":654,"column":16},"end":{"line":659,"column":17}},"369":{"start":{"line":655,"column":20},"end":{"line":655,"column":52}},"370":{"start":{"line":656,"column":20},"end":{"line":656,"column":110}},"371":{"start":{"line":658,"column":20},"end":{"line":658,"column":105}},"372":{"start":{"line":662,"column":12},"end":{"line":665,"column":14}},"373":{"start":{"line":667,"column":30},"end":{"line":667,"column":112}},"374":{"start":{"line":669,"column":12},"end":{"line":678,"column":13}},"375":{"start":{"line":670,"column":35},"end":{"line":670,"column":111}},"376":{"start":{"line":671,"column":30},"end":{"line":671,"column":125}},"377":{"start":{"line":672,"column":16},"end":{"line":672,"column":38}},"378":{"start":{"line":673,"column":16},"end":{"line":673,"column":121}},"379":{"start":{"line":675,"column":30},"end":{"line":676,"column":71}},"380":{"start":{"line":677,"column":16},"end":{"line":677,"column":121}},"381":{"start":{"line":680,"column":12},"end":{"line":680,"column":28}}},"fnMap":{"0":{"name":"(anonymous_0)","decl":{"start":{"line":17,"column":14},"end":{"line":17,"column":15}},"loc":{"start":{"line":17,"column":20},"end":{"line":17,"column":67}},"line":17},"1":{"name":"(anonymous_1)","decl":{"start":{"line":17,"column":32},"end":{"line":17,"column":33}},"loc":{"start":{"line":17,"column":43},"end":{"line":17,"column":66}},"line":17},"2":{"name":"buildDeck","decl":{"start":{"line":22,"column":9},"end":{"line":22,"column":18}},"loc":{"start":{"line":22,"column":21},"end":{"line":32,"column":1}},"line":22},"3":{"name":"cardValue","decl":{"start":{"line":34,"column":9},"end":{"line":34,"column":18}},"loc":{"start":{"line":34,"column":25},"end":{"line":38,"column":1}},"line":34},"4":{"name":"handTotal","decl":{"start":{"line":40,"column":9},"end":{"line":40,"column":18}},"loc":{"start":{"line":40,"column":25},"end":{"line":45,"column":1}},"line":40},"5":{"name":"(anonymous_5)","decl":{"start":{"line":41,"column":28},"end":{"line":41,"column":29}},"loc":{"start":{"line":41,"column":40},"end":{"line":41,"column":58}},"line":41},"6":{"name":"(anonymous_6)","decl":{"start":{"line":42,"column":28},"end":{"line":42,"column":29}},"loc":{"start":{"line":42,"column":33},"end":{"line":42,"column":48}},"line":42},"7":{"name":"displayHand","decl":{"start":{"line":47,"column":9},"end":{"line":47,"column":20}},"loc":{"start":{"line":47,"column":47},"end":{"line":56,"column":1}},"line":47},"8":{"name":"(anonymous_8)","decl":{"start":{"line":49,"column":27},"end":{"line":49,"column":28}},"loc":{"start":{"line":49,"column":37},"end":{"line":53,"column":5}},"line":49},"9":{"name":"(anonymous_9)","decl":{"start":{"line":54,"column":34},"end":{"line":54,"column":35}},"loc":{"start":{"line":54,"column":39},"end":{"line":54,"column":69}},"line":54},"10":{"name":"(anonymous_10)","decl":{"start":{"line":54,"column":49},"end":{"line":54,"column":50}},"loc":{"start":{"line":54,"column":54},"end":{"line":54,"column":58}},"line":54},"11":{"name":"canDoubleDown","decl":{"start":{"line":58,"column":9},"end":{"line":58,"column":22}},"loc":{"start":{"line":58,"column":29},"end":{"line":61,"column":1}},"line":58},"12":{"name":"canSplitHand","decl":{"start":{"line":63,"column":9},"end":{"line":63,"column":21}},"loc":{"start":{"line":63,"column":28},"end":{"line":65,"column":1}},"line":63},"13":{"name":"buildEmbed","decl":{"start":{"line":67,"column":9},"end":{"line":67,"column":19}},"loc":{"start":{"line":67,"column":118},"end":{"line":105,"column":1}},"line":67},"14":{"name":"buildButtons","decl":{"start":{"line":107,"column":9},"end":{"line":107,"column":21}},"loc":{"start":{"line":107,"column":59},"end":{"line":130,"column":1}},"line":107},"15":{"name":"buildDealerRevealEmbed","decl":{"start":{"line":132,"column":9},"end":{"line":132,"column":31}},"loc":{"start":{"line":132,"column":96},"end":{"line":156,"column":1}},"line":132},"16":{"name":"buildFinalEmbed","decl":{"start":{"line":158,"column":9},"end":{"line":158,"column":24}},"loc":{"start":{"line":158,"column":135},"end":{"line":190,"column":1}},"line":158},"17":{"name":"(anonymous_17)","decl":{"start":{"line":195,"column":15},"end":{"line":195,"column":16}},"loc":{"start":{"line":195,"column":22},"end":{"line":201,"column":44}},"line":195},"18":{"name":"(anonymous_18)","decl":{"start":{"line":196,"column":26},"end":{"line":196,"column":27}},"loc":{"start":{"line":197,"column":12},"end":{"line":201,"column":43}},"line":197},"19":{"name":"(anonymous_19)","decl":{"start":{"line":203,"column":4},"end":{"line":203,"column":5}},"loc":{"start":{"line":203,"column":53},"end":{"line":682,"column":5}},"line":203},"20":{"name":"(anonymous_20)","decl":{"start":{"line":228,"column":28},"end":{"line":228,"column":29}},"loc":{"start":{"line":228,"column":41},"end":{"line":228,"column":117}},"line":228},"21":{"name":"(anonymous_21)","decl":{"start":{"line":313,"column":32},"end":{"line":313,"column":33}},"loc":{"start":{"line":313,"column":38},"end":{"line":313,"column":116}},"line":313},"22":{"name":"currentOpts","decl":{"start":{"line":357,"column":17},"end":{"line":357,"column":28}},"loc":{"start":{"line":357,"column":31},"end":{"line":364,"column":9}},"line":357},"23":{"name":"(anonymous_23)","decl":{"start":{"line":373,"column":20},"end":{"line":373,"column":21}},"loc":{"start":{"line":373,"column":25},"end":{"line":376,"column":34}},"line":373},"24":{"name":"(anonymous_24)","decl":{"start":{"line":380,"column":32},"end":{"line":380,"column":33}},"loc":{"start":{"line":380,"column":43},"end":{"line":535,"column":9}},"line":380},"25":{"name":"(anonymous_25)","decl":{"start":{"line":537,"column":28},"end":{"line":537,"column":29}},"loc":{"start":{"line":537,"column":49},"end":{"line":681,"column":9}},"line":537},"26":{"name":"(anonymous_26)","decl":{"start":{"line":549,"column":115},"end":{"line":549,"column":116}},"loc":{"start":{"line":549,"column":121},"end":{"line":549,"column":123}},"line":549},"27":{"name":"(anonymous_27)","decl":{"start":{"line":562,"column":89},"end":{"line":562,"column":90}},"loc":{"start":{"line":562,"column":95},"end":{"line":562,"column":97}},"line":562},"28":{"name":"(anonymous_28)","decl":{"start":{"line":673,"column":111},"end":{"line":673,"column":112}},"loc":{"start":{"line":673,"column":117},"end":{"line":673,"column":119}},"line":673},"29":{"name":"(anonymous_29)","decl":{"start":{"line":677,"column":111},"end":{"line":677,"column":112}},"loc":{"start":{"line":677,"column":117},"end":{"line":677,"column":119}},"line":677}},"branchMap":{"0":{"loc":{"start":{"line":35,"column":4},"end":{"line":35,"column":56}},"type":"if","locations":[{"start":{"line":35,"column":4},"end":{"line":35,"column":56}},{"start":{},"end":{}}],"line":35},"1":{"loc":{"start":{"line":36,"column":4},"end":{"line":36,"column":38}},"type":"if","locations":[{"start":{"line":36,"column":4},"end":{"line":36,"column":38}},{"start":{},"end":{}}],"line":36},"2":{"loc":{"start":{"line":43,"column":11},"end":{"line":43,"column":33}},"type":"binary-expr","locations":[{"start":{"line":43,"column":11},"end":{"line":43,"column":21}},{"start":{"line":43,"column":25},"end":{"line":43,"column":33}}],"line":43},"3":{"loc":{"start":{"line":47,"column":27},"end":{"line":47,"column":45}},"type":"default-arg","locations":[{"start":{"line":47,"column":40},"end":{"line":47,"column":45}}],"line":47},"4":{"loc":{"start":{"line":50,"column":8},"end":{"line":50,"column":79}},"type":"if","locations":[{"start":{"line":50,"column":8},"end":{"line":50,"column":79}},{"start":{},"end":{}}],"line":50},"5":{"loc":{"start":{"line":50,"column":12},"end":{"line":50,"column":33}},"type":"binary-expr","locations":[{"start":{"line":50,"column":12},"end":{"line":50,"column":22}},{"start":{"line":50,"column":26},"end":{"line":50,"column":33}}],"line":50},"6":{"loc":{"start":{"line":60,"column":11},"end":{"line":60,"column":77}},"type":"binary-expr","locations":[{"start":{"line":60,"column":11},"end":{"line":60,"column":28}},{"start":{"line":60,"column":33},"end":{"line":60,"column":44}},{"start":{"line":60,"column":48},"end":{"line":60,"column":60}},{"start":{"line":60,"column":64},"end":{"line":60,"column":76}}],"line":60},"7":{"loc":{"start":{"line":64,"column":11},"end":{"line":64,"column":73}},"type":"binary-expr","locations":[{"start":{"line":64,"column":11},"end":{"line":64,"column":28}},{"start":{"line":64,"column":32},"end":{"line":64,"column":73}}],"line":64},"8":{"loc":{"start":{"line":67,"column":99},"end":{"line":67,"column":116}},"type":"default-arg","locations":[{"start":{"line":67,"column":112},"end":{"line":67,"column":116}}],"line":67},"9":{"loc":{"start":{"line":68,"column":24},"end":{"line":68,"column":85}},"type":"cond-expr","locations":[{"start":{"line":68,"column":37},"end":{"line":68,"column":61}},{"start":{"line":68,"column":64},"end":{"line":68,"column":85}}],"line":68},"10":{"loc":{"start":{"line":72,"column":18},"end":{"line":72,"column":78}},"type":"binary-expr","locations":[{"start":{"line":72,"column":18},"end":{"line":72,"column":49}},{"start":{"line":72,"column":53},"end":{"line":72,"column":78}}],"line":72},"11":{"loc":{"start":{"line":82,"column":4},"end":{"line":102,"column":5}},"type":"if","locations":[{"start":{"line":82,"column":4},"end":{"line":102,"column":5}},{"start":{"line":96,"column":11},"end":{"line":102,"column":5}}],"line":82},"12":{"loc":{"start":{"line":87,"column":12},"end":{"line":89,"column":61}},"type":"if","locations":[{"start":{"line":87,"column":12},"end":{"line":89,"column":61}},{"start":{"line":88,"column":17},"end":{"line":89,"column":61}}],"line":87},"13":{"loc":{"start":{"line":88,"column":17},"end":{"line":89,"column":61}},"type":"if","locations":[{"start":{"line":88,"column":17},"end":{"line":89,"column":61}},{"start":{"line":89,"column":44},"end":{"line":89,"column":61}}],"line":88},"14":{"loc":{"start":{"line":107,"column":30},"end":{"line":107,"column":46}},"type":"default-arg","locations":[{"start":{"line":107,"column":41},"end":{"line":107,"column":46}}],"line":107},"15":{"loc":{"start":{"line":107,"column":48},"end":{"line":107,"column":57}},"type":"default-arg","locations":[{"start":{"line":107,"column":55},"end":{"line":107,"column":57}}],"line":107},"16":{"loc":{"start":{"line":109,"column":8},"end":{"line":109,"column":25}},"type":"default-arg","locations":[{"start":{"line":109,"column":20},"end":{"line":109,"column":25}}],"line":109},"17":{"loc":{"start":{"line":110,"column":8},"end":{"line":110,"column":24}},"type":"default-arg","locations":[{"start":{"line":110,"column":19},"end":{"line":110,"column":24}}],"line":110},"18":{"loc":{"start":{"line":111,"column":8},"end":{"line":111,"column":28}},"type":"default-arg","locations":[{"start":{"line":111,"column":23},"end":{"line":111,"column":28}}],"line":111},"19":{"loc":{"start":{"line":120,"column":4},"end":{"line":124,"column":5}},"type":"if","locations":[{"start":{"line":120,"column":4},"end":{"line":124,"column":5}},{"start":{},"end":{}}],"line":120},"20":{"loc":{"start":{"line":121,"column":8},"end":{"line":121,"column":156}},"type":"if","locations":[{"start":{"line":121,"column":8},"end":{"line":121,"column":156}},{"start":{},"end":{}}],"line":121},"21":{"loc":{"start":{"line":122,"column":8},"end":{"line":122,"column":150}},"type":"if","locations":[{"start":{"line":122,"column":8},"end":{"line":122,"column":150}},{"start":{},"end":{}}],"line":122},"22":{"loc":{"start":{"line":123,"column":8},"end":{"line":123,"column":158}},"type":"if","locations":[{"start":{"line":123,"column":8},"end":{"line":123,"column":158}},{"start":{},"end":{}}],"line":123},"23":{"loc":{"start":{"line":126,"column":4},"end":{"line":128,"column":5}},"type":"if","locations":[{"start":{"line":126,"column":4},"end":{"line":128,"column":5}},{"start":{},"end":{}}],"line":126},"24":{"loc":{"start":{"line":137,"column":27},"end":{"line":137,"column":87}},"type":"binary-expr","locations":[{"start":{"line":137,"column":27},"end":{"line":137,"column":58}},{"start":{"line":137,"column":62},"end":{"line":137,"column":87}}],"line":137},"25":{"loc":{"start":{"line":146,"column":4},"end":{"line":153,"column":5}},"type":"if","locations":[{"start":{"line":146,"column":4},"end":{"line":153,"column":5}},{"start":{"line":151,"column":11},"end":{"line":153,"column":5}}],"line":146},"26":{"loc":{"start":{"line":151,"column":11},"end":{"line":153,"column":5}},"type":"if","locations":[{"start":{"line":151,"column":11},"end":{"line":153,"column":5}},{"start":{},"end":{}}],"line":151},"27":{"loc":{"start":{"line":161,"column":24},"end":{"line":161,"column":79}},"type":"cond-expr","locations":[{"start":{"line":161,"column":41},"end":{"line":161,"column":62}},{"start":{"line":161,"column":65},"end":{"line":161,"column":79}}],"line":161},"28":{"loc":{"start":{"line":164,"column":27},"end":{"line":164,"column":87}},"type":"binary-expr","locations":[{"start":{"line":164,"column":27},"end":{"line":164,"column":58}},{"start":{"line":164,"column":62},"end":{"line":164,"column":87}}],"line":164},"29":{"loc":{"start":{"line":168,"column":24},"end":{"line":168,"column":63}},"type":"cond-expr","locations":[{"start":{"line":168,"column":38},"end":{"line":168,"column":56}},{"start":{"line":168,"column":59},"end":{"line":168,"column":63}}],"line":168},"30":{"loc":{"start":{"line":172,"column":4},"end":{"line":183,"column":5}},"type":"if","locations":[{"start":{"line":172,"column":4},"end":{"line":183,"column":5}},{"start":{"line":178,"column":11},"end":{"line":183,"column":5}}],"line":172},"31":{"loc":{"start":{"line":178,"column":11},"end":{"line":183,"column":5}},"type":"if","locations":[{"start":{"line":178,"column":11},"end":{"line":183,"column":5}},{"start":{},"end":{}}],"line":178},"32":{"loc":{"start":{"line":185,"column":4},"end":{"line":187,"column":5}},"type":"if","locations":[{"start":{"line":185,"column":4},"end":{"line":187,"column":5}},{"start":{},"end":{}}],"line":185},"33":{"loc":{"start":{"line":203,"column":31},"end":{"line":203,"column":51}},"type":"default-arg","locations":[{"start":{"line":203,"column":49},"end":{"line":203,"column":51}}],"line":203},"34":{"loc":{"start":{"line":205,"column":8},"end":{"line":208,"column":9}},"type":"if","locations":[{"start":{"line":205,"column":8},"end":{"line":208,"column":9}},{"start":{},"end":{}}],"line":205},"35":{"loc":{"start":{"line":205,"column":12},"end":{"line":205,"column":157}},"type":"binary-expr","locations":[{"start":{"line":205,"column":12},"end":{"line":205,"column":53}},{"start":{"line":205,"column":57},"end":{"line":205,"column":103}},{"start":{"line":205,"column":107},"end":{"line":205,"column":157}}],"line":205},"36":{"loc":{"start":{"line":210,"column":29},"end":{"line":210,"column":69}},"type":"binary-expr","locations":[{"start":{"line":210,"column":29},"end":{"line":210,"column":61}},{"start":{"line":210,"column":65},"end":{"line":210,"column":69}}],"line":210},"37":{"loc":{"start":{"line":212,"column":29},"end":{"line":212,"column":70}},"type":"binary-expr","locations":[{"start":{"line":212,"column":29},"end":{"line":212,"column":65}},{"start":{"line":212,"column":69},"end":{"line":212,"column":70}}],"line":212},"38":{"loc":{"start":{"line":213,"column":8},"end":{"line":216,"column":9}},"type":"if","locations":[{"start":{"line":213,"column":8},"end":{"line":216,"column":9}},{"start":{},"end":{}}],"line":213},"39":{"loc":{"start":{"line":213,"column":12},"end":{"line":213,"column":50}},"type":"binary-expr","locations":[{"start":{"line":213,"column":12},"end":{"line":213,"column":28}},{"start":{"line":213,"column":32},"end":{"line":213,"column":50}}],"line":213},"40":{"loc":{"start":{"line":219,"column":8},"end":{"line":219,"column":108}},"type":"if","locations":[{"start":{"line":219,"column":8},"end":{"line":219,"column":108}},{"start":{},"end":{}}],"line":219},"41":{"loc":{"start":{"line":221,"column":8},"end":{"line":224,"column":9}},"type":"if","locations":[{"start":{"line":221,"column":8},"end":{"line":224,"column":9}},{"start":{},"end":{}}],"line":221},"42":{"loc":{"start":{"line":227,"column":8},"end":{"line":227,"column":56}},"type":"if","locations":[{"start":{"line":227,"column":8},"end":{"line":227,"column":56}},{"start":{},"end":{}}],"line":227},"43":{"loc":{"start":{"line":228,"column":41},"end":{"line":228,"column":117}},"type":"cond-expr","locations":[{"start":{"line":228,"column":58},"end":{"line":228,"column":88}},{"start":{"line":228,"column":91},"end":{"line":228,"column":117}}],"line":228},"44":{"loc":{"start":{"line":236,"column":8},"end":{"line":239,"column":9}},"type":"if","locations":[{"start":{"line":236,"column":8},"end":{"line":239,"column":9}},{"start":{},"end":{}}],"line":236},"45":{"loc":{"start":{"line":248,"column":8},"end":{"line":284,"column":9}},"type":"if","locations":[{"start":{"line":248,"column":8},"end":{"line":284,"column":9}},{"start":{},"end":{}}],"line":248},"46":{"loc":{"start":{"line":249,"column":12},"end":{"line":259,"column":13}},"type":"if","locations":[{"start":{"line":249,"column":12},"end":{"line":259,"column":13}},{"start":{},"end":{}}],"line":249},"47":{"loc":{"start":{"line":256,"column":91},"end":{"line":256,"column":124}},"type":"binary-expr","locations":[{"start":{"line":256,"column":91},"end":{"line":256,"column":108}},{"start":{"line":256,"column":112},"end":{"line":256,"column":124}}],"line":256},"48":{"loc":{"start":{"line":268,"column":30},"end":{"line":268,"column":123}},"type":"cond-expr","locations":[{"start":{"line":268,"column":66},"end":{"line":268,"column":118}},{"start":{"line":268,"column":121},"end":{"line":268,"column":123}}],"line":268},"49":{"loc":{"start":{"line":270,"column":35},"end":{"line":270,"column":95}},"type":"binary-expr","locations":[{"start":{"line":270,"column":35},"end":{"line":270,"column":66}},{"start":{"line":270,"column":70},"end":{"line":270,"column":95}}],"line":270},"50":{"loc":{"start":{"line":278,"column":61},"end":{"line":278,"column":95}},"type":"binary-expr","locations":[{"start":{"line":278,"column":61},"end":{"line":278,"column":79}},{"start":{"line":278,"column":83},"end":{"line":278,"column":95}}],"line":278},"51":{"loc":{"start":{"line":290,"column":8},"end":{"line":343,"column":9}},"type":"if","locations":[{"start":{"line":290,"column":8},"end":{"line":343,"column":9}},{"start":{},"end":{}}],"line":290},"52":{"loc":{"start":{"line":290,"column":12},"end":{"line":290,"column":58}},"type":"binary-expr","locations":[{"start":{"line":290,"column":12},"end":{"line":290,"column":26}},{"start":{"line":290,"column":30},"end":{"line":290,"column":58}}],"line":290},"53":{"loc":{"start":{"line":294,"column":20},"end":{"line":297,"column":55}},"type":"cond-expr","locations":[{"start":{"line":294,"column":40},"end":{"line":297,"column":50}},{"start":{"line":297,"column":53},"end":{"line":297,"column":55}}],"line":294},"54":{"loc":{"start":{"line":301,"column":20},"end":{"line":303,"column":49}},"type":"cond-expr","locations":[{"start":{"line":302,"column":26},"end":{"line":302,"column":117}},{"start":{"line":303,"column":26},"end":{"line":303,"column":49}}],"line":301},"55":{"loc":{"start":{"line":309,"column":12},"end":{"line":326,"column":13}},"type":"if","locations":[{"start":{"line":309,"column":12},"end":{"line":326,"column":13}},{"start":{},"end":{}}],"line":309},"56":{"loc":{"start":{"line":313,"column":38},"end":{"line":313,"column":116}},"type":"binary-expr","locations":[{"start":{"line":313,"column":38},"end":{"line":313,"column":72}},{"start":{"line":313,"column":76},"end":{"line":313,"column":116}}],"line":313},"57":{"loc":{"start":{"line":322,"column":20},"end":{"line":322,"column":70}},"type":"if","locations":[{"start":{"line":322,"column":20},"end":{"line":322,"column":70}},{"start":{},"end":{}}],"line":322},"58":{"loc":{"start":{"line":330,"column":12},"end":{"line":333,"column":13}},"type":"if","locations":[{"start":{"line":330,"column":12},"end":{"line":333,"column":13}},{"start":{},"end":{}}],"line":330},"59":{"loc":{"start":{"line":334,"column":12},"end":{"line":339,"column":13}},"type":"if","locations":[{"start":{"line":334,"column":12},"end":{"line":339,"column":13}},{"start":{},"end":{}}],"line":334},"60":{"loc":{"start":{"line":350,"column":33},"end":{"line":350,"column":68}},"type":"binary-expr","locations":[{"start":{"line":350,"column":33},"end":{"line":350,"column":47}},{"start":{"line":350,"column":51},"end":{"line":350,"column":68}}],"line":350},"61":{"loc":{"start":{"line":358,"column":12},"end":{"line":358,"column":39}},"type":"if","locations":[{"start":{"line":358,"column":12},"end":{"line":358,"column":39}},{"start":{},"end":{}}],"line":358},"62":{"loc":{"start":{"line":373,"column":25},"end":{"line":376,"column":34}},"type":"binary-expr","locations":[{"start":{"line":373,"column":25},"end":{"line":373,"column":58}},{"start":{"line":373,"column":62},"end":{"line":376,"column":34}}],"line":373},"63":{"loc":{"start":{"line":384,"column":12},"end":{"line":397,"column":13}},"type":"if","locations":[{"start":{"line":384,"column":12},"end":{"line":397,"column":13}},{"start":{},"end":{}}],"line":384},"64":{"loc":{"start":{"line":391,"column":16},"end":{"line":391,"column":58}},"type":"if","locations":[{"start":{"line":391,"column":16},"end":{"line":391,"column":58}},{"start":{},"end":{}}],"line":391},"65":{"loc":{"start":{"line":392,"column":34},"end":{"line":394,"column":71}},"type":"cond-expr","locations":[{"start":{"line":393,"column":22},"end":{"line":393,"column":102}},{"start":{"line":394,"column":22},"end":{"line":394,"column":71}}],"line":392},"66":{"loc":{"start":{"line":400,"column":12},"end":{"line":427,"column":13}},"type":"if","locations":[{"start":{"line":400,"column":12},"end":{"line":427,"column":13}},{"start":{},"end":{}}],"line":400},"67":{"loc":{"start":{"line":408,"column":16},"end":{"line":411,"column":17}},"type":"if","locations":[{"start":{"line":408,"column":16},"end":{"line":411,"column":17}},{"start":{},"end":{}}],"line":408},"68":{"loc":{"start":{"line":415,"column":16},"end":{"line":422,"column":17}},"type":"if","locations":[{"start":{"line":415,"column":16},"end":{"line":422,"column":17}},{"start":{},"end":{}}],"line":415},"69":{"loc":{"start":{"line":420,"column":35},"end":{"line":420,"column":57}},"type":"binary-expr","locations":[{"start":{"line":420,"column":35},"end":{"line":420,"column":52}},{"start":{"line":420,"column":56},"end":{"line":420,"column":57}}],"line":420},"70":{"loc":{"start":{"line":430,"column":12},"end":{"line":462,"column":13}},"type":"if","locations":[{"start":{"line":430,"column":12},"end":{"line":462,"column":13}},{"start":{},"end":{}}],"line":430},"71":{"loc":{"start":{"line":438,"column":16},"end":{"line":441,"column":17}},"type":"if","locations":[{"start":{"line":438,"column":16},"end":{"line":441,"column":17}},{"start":{},"end":{}}],"line":438},"72":{"loc":{"start":{"line":450,"column":16},"end":{"line":457,"column":17}},"type":"if","locations":[{"start":{"line":450,"column":16},"end":{"line":457,"column":17}},{"start":{},"end":{}}],"line":450},"73":{"loc":{"start":{"line":465,"column":12},"end":{"line":514,"column":13}},"type":"if","locations":[{"start":{"line":465,"column":12},"end":{"line":514,"column":13}},{"start":{},"end":{}}],"line":465},"74":{"loc":{"start":{"line":466,"column":16},"end":{"line":490,"column":17}},"type":"if","locations":[{"start":{"line":466,"column":16},"end":{"line":490,"column":17}},{"start":{},"end":{}}],"line":466},"75":{"loc":{"start":{"line":470,"column":20},"end":{"line":485,"column":21}},"type":"if","locations":[{"start":{"line":470,"column":20},"end":{"line":485,"column":21}},{"start":{},"end":{}}],"line":470},"76":{"loc":{"start":{"line":470,"column":24},"end":{"line":470,"column":50}},"type":"binary-expr","locations":[{"start":{"line":470,"column":24},"end":{"line":470,"column":34}},{"start":{"line":470,"column":38},"end":{"line":470,"column":50}}],"line":470},"77":{"loc":{"start":{"line":472,"column":24},"end":{"line":484,"column":25}},"type":"if","locations":[{"start":{"line":472,"column":24},"end":{"line":484,"column":25}},{"start":{"line":478,"column":31},"end":{"line":484,"column":25}}],"line":472},"78":{"loc":{"start":{"line":475,"column":42},"end":{"line":475,"column":127}},"type":"cond-expr","locations":[{"start":{"line":475,"column":55},"end":{"line":475,"column":89}},{"start":{"line":475,"column":92},"end":{"line":475,"column":127}}],"line":475},"79":{"loc":{"start":{"line":496,"column":16},"end":{"line":503,"column":17}},"type":"if","locations":[{"start":{"line":496,"column":16},"end":{"line":503,"column":17}},{"start":{},"end":{}}],"line":496},"80":{"loc":{"start":{"line":501,"column":35},"end":{"line":501,"column":58}},"type":"binary-expr","locations":[{"start":{"line":501,"column":35},"end":{"line":501,"column":53}},{"start":{"line":501,"column":57},"end":{"line":501,"column":58}}],"line":501},"81":{"loc":{"start":{"line":508,"column":16},"end":{"line":513,"column":17}},"type":"if","locations":[{"start":{"line":508,"column":16},"end":{"line":513,"column":17}},{"start":{"line":510,"column":23},"end":{"line":513,"column":17}}],"line":508},"82":{"loc":{"start":{"line":517,"column":12},"end":{"line":534,"column":13}},"type":"if","locations":[{"start":{"line":517,"column":12},"end":{"line":534,"column":13}},{"start":{},"end":{}}],"line":517},"83":{"loc":{"start":{"line":518,"column":16},"end":{"line":532,"column":17}},"type":"if","locations":[{"start":{"line":518,"column":16},"end":{"line":532,"column":17}},{"start":{},"end":{}}],"line":518},"84":{"loc":{"start":{"line":520,"column":20},"end":{"line":531,"column":21}},"type":"if","locations":[{"start":{"line":520,"column":20},"end":{"line":531,"column":21}},{"start":{"line":525,"column":27},"end":{"line":531,"column":21}}],"line":520},"85":{"loc":{"start":{"line":538,"column":12},"end":{"line":553,"column":13}},"type":"if","locations":[{"start":{"line":538,"column":12},"end":{"line":553,"column":13}},{"start":{},"end":{}}],"line":538},"86":{"loc":{"start":{"line":539,"column":16},"end":{"line":550,"column":17}},"type":"if","locations":[{"start":{"line":539,"column":16},"end":{"line":550,"column":17}},{"start":{},"end":{}}],"line":539},"87":{"loc":{"start":{"line":539,"column":20},"end":{"line":539,"column":80}},"type":"binary-expr","locations":[{"start":{"line":539,"column":20},"end":{"line":539,"column":36}},{"start":{"line":539,"column":40},"end":{"line":539,"column":80}}],"line":539},"88":{"loc":{"start":{"line":548,"column":35},"end":{"line":548,"column":56}},"type":"binary-expr","locations":[{"start":{"line":548,"column":35},"end":{"line":548,"column":51}},{"start":{"line":548,"column":55},"end":{"line":548,"column":56}}],"line":548},"89":{"loc":{"start":{"line":558,"column":16},"end":{"line":558,"column":47}},"type":"cond-expr","locations":[{"start":{"line":558,"column":30},"end":{"line":558,"column":34}},{"start":{"line":558,"column":37},"end":{"line":558,"column":47}}],"line":558},"90":{"loc":{"start":{"line":559,"column":16},"end":{"line":559,"column":47}},"type":"cond-expr","locations":[{"start":{"line":559,"column":30},"end":{"line":559,"column":40}},{"start":{"line":559,"column":43},"end":{"line":559,"column":47}}],"line":559},"91":{"loc":{"start":{"line":572,"column":30},"end":{"line":572,"column":51}},"type":"binary-expr","locations":[{"start":{"line":572,"column":30},"end":{"line":572,"column":43}},{"start":{"line":572,"column":47},"end":{"line":572,"column":51}}],"line":572},"92":{"loc":{"start":{"line":583,"column":12},"end":{"line":649,"column":13}},"type":"if","locations":[{"start":{"line":583,"column":12},"end":{"line":649,"column":13}},{"start":{"line":613,"column":19},"end":{"line":649,"column":13}}],"line":583},"93":{"loc":{"start":{"line":589,"column":20},"end":{"line":607,"column":21}},"type":"if","locations":[{"start":{"line":589,"column":20},"end":{"line":607,"column":21}},{"start":{"line":591,"column":27},"end":{"line":607,"column":21}}],"line":589},"94":{"loc":{"start":{"line":591,"column":27},"end":{"line":607,"column":21}},"type":"if","locations":[{"start":{"line":591,"column":27},"end":{"line":607,"column":21}},{"start":{"line":596,"column":27},"end":{"line":607,"column":21}}],"line":591},"95":{"loc":{"start":{"line":591,"column":31},"end":{"line":591,"column":71}},"type":"binary-expr","locations":[{"start":{"line":591,"column":31},"end":{"line":591,"column":47}},{"start":{"line":591,"column":51},"end":{"line":591,"column":71}}],"line":591},"96":{"loc":{"start":{"line":594,"column":42},"end":{"line":594,"column":107}},"type":"cond-expr","locations":[{"start":{"line":594,"column":64},"end":{"line":594,"column":102}},{"start":{"line":594,"column":105},"end":{"line":594,"column":107}}],"line":594},"97":{"loc":{"start":{"line":596,"column":27},"end":{"line":607,"column":21}},"type":"if","locations":[{"start":{"line":596,"column":27},"end":{"line":607,"column":21}},{"start":{"line":599,"column":27},"end":{"line":607,"column":21}}],"line":596},"98":{"loc":{"start":{"line":599,"column":27},"end":{"line":607,"column":21}},"type":"if","locations":[{"start":{"line":599,"column":27},"end":{"line":607,"column":21}},{"start":{"line":602,"column":27},"end":{"line":607,"column":21}}],"line":599},"99":{"loc":{"start":{"line":599,"column":31},"end":{"line":599,"column":93}},"type":"binary-expr","locations":[{"start":{"line":599,"column":31},"end":{"line":599,"column":54}},{"start":{"line":599,"column":58},"end":{"line":599,"column":69}},{"start":{"line":599,"column":73},"end":{"line":599,"column":93}}],"line":599},"100":{"loc":{"start":{"line":602,"column":27},"end":{"line":607,"column":21}},"type":"if","locations":[{"start":{"line":602,"column":27},"end":{"line":607,"column":21}},{"start":{"line":605,"column":27},"end":{"line":607,"column":21}}],"line":602},"101":{"loc":{"start":{"line":602,"column":31},"end":{"line":602,"column":114}},"type":"binary-expr","locations":[{"start":{"line":602,"column":31},"end":{"line":602,"column":54}},{"start":{"line":602,"column":58},"end":{"line":602,"column":78}},{"start":{"line":602,"column":82},"end":{"line":602,"column":114}}],"line":602},"102":{"loc":{"start":{"line":610,"column":30},"end":{"line":610,"column":85}},"type":"cond-expr","locations":[{"start":{"line":610,"column":40},"end":{"line":610,"column":49}},{"start":{"line":610,"column":52},"end":{"line":610,"column":85}}],"line":610},"103":{"loc":{"start":{"line":610,"column":52},"end":{"line":610,"column":85}},"type":"cond-expr","locations":[{"start":{"line":610,"column":64},"end":{"line":610,"column":73}},{"start":{"line":610,"column":76},"end":{"line":610,"column":85}}],"line":610},"104":{"loc":{"start":{"line":611,"column":30},"end":{"line":611,"column":138}},"type":"cond-expr","locations":[{"start":{"line":611,"column":40},"end":{"line":611,"column":66}},{"start":{"line":611,"column":69},"end":{"line":611,"column":138}}],"line":611},"105":{"loc":{"start":{"line":611,"column":69},"end":{"line":611,"column":138}},"type":"cond-expr","locations":[{"start":{"line":611,"column":81},"end":{"line":611,"column":108}},{"start":{"line":611,"column":111},"end":{"line":611,"column":138}}],"line":611},"106":{"loc":{"start":{"line":615,"column":36},"end":{"line":615,"column":101}},"type":"cond-expr","locations":[{"start":{"line":615,"column":58},"end":{"line":615,"column":96}},{"start":{"line":615,"column":99},"end":{"line":615,"column":101}}],"line":615},"107":{"loc":{"start":{"line":617,"column":16},"end":{"line":648,"column":17}},"type":"if","locations":[{"start":{"line":617,"column":16},"end":{"line":648,"column":17}},{"start":{"line":623,"column":23},"end":{"line":648,"column":17}}],"line":617},"108":{"loc":{"start":{"line":623,"column":23},"end":{"line":648,"column":17}},"type":"if","locations":[{"start":{"line":623,"column":23},"end":{"line":648,"column":17}},{"start":{"line":629,"column":23},"end":{"line":648,"column":17}}],"line":623},"109":{"loc":{"start":{"line":629,"column":23},"end":{"line":648,"column":17}},"type":"if","locations":[{"start":{"line":629,"column":23},"end":{"line":648,"column":17}},{"start":{"line":634,"column":23},"end":{"line":648,"column":17}}],"line":629},"110":{"loc":{"start":{"line":634,"column":23},"end":{"line":648,"column":17}},"type":"if","locations":[{"start":{"line":634,"column":23},"end":{"line":648,"column":17}},{"start":{"line":639,"column":23},"end":{"line":648,"column":17}}],"line":634},"111":{"loc":{"start":{"line":634,"column":27},"end":{"line":634,"column":94}},"type":"binary-expr","locations":[{"start":{"line":634,"column":27},"end":{"line":634,"column":55}},{"start":{"line":634,"column":59},"end":{"line":634,"column":70}},{"start":{"line":634,"column":74},"end":{"line":634,"column":94}}],"line":634},"112":{"loc":{"start":{"line":639,"column":23},"end":{"line":648,"column":17}},"type":"if","locations":[{"start":{"line":639,"column":23},"end":{"line":648,"column":17}},{"start":{"line":644,"column":23},"end":{"line":648,"column":17}}],"line":639},"113":{"loc":{"start":{"line":639,"column":27},"end":{"line":639,"column":115}},"type":"binary-expr","locations":[{"start":{"line":639,"column":27},"end":{"line":639,"column":55}},{"start":{"line":639,"column":59},"end":{"line":639,"column":79}},{"start":{"line":639,"column":83},"end":{"line":639,"column":115}}],"line":639},"114":{"loc":{"start":{"line":652,"column":12},"end":{"line":660,"column":13}},"type":"if","locations":[{"start":{"line":652,"column":12},"end":{"line":660,"column":13}},{"start":{},"end":{}}],"line":652},"115":{"loc":{"start":{"line":654,"column":16},"end":{"line":659,"column":17}},"type":"if","locations":[{"start":{"line":654,"column":16},"end":{"line":659,"column":17}},{"start":{"line":657,"column":23},"end":{"line":659,"column":17}}],"line":654},"116":{"loc":{"start":{"line":669,"column":12},"end":{"line":678,"column":13}},"type":"if","locations":[{"start":{"line":669,"column":12},"end":{"line":678,"column":13}},{"start":{"line":674,"column":19},"end":{"line":678,"column":13}}],"line":669},"117":{"loc":{"start":{"line":676,"column":47},"end":{"line":676,"column":70}},"type":"binary-expr","locations":[{"start":{"line":676,"column":47},"end":{"line":676,"column":65}},{"start":{"line":676,"column":69},"end":{"line":676,"column":70}}],"line":676}},"s":{"0":1,"1":1,"2":1,"3":1,"4":1,"5":1,"6":1,"7":1,"8":1,"9":0,"10":0,"11":1,"12":1,"13":0,"14":0,"15":0,"16":0,"17":0,"18":0,"19":0,"20":0,"21":0,"22":0,"23":0,"24":0,"25":0,"26":0,"27":0,"28":0,"29":0,"30":0,"31":0,"32":0,"33":0,"34":0,"35":0,"36":0,"37":0,"38":0,"39":0,"40":0,"41":0,"42":0,"43":0,"44":0,"45":0,"46":0,"47":0,"48":0,"49":0,"50":0,"51":0,"52":0,"53":0,"54":0,"55":0,"56":0,"57":0,"58":0,"59":0,"60":0,"61":0,"62":0,"63":0,"64":0,"65":0,"66":0,"67":0,"68":0,"69":0,"70":0,"71":0,"72":0,"73":0,"74":0,"75":0,"76":0,"77":0,"78":0,"79":0,"80":0,"81":0,"82":0,"83":0,"84":0,"85":0,"86":0,"87":0,"88":0,"89":0,"90":0,"91":0,"92":0,"93":0,"94":0,"95":1,"96":0,"97":0,"98":6,"99":6,"100":0,"101":0,"102":6,"103":6,"104":6,"105":6,"106":0,"107":0,"108":6,"109":6,"110":0,"111":6,"112":0,"113":0,"114":6,"115":6,"116":0,"117":0,"118":6,"119":0,"120":6,"121":6,"122":6,"123":6,"124":0,"125":0,"126":0,"127":0,"128":0,"129":0,"130":0,"131":0,"132":0,"133":0,"134":0,"135":0,"136":0,"137":0,"138":0,"139":0,"140":0,"141":0,"142":0,"143":0,"144":0,"145":0,"146":0,"147":0,"148":0,"149":0,"150":0,"151":0,"152":0,"153":0,"154":0,"155":0,"156":0,"157":0,"158":0,"159":0,"160":0,"161":0,"162":0,"163":0,"164":0,"165":0,"166":0,"167":0,"168":0,"169":0,"170":0,"171":0,"172":0,"173":0,"174":0,"175":0,"176":0,"177":0,"178":0,"179":0,"180":0,"181":0,"182":0,"183":0,"184":0,"185":0,"186":0,"187":0,"188":0,"189":0,"190":0,"191":0,"192":0,"193":0,"194":0,"195":0,"196":0,"197":0,"198":0,"199":0,"200":0,"201":0,"202":0,"203":0,"204":0,"205":0,"206":0,"207":0,"208":0,"209":0,"210":0,"211":0,"212":0,"213":0,"214":0,"215":0,"216":0,"217":0,"218":0,"219":0,"220":0,"221":0,"222":0,"223":0,"224":0,"225":0,"226":0,"227":0,"228":0,"229":0,"230":0,"231":0,"232":0,"233":0,"234":0,"235":0,"236":0,"237":0,"238":0,"239":0,"240":0,"241":0,"242":0,"243":0,"244":0,"245":0,"246":0,"247":0,"248":0,"249":0,"250":0,"251":0,"252":0,"253":0,"254":0,"255":0,"256":0,"257":0,"258":0,"259":0,"260":0,"261":0,"262":0,"263":0,"264":0,"265":0,"266":0,"267":0,"268":0,"269":0,"270":0,"271":0,"272":0,"273":0,"274":0,"275":0,"276":0,"277":0,"278":0,"279":0,"280":0,"281":0,"282":0,"283":0,"284":0,"285":0,"286":0,"287":0,"288":0,"289":0,"290":0,"291":0,"292":0,"293":0,"294":0,"295":0,"296":0,"297":0,"298":0,"299":0,"300":0,"301":0,"302":0,"303":0,"304":0,"305":0,"306":0,"307":0,"308":0,"309":0,"310":0,"311":0,"312":0,"313":0,"314":0,"315":0,"316":0,"317":0,"318":0,"319":0,"320":0,"321":0,"322":0,"323":0,"324":0,"325":0,"326":0,"327":0,"328":0,"329":0,"330":0,"331":0,"332":0,"333":0,"334":0,"335":0,"336":0,"337":0,"338":0,"339":0,"340":0,"341":0,"342":0,"343":0,"344":0,"345":0,"346":0,"347":0,"348":0,"349":0,"350":0,"351":0,"352":0,"353":0,"354":0,"355":0,"356":0,"357":0,"358":0,"359":0,"360":0,"361":0,"362":0,"363":0,"364":0,"365":0,"366":0,"367":0,"368":0,"369":0,"370":0,"371":0,"372":0,"373":0,"374":0,"375":0,"376":0,"377":0,"378":0,"379":0,"380":0,"381":0},"f":{"0":0,"1":0,"2":0,"3":0,"4":0,"5":0,"6":0,"7":0,"8":0,"9":0,"10":0,"11":0,"12":0,"13":0,"14":0,"15":0,"16":0,"17":0,"18":0,"19":6,"20":0,"21":0,"22":0,"23":0,"24":0,"25":0,"26":0,"27":0,"28":0,"29":0},"b":{"0":[0,0],"1":[0,0],"2":[0,0],"3":[0],"4":[0,0],"5":[0,0],"6":[0,0,0,0],"7":[0,0],"8":[0],"9":[0,0],"10":[0,0],"11":[0,0],"12":[0,0],"13":[0,0],"14":[0],"15":[0],"16":[0],"17":[0],"18":[0],"19":[0,0],"20":[0,0],"21":[0,0],"22":[0,0],"23":[0,0],"24":[0,0],"25":[0,0],"26":[0,0],"27":[0,0],"28":[0,0],"29":[0,0],"30":[0,0],"31":[0,0],"32":[0,0],"33":[0],"34":[0,6],"35":[6,6,6],"36":[6,6],"37":[6,6],"38":[0,6],"39":[6,0],"40":[0,6],"41":[0,6],"42":[0,6],"43":[0,0],"44":[6,0],"45":[0,0],"46":[0,0],"47":[0,0],"48":[0,0],"49":[0,0],"50":[0,0],"51":[0,0],"52":[0,0],"53":[0,0],"54":[0,0],"55":[0,0],"56":[0,0],"57":[0,0],"58":[0,0],"59":[0,0],"60":[0,0],"61":[0,0],"62":[0,0],"63":[0,0],"64":[0,0],"65":[0,0],"66":[0,0],"67":[0,0],"68":[0,0],"69":[0,0],"70":[0,0],"71":[0,0],"72":[0,0],"73":[0,0],"74":[0,0],"75":[0,0],"76":[0,0],"77":[0,0],"78":[0,0],"79":[0,0],"80":[0,0],"81":[0,0],"82":[0,0],"83":[0,0],"84":[0,0],"85":[0,0],"86":[0,0],"87":[0,0],"88":[0,0],"89":[0,0],"90":[0,0],"91":[0,0],"92":[0,0],"93":[0,0],"94":[0,0],"95":[0,0],"96":[0,0],"97":[0,0],"98":[0,0],"99":[0,0,0],"100":[0,0],"101":[0,0,0],"102":[0,0],"103":[0,0],"104":[0,0],"105":[0,0],"106":[0,0],"107":[0,0],"108":[0,0],"109":[0,0],"110":[0,0],"111":[0,0,0],"112":[0,0],"113":[0,0,0],"114":[0,0],"115":[0,0],"116":[0,0],"117":[0,0]},"_coverageSchema":"1a1c01bbd47fc00a2c39e90264f33305004495a9","hash":"7ea775feb12b39202dd16e33f1d47c928130298d"}
,"/home/user/clawdia/src/games/casino/crash.js": {"path":"/home/user/clawdia/src/games/casino/crash.js","statementMap":{"0":{"start":{"line":7,"column":4},"end":{"line":7,"column":25}},"1":{"start":{"line":8,"column":14},"end":{"line":8,"column":42}},"2":{"start":{"line":9,"column":14},"end":{"line":9,"column":43}},"3":{"start":{"line":10,"column":23},"end":{"line":10,"column":56}},"4":{"start":{"line":11,"column":41},"end":{"line":11,"column":81}},"5":{"start":{"line":19,"column":4},"end":{"line":19,"column":37}},"6":{"start":{"line":21,"column":16},"end":{"line":21,"column":20}},"7":{"start":{"line":22,"column":16},"end":{"line":22,"column":20}},"8":{"start":{"line":23,"column":16},"end":{"line":23,"column":18}},"9":{"start":{"line":26,"column":14},"end":{"line":26,"column":27}},"10":{"start":{"line":27,"column":4},"end":{"line":27,"column":30}},"11":{"start":{"line":27,"column":18},"end":{"line":27,"column":30}},"12":{"start":{"line":28,"column":4},"end":{"line":28,"column":63}},"13":{"start":{"line":32,"column":4},"end":{"line":32,"column":57}},"14":{"start":{"line":36,"column":4},"end":{"line":36,"column":62}},"15":{"start":{"line":40,"column":4},"end":{"line":40,"column":61}},"16":{"start":{"line":44,"column":4},"end":{"line":44,"column":35}},"17":{"start":{"line":44,"column":18},"end":{"line":44,"column":35}},"18":{"start":{"line":45,"column":4},"end":{"line":45,"column":35}},"19":{"start":{"line":45,"column":18},"end":{"line":45,"column":35}},"20":{"start":{"line":46,"column":4},"end":{"line":46,"column":35}},"21":{"start":{"line":46,"column":18},"end":{"line":46,"column":35}},"22":{"start":{"line":47,"column":4},"end":{"line":47,"column":35}},"23":{"start":{"line":47,"column":18},"end":{"line":47,"column":35}},"24":{"start":{"line":48,"column":4},"end":{"line":48,"column":35}},"25":{"start":{"line":48,"column":18},"end":{"line":48,"column":35}},"26":{"start":{"line":49,"column":4},"end":{"line":49,"column":35}},"27":{"start":{"line":49,"column":18},"end":{"line":49,"column":35}},"28":{"start":{"line":50,"column":4},"end":{"line":50,"column":21}},"29":{"start":{"line":54,"column":4},"end":{"line":54,"column":40}},"30":{"start":{"line":54,"column":18},"end":{"line":54,"column":40}},"31":{"start":{"line":55,"column":4},"end":{"line":55,"column":39}},"32":{"start":{"line":55,"column":18},"end":{"line":55,"column":39}},"33":{"start":{"line":56,"column":4},"end":{"line":56,"column":39}},"34":{"start":{"line":56,"column":18},"end":{"line":56,"column":39}},"35":{"start":{"line":57,"column":4},"end":{"line":57,"column":36}},"36":{"start":{"line":57,"column":18},"end":{"line":57,"column":36}},"37":{"start":{"line":58,"column":4},"end":{"line":58,"column":40}},"38":{"start":{"line":58,"column":18},"end":{"line":58,"column":40}},"39":{"start":{"line":59,"column":4},"end":{"line":59,"column":38}},"40":{"start":{"line":59,"column":18},"end":{"line":59,"column":38}},"41":{"start":{"line":60,"column":4},"end":{"line":60,"column":25}},"42":{"start":{"line":64,"column":19},"end":{"line":64,"column":21}},"43":{"start":{"line":65,"column":19},"end":{"line":65,"column":85}},"44":{"start":{"line":66,"column":19},"end":{"line":66,"column":33}},"45":{"start":{"line":67,"column":19},"end":{"line":67,"column":51}},"46":{"start":{"line":68,"column":4},"end":{"line":68,"column":61}},"47":{"start":{"line":74,"column":17},"end":{"line":74,"column":27}},"48":{"start":{"line":75,"column":17},"end":{"line":75,"column":32}},"49":{"start":{"line":76,"column":17},"end":{"line":76,"column":62}},"50":{"start":{"line":77,"column":4},"end":{"line":77,"column":77}},"51":{"start":{"line":81,"column":22},"end":{"line":81,"column":43}},"52":{"start":{"line":84,"column":21},"end":{"line":90,"column":23}},"53":{"start":{"line":90,"column":18},"end":{"line":90,"column":22}},"54":{"start":{"line":92,"column":4},"end":{"line":119,"column":5}},"55":{"start":{"line":94,"column":8},"end":{"line":110,"column":82}},"56":{"start":{"line":110,"column":23},"end":{"line":110,"column":80}},"57":{"start":{"line":115,"column":8},"end":{"line":118,"column":83}},"58":{"start":{"line":118,"column":23},"end":{"line":118,"column":81}},"59":{"start":{"line":123,"column":22},"end":{"line":123,"column":43}},"60":{"start":{"line":125,"column":21},"end":{"line":133,"column":24}},"61":{"start":{"line":133,"column":21},"end":{"line":133,"column":23}},"62":{"start":{"line":135,"column":4},"end":{"line":141,"column":5}},"63":{"start":{"line":136,"column":8},"end":{"line":140,"column":72}},"64":{"start":{"line":143,"column":18},"end":{"line":143,"column":20}},"65":{"start":{"line":144,"column":4},"end":{"line":149,"column":5}},"66":{"start":{"line":144,"column":17},"end":{"line":144,"column":18}},"67":{"start":{"line":145,"column":25},"end":{"line":145,"column":36}},"68":{"start":{"line":146,"column":25},"end":{"line":146,"column":63}},"69":{"start":{"line":147,"column":25},"end":{"line":147,"column":58}},"70":{"start":{"line":148,"column":8},"end":{"line":148,"column":85}},"71":{"start":{"line":151,"column":4},"end":{"line":156,"column":24}},"72":{"start":{"line":162,"column":21},"end":{"line":162,"column":85}},"73":{"start":{"line":163,"column":18},"end":{"line":165,"column":28}},"74":{"start":{"line":164,"column":31},"end":{"line":164,"column":39}},"75":{"start":{"line":166,"column":19},"end":{"line":166,"column":94}},"76":{"start":{"line":167,"column":24},"end":{"line":169,"column":12}},"77":{"start":{"line":168,"column":66},"end":{"line":168,"column":87}},"78":{"start":{"line":170,"column":4},"end":{"line":182,"column":24}},"79":{"start":{"line":186,"column":4},"end":{"line":195,"column":6}},"80":{"start":{"line":201,"column":18},"end":{"line":201,"column":41}},"81":{"start":{"line":202,"column":18},"end":{"line":202,"column":39}},"82":{"start":{"line":203,"column":4},"end":{"line":215,"column":99}},"83":{"start":{"line":221,"column":23},"end":{"line":221,"column":44}},"84":{"start":{"line":222,"column":18},"end":{"line":222,"column":20}},"85":{"start":{"line":223,"column":4},"end":{"line":233,"column":5}},"86":{"start":{"line":224,"column":21},"end":{"line":224,"column":83}},"87":{"start":{"line":224,"column":64},"end":{"line":224,"column":81}},"88":{"start":{"line":225,"column":8},"end":{"line":232,"column":9}},"89":{"start":{"line":226,"column":27},"end":{"line":226,"column":62}},"90":{"start":{"line":227,"column":27},"end":{"line":227,"column":39}},"91":{"start":{"line":228,"column":27},"end":{"line":228,"column":65}},"92":{"start":{"line":229,"column":12},"end":{"line":229,"column":135}},"93":{"start":{"line":231,"column":12},"end":{"line":231,"column":99}},"94":{"start":{"line":234,"column":4},"end":{"line":239,"column":24}},"95":{"start":{"line":242,"column":0},"end":{"line":275,"column":2}},"96":{"start":{"line":246,"column":22},"end":{"line":258,"column":36}},"97":{"start":{"line":248,"column":12},"end":{"line":252,"column":34}},"98":{"start":{"line":254,"column":12},"end":{"line":258,"column":35}},"99":{"start":{"line":261,"column":28},"end":{"line":261,"column":65}},"100":{"start":{"line":262,"column":28},"end":{"line":262,"column":81}},"101":{"start":{"line":263,"column":30},"end":{"line":263,"column":84}},"102":{"start":{"line":264,"column":30},"end":{"line":264,"column":71}},"103":{"start":{"line":265,"column":8},"end":{"line":268,"column":9}},"104":{"start":{"line":266,"column":12},"end":{"line":266,"column":28}},"105":{"start":{"line":267,"column":12},"end":{"line":267,"column":169}},"106":{"start":{"line":269,"column":28},"end":{"line":269,"column":110}},"107":{"start":{"line":270,"column":50},"end":{"line":270,"column":128}},"108":{"start":{"line":271,"column":8},"end":{"line":271,"column":56}},"109":{"start":{"line":271,"column":30},"end":{"line":271,"column":46}},"110":{"start":{"line":271,"column":47},"end":{"line":271,"column":54}},"111":{"start":{"line":272,"column":8},"end":{"line":272,"column":60}},"112":{"start":{"line":272,"column":29},"end":{"line":272,"column":60}},"113":{"start":{"line":273,"column":8},"end":{"line":273,"column":68}},"114":{"start":{"line":282,"column":22},"end":{"line":282,"column":44}},"115":{"start":{"line":283,"column":22},"end":{"line":283,"column":50}},"116":{"start":{"line":285,"column":4},"end":{"line":288,"column":5}},"117":{"start":{"line":286,"column":8},"end":{"line":286,"column":24}},"118":{"start":{"line":287,"column":8},"end":{"line":287,"column":116}},"119":{"start":{"line":290,"column":18},"end":{"line":290,"column":66}},"120":{"start":{"line":291,"column":4},"end":{"line":294,"column":5}},"121":{"start":{"line":292,"column":8},"end":{"line":292,"column":24}},"122":{"start":{"line":293,"column":8},"end":{"line":293,"column":116}},"123":{"start":{"line":296,"column":21},"end":{"line":300,"column":5}},"124":{"start":{"line":301,"column":4},"end":{"line":305,"column":5}},"125":{"start":{"line":302,"column":8},"end":{"line":302,"column":31}},"126":{"start":{"line":303,"column":8},"end":{"line":303,"column":24}},"127":{"start":{"line":304,"column":8},"end":{"line":304,"column":133}},"128":{"start":{"line":308,"column":4},"end":{"line":308,"column":90}},"129":{"start":{"line":309,"column":4},"end":{"line":309,"column":20}},"130":{"start":{"line":311,"column":25},"end":{"line":311,"column":119}},"131":{"start":{"line":311,"column":114},"end":{"line":311,"column":118}},"132":{"start":{"line":312,"column":25},"end":{"line":312,"column":66}},"133":{"start":{"line":314,"column":16},"end":{"line":317,"column":6}},"134":{"start":{"line":319,"column":26},"end":{"line":322,"column":6}},"135":{"start":{"line":320,"column":21},"end":{"line":320,"column":102}},"136":{"start":{"line":325,"column":22},"end":{"line":325,"column":24}},"137":{"start":{"line":326,"column":8},"end":{"line":329,"column":9}},"138":{"start":{"line":327,"column":22},"end":{"line":327,"column":96}},"139":{"start":{"line":327,"column":77},"end":{"line":327,"column":94}},"140":{"start":{"line":328,"column":12},"end":{"line":328,"column":35}},"141":{"start":{"line":330,"column":8},"end":{"line":333,"column":27}},"142":{"start":{"line":336,"column":4},"end":{"line":374,"column":7}},"143":{"start":{"line":337,"column":8},"end":{"line":337,"column":76}},"144":{"start":{"line":337,"column":28},"end":{"line":337,"column":66}},"145":{"start":{"line":337,"column":67},"end":{"line":337,"column":74}},"146":{"start":{"line":339,"column":8},"end":{"line":346,"column":9}},"147":{"start":{"line":340,"column":12},"end":{"line":342,"column":13}},"148":{"start":{"line":341,"column":16},"end":{"line":341,"column":109}},"149":{"start":{"line":343,"column":12},"end":{"line":343,"column":50}},"150":{"start":{"line":344,"column":12},"end":{"line":344,"column":42}},"151":{"start":{"line":345,"column":12},"end":{"line":345,"column":19}},"152":{"start":{"line":348,"column":8},"end":{"line":350,"column":9}},"153":{"start":{"line":349,"column":12},"end":{"line":349,"column":104}},"154":{"start":{"line":351,"column":8},"end":{"line":353,"column":9}},"155":{"start":{"line":352,"column":12},"end":{"line":352,"column":89}},"156":{"start":{"line":355,"column":25},"end":{"line":359,"column":9}},"157":{"start":{"line":360,"column":8},"end":{"line":362,"column":9}},"158":{"start":{"line":361,"column":12},"end":{"line":361,"column":126}},"159":{"start":{"line":364,"column":23},"end":{"line":364,"column":77}},"160":{"start":{"line":365,"column":8},"end":{"line":371,"column":9}},"161":{"start":{"line":366,"column":12},"end":{"line":369,"column":78}},"162":{"start":{"line":369,"column":27},"end":{"line":369,"column":76}},"163":{"start":{"line":370,"column":12},"end":{"line":370,"column":160}},"164":{"start":{"line":372,"column":8},"end":{"line":372,"column":46}},"165":{"start":{"line":373,"column":8},"end":{"line":373,"column":33}},"166":{"start":{"line":376,"column":4},"end":{"line":387,"column":7}},"167":{"start":{"line":377,"column":8},"end":{"line":377,"column":33}},"168":{"start":{"line":377,"column":26},"end":{"line":377,"column":33}},"169":{"start":{"line":378,"column":8},"end":{"line":378,"column":28}},"170":{"start":{"line":380,"column":8},"end":{"line":384,"column":9}},"171":{"start":{"line":381,"column":12},"end":{"line":381,"column":35}},"172":{"start":{"line":382,"column":12},"end":{"line":382,"column":121}},"173":{"start":{"line":383,"column":12},"end":{"line":383,"column":19}},"174":{"start":{"line":386,"column":8},"end":{"line":386,"column":58}},"175":{"start":{"line":389,"column":4},"end":{"line":391,"column":29}},"176":{"start":{"line":390,"column":8},"end":{"line":390,"column":57}},"177":{"start":{"line":390,"column":27},"end":{"line":390,"column":57}},"178":{"start":{"line":395,"column":22},"end":{"line":395,"column":37}},"179":{"start":{"line":396,"column":22},"end":{"line":396,"column":31}},"180":{"start":{"line":397,"column":22},"end":{"line":397,"column":42}},"181":{"start":{"line":399,"column":24},"end":{"line":399,"column":77}},"182":{"start":{"line":402,"column":24},"end":{"line":402,"column":107}},"183":{"start":{"line":403,"column":24},"end":{"line":405,"column":30}},"184":{"start":{"line":408,"column":4},"end":{"line":419,"column":5}},"185":{"start":{"line":409,"column":25},"end":{"line":409,"column":50}},"186":{"start":{"line":410,"column":8},"end":{"line":415,"column":9}},"187":{"start":{"line":411,"column":12},"end":{"line":414,"column":111}},"188":{"start":{"line":414,"column":27},"end":{"line":414,"column":109}},"189":{"start":{"line":416,"column":27},"end":{"line":416,"column":104}},"190":{"start":{"line":417,"column":8},"end":{"line":417,"column":31}},"191":{"start":{"line":418,"column":8},"end":{"line":418,"column":95}},"192":{"start":{"line":421,"column":22},"end":{"line":421,"column":23}},"193":{"start":{"line":422,"column":22},"end":{"line":422,"column":37}},"194":{"start":{"line":423,"column":22},"end":{"line":423,"column":27}},"195":{"start":{"line":424,"column":24},"end":{"line":424,"column":46}},"196":{"start":{"line":425,"column":24},"end":{"line":425,"column":56}},"197":{"start":{"line":428,"column":22},"end":{"line":428,"column":24}},"198":{"start":{"line":429,"column":8},"end":{"line":438,"column":9}},"199":{"start":{"line":430,"column":22},"end":{"line":430,"column":96}},"200":{"start":{"line":430,"column":77},"end":{"line":430,"column":94}},"201":{"start":{"line":431,"column":12},"end":{"line":437,"column":13}},"202":{"start":{"line":432,"column":29},"end":{"line":432,"column":67}},"203":{"start":{"line":433,"column":16},"end":{"line":433,"column":103}},"204":{"start":{"line":435,"column":31},"end":{"line":435,"column":101}},"205":{"start":{"line":436,"column":16},"end":{"line":436,"column":71}},"206":{"start":{"line":439,"column":8},"end":{"line":439,"column":21}},"207":{"start":{"line":446,"column":22},"end":{"line":446,"column":44}},"208":{"
[...]
lumn":107}},"type":"if","locations":[{"start":{"line":63,"column":4},"end":{"line":64,"column":107}},{"start":{},"end":{}}],"line":63},"5":{"loc":{"start":{"line":67,"column":4},"end":{"line":68,"column":117}},"type":"if","locations":[{"start":{"line":67,"column":4},"end":{"line":68,"column":117}},{"start":{},"end":{}}],"line":67},"6":{"loc":{"start":{"line":70,"column":4},"end":{"line":81,"column":5}},"type":"if","locations":[{"start":{"line":70,"column":4},"end":{"line":81,"column":5}},{"start":{},"end":{}}],"line":70},"7":{"loc":{"start":{"line":72,"column":50},"end":{"line":72,"column":67}},"type":"binary-expr","locations":[{"start":{"line":72,"column":50},"end":{"line":72,"column":62}},{"start":{"line":72,"column":66},"end":{"line":72,"column":67}}],"line":72},"8":{"loc":{"start":{"line":77,"column":8},"end":{"line":78,"column":132}},"type":"if","locations":[{"start":{"line":77,"column":8},"end":{"line":78,"column":132}},{"start":{},"end":{}}],"line":77},"9":{"loc":{"start":{"line":79,"column":8},"end":{"line":80,"column":148}},"type":"if","locations":[{"start":{"line":79,"column":8},"end":{"line":80,"column":148}},{"start":{},"end":{}}],"line":79},"10":{"loc":{"start":{"line":88,"column":14},"end":{"line":88,"column":74}},"type":"binary-expr","locations":[{"start":{"line":88,"column":14},"end":{"line":88,"column":45}},{"start":{"line":88,"column":49},"end":{"line":88,"column":74}}],"line":88},"11":{"loc":{"start":{"line":116,"column":20},"end":{"line":116,"column":85}},"type":"cond-expr","locations":[{"start":{"line":116,"column":31},"end":{"line":116,"column":57}},{"start":{"line":116,"column":60},"end":{"line":116,"column":85}}],"line":116},"12":{"loc":{"start":{"line":121,"column":59},"end":{"line":121,"column":77}},"type":"binary-expr","locations":[{"start":{"line":121,"column":59},"end":{"line":121,"column":71}},{"start":{"line":121,"column":75},"end":{"line":121,"column":77}}],"line":121},"13":{"loc":{"start":{"line":122,"column":116},"end":{"line":122,"column":134}},"type":"binary-expr","locations":[{"start":{"line":122,"column":116},"end":{"line":122,"column":128}},{"start":{"line":122,"column":132},"end":{"line":122,"column":134}}],"line":122},"14":{"loc":{"start":{"line":127,"column":35},"end":{"line":127,"column":59}},"type":"binary-expr","locations":[{"start":{"line":127,"column":35},"end":{"line":127,"column":47}},{"start":{"line":127,"column":51},"end":{"line":127,"column":59}}],"line":127},"15":{"loc":{"start":{"line":130,"column":4},"end":{"line":130,"column":89}},"type":"if","locations":[{"start":{"line":130,"column":4},"end":{"line":130,"column":89}},{"start":{},"end":{}}],"line":130},"16":{"loc":{"start":{"line":130,"column":8},"end":{"line":130,"column":46}},"type":"binary-expr","locations":[{"start":{"line":130,"column":8},"end":{"line":130,"column":21}},{"start":{"line":130,"column":25},"end":{"line":130,"column":46}}],"line":130},"17":{"loc":{"start":{"line":131,"column":4},"end":{"line":131,"column":98}},"type":"if","locations":[{"start":{"line":131,"column":4},"end":{"line":131,"column":98}},{"start":{},"end":{}}],"line":131},"18":{"loc":{"start":{"line":131,"column":8},"end":{"line":131,"column":45}},"type":"binary-expr","locations":[{"start":{"line":131,"column":8},"end":{"line":131,"column":22}},{"start":{"line":131,"column":26},"end":{"line":131,"column":45}}],"line":131},"19":{"loc":{"start":{"line":133,"column":22},"end":{"line":133,"column":47}},"type":"cond-expr","locations":[{"start":{"line":133,"column":35},"end":{"line":133,"column":41}},{"start":{"line":133,"column":44},"end":{"line":133,"column":47}}],"line":133},"20":{"loc":{"start":{"line":134,"column":24},"end":{"line":134,"column":60}},"type":"cond-expr","locations":[{"start":{"line":134,"column":37},"end":{"line":134,"column":48}},{"start":{"line":134,"column":51},"end":{"line":134,"column":60}}],"line":134},"21":{"loc":{"start":{"line":208,"column":31},"end":{"line":208,"column":51}},"type":"default-arg","locations":[{"start":{"line":208,"column":49},"end":{"line":208,"column":51}}],"line":208},"22":{"loc":{"start":{"line":211,"column":30},"end":{"line":211,"column":71}},"type":"binary-expr","locations":[{"start":{"line":211,"column":30},"end":{"line":211,"column":66}},{"start":{"line":211,"column":70},"end":{"line":211,"column":71}}],"line":211},"23":{"loc":{"start":{"line":212,"column":8},"end":{"line":215,"column":9}},"type":"if","locations":[{"start":{"line":212,"column":8},"end":{"line":215,"column":9}},{"start":{},"end":{}}],"line":212},"24":{"loc":{"start":{"line":212,"column":12},"end":{"line":212,"column":50}},"type":"binary-expr","locations":[{"start":{"line":212,"column":12},"end":{"line":212,"column":28}},{"start":{"line":212,"column":32},"end":{"line":212,"column":50}}],"line":212},"25":{"loc":{"start":{"line":217,"column":23},"end":{"line":217,"column":41}},"type":"binary-expr","locations":[{"start":{"line":217,"column":23},"end":{"line":217,"column":36}},{"start":{"line":217,"column":40},"end":{"line":217,"column":41}}],"line":217},"26":{"loc":{"start":{"line":219,"column":8},"end":{"line":219,"column":52}},"type":"if","locations":[{"start":{"line":219,"column":8},"end":{"line":219,"column":52}},{"start":{},"end":{}}],"line":219},"27":{"loc":{"start":{"line":220,"column":8},"end":{"line":220,"column":55}},"type":"if","locations":[{"start":{"line":220,"column":8},"end":{"line":220,"column":55}},{"start":{},"end":{}}],"line":220},"28":{"loc":{"start":{"line":258,"column":8},"end":{"line":265,"column":9}},"type":"if","locations":[{"start":{"line":258,"column":8},"end":{"line":265,"column":9}},{"start":{},"end":{}}],"line":258},"29":{"loc":{"start":{"line":262,"column":65},"end":{"line":262,"column":84}},"type":"binary-expr","locations":[{"start":{"line":262,"column":65},"end":{"line":262,"column":79}},{"start":{"line":262,"column":83},"end":{"line":262,"column":84}}],"line":262},"30":{"loc":{"start":{"line":268,"column":28},"end":{"line":268,"column":77}},"type":"binary-expr","locations":[{"start":{"line":268,"column":28},"end":{"line":268,"column":61}},{"start":{"line":268,"column":65},"end":{"line":268,"column":77}}],"line":268},"31":{"loc":{"start":{"line":271,"column":27},"end":{"line":271,"column":68}},"type":"binary-expr","locations":[{"start":{"line":271,"column":27},"end":{"line":271,"column":63}},{"start":{"line":271,"column":67},"end":{"line":271,"column":68}}],"line":271},"32":{"loc":{"start":{"line":275,"column":8},"end":{"line":278,"column":9}},"type":"if","locations":[{"start":{"line":275,"column":8},"end":{"line":278,"column":9}},{"start":{},"end":{}}],"line":275},"33":{"loc":{"start":{"line":285,"column":8},"end":{"line":289,"column":9}},"type":"if","locations":[{"start":{"line":285,"column":8},"end":{"line":289,"column":9}},{"start":{},"end":{}}],"line":285},"34":{"loc":{"start":{"line":285,"column":12},"end":{"line":285,"column":92}},"type":"binary-expr","locations":[{"start":{"line":285,"column":12},"end":{"line":285,"column":37}},{"start":{"line":285,"column":41},"end":{"line":285,"column":53}},{"start":{"line":285,"column":57},"end":{"line":285,"column":68}},{"start":{"line":285,"column":72},"end":{"line":285,"column":92}}],"line":285},"35":{"loc":{"start":{"line":291,"column":8},"end":{"line":293,"column":9}},"type":"if","locations":[{"start":{"line":291,"column":8},"end":{"line":293,"column":9}},{"start":{},"end":{}}],"line":291},"36":{"loc":{"start":{"line":291,"column":12},"end":{"line":291,"column":113}},"type":"binary-expr","locations":[{"start":{"line":291,"column":12},"end":{"line":291,"column":37}},{"start":{"line":291,"column":41},"end":{"line":291,"column":53}},{"start":{"line":291,"column":57},"end":{"line":291,"column":77}},{"start":{"line":291,"column":81},"end":{"line":291,"column":113}}],"line":291},"37":{"loc":{"start":{"line":299,"column":8},"end":{"line":323,"column":9}},"type":"if","locations":[{"start":{"line":299,"column":8},"end":{"line":323,"column":9}},{"start":{"line":320,"column":15},"end":{"line":323,"column":9}}],"line":299},"38":{"loc":{"start":{"line":315,"column":34},"end":{"line":315,"column":77}},"type":"binary-expr","locations":[{"start":{"line":315,"column":34},"end":{"line":315,"column":61}},{"start":{"line":315,"column":65},"end":{"line":315,"column":77}}],"line":315},"39":{"loc":{"start":{"line":328,"column":8},"end":{"line":331,"column":9}},"type":"if","locations":[{"start":{"line":328,"column":8},"end":{"line":331,"column":9}},{"start":{},"end":{}}],"line":328},"40":{"loc":{"start":{"line":329,"column":28},"end":{"line":329,"column":60}},"type":"cond-expr","locations":[{"start":{"line":329,"column":55},"end":{"line":329,"column":56}},{"start":{"line":329,"column":59},"end":{"line":329,"column":60}}],"line":329},"41":{"loc":{"start":{"line":330,"column":28},"end":{"line":330,"column":62}},"type":"cond-expr","locations":[{"start":{"line":330,"column":55},"end":{"line":330,"column":58}},{"start":{"line":330,"column":61},"end":{"line":330,"column":62}}],"line":330},"42":{"loc":{"start":{"line":335,"column":26},"end":{"line":335,"column":72}},"type":"cond-expr","locations":[{"start":{"line":335,"column":54},"end":{"line":335,"column":55}},{"start":{"line":335,"column":58},"end":{"line":335,"column":72}}],"line":335},"43":{"loc":{"start":{"line":335,"column":26},"end":{"line":335,"column":51}},"type":"binary-expr","locations":[{"start":{"line":335,"column":26},"end":{"line":335,"column":31}},{"start":{"line":335,"column":35},"end":{"line":335,"column":51}}],"line":335},"44":{"loc":{"start":{"line":340,"column":8},"end":{"line":342,"column":9}},"type":"if","locations":[{"start":{"line":340,"column":8},"end":{"line":342,"column":9}},{"start":{},"end":{}}],"line":340},"45":{"loc":{"start":{"line":340,"column":12},"end":{"line":340,"column":52}},"type":"binary-expr","locations":[{"start":{"line":340,"column":12},"end":{"line":340,"column":29}},{"start":{"line":340,"column":33},"end":{"line":340,"column":52}}],"line":340},"46":{"loc":{"start":{"line":361,"column":8},"end":{"line":371,"column":9}},"type":"if","locations":[{"start":{"line":361,"column":8},"end":{"line":371,"column":9}},{"start":{},"end":{}}],"line":361},"47":{"loc":{"start":{"line":361,"column":12},"end":{"line":361,"column":73}},"type":"binary-expr","locations":[{"start":{"line":361,"column":12},"end":{"line":361,"column":22}},{"start":{"line":361,"column":27},"end":{"line":361,"column":64}},{"start":{"line":361,"column":68},"end":{"line":361,"column":72}}],"line":361},"48":{"loc":{"start":{"line":362,"column":35},"end":{"line":362,"column":81}},"type":"binary-expr","locations":[{"start":{"line":362,"column":35},"end":{"line":362,"column":72}},{"start":{"line":362,"column":76},"end":{"line":362,"column":81}}],"line":362},"49":{"loc":{"start":{"line":363,"column":35},"end":{"line":363,"column":81}},"type":"binary-expr","locations":[{"start":{"line":363,"column":35},"end":{"line":363,"column":73}},{"start":{"line":363,"column":77},"end":{"line":363,"column":81}}],"line":363},"50":{"loc":{"start":{"line":364,"column":35},"end":{"line":366,"column":37}},"type":"cond-expr","locations":[{"start":{"line":365,"column":19},"end":{"line":365,"column":96}},{"start":{"line":366,"column":18},"end":{"line":366,"column":37}}],"line":364},"51":{"loc":{"start":{"line":365,"column":19},"end":{"line":365,"column":96}},"type":"binary-expr","locations":[{"start":{"line":365,"column":19},"end":{"line":365,"column":73}},{"start":{"line":365,"column":77},"end":{"line":365,"column":96}}],"line":365},"52":{"loc":{"start":{"line":368,"column":25},"end":{"line":368,"column":55}},"type":"cond-expr","locations":[{"start":{"line":368,"column":36},"end":{"line":368,"column":43}},{"start":{"line":368,"column":46},"end":{"line":368,"column":55}}],"line":368},"53":{"loc":{"start":{"line":374,"column":8},"end":{"line":408,"column":9}},"type":"if","locations":[{"start":{"line":374,"column":8},"end":{"line":408,"column":9}},{"start":{},"end":{}}],"line":374},"54":{"loc":{"start":{"line":382,"column":16},"end":{"line":382,"column":83}},"type":"if","locations":[{"start":{"line":382,"column":16},"end":{"line":382,"column":83}},{"start":{},"end":{}}],"line":382},"55":{"loc":{"start":{"line":387,"column":12},"end":{"line":393,"column":13}},"type":"if","locations":[{"start":{"line":387,"column":12},"end":{"line":393,"column":13}},{"start":{},"end":{}}],"line":387},"56":{"loc":{"start":{"line":399,"column":76},"end":{"line":399,"column":121}},"type":"cond-expr","locations":[{"start":{"line":399,"column":95},"end":{"line":399,"column":116}},{"start":{"line":399,"column":119},"end":{"line":399,"column":121}}],"line":399},"57":{"loc":{"start":{"line":403,"column":64},"end":{"line":403,"column":82}},"type":"binary-expr","locations":[{"start":{"line":403,"column":64},"end":{"line":403,"column":77}},{"start":{"line":403,"column":81},"end":{"line":403,"column":82}}],"line":403},"58":{"loc":{"start":{"line":416,"column":24},"end":{"line":416,"column":69}},"type":"cond-expr","locations":[{"start":{"line":416,"column":45},"end":{"line":416,"column":65}},{"start":{"line":416,"column":68},"end":{"line":416,"column":69}}],"line":416},"59":{"loc":{"start":{"line":417,"column":8},"end":{"line":429,"column":9}},"type":"if","locations":[{"start":{"line":417,"column":8},"end":{"line":429,"column":9}},{"start":{},"end":{}}],"line":417},"60":{"loc":{"start":{"line":417,"column":12},"end":{"line":417,"column":55}},"type":"binary-expr","locations":[{"start":{"line":417,"column":12},"end":{"line":417,"column":40}},{"start":{"line":417,"column":44},"end":{"line":417,"column":55}}],"line":417},"61":{"loc":{"start":{"line":418,"column":38},"end":{"line":418,"column":91}},"type":"binary-expr","locations":[{"start":{"line":418,"column":38},"end":{"line":418,"column":83}},{"start":{"line":418,"column":87},"end":{"line":418,"column":91}}],"line":418},"62":{"loc":{"start":{"line":419,"column":12},"end":{"line":428,"column":13}},"type":"if","locations":[{"start":{"line":419,"column":12},"end":{"line":428,"column":13}},{"start":{},"end":{}}],"line":419},"63":{"loc":{"start":{"line":423,"column":86},"end":{"line":423,"column":114}},"type":"binary-expr","locations":[{"start":{"line":423,"column":86},"end":{"line":423,"column":105}},{"start":{"line":423,"column":109},"end":{"line":423,"column":114}}],"line":423},"64":{"loc":{"start":{"line":427,"column":16},"end":{"line":427,"column":92}},"type":"if","locations":[{"start":{"line":427,"column":16},"end":{"line":427,"column":92}},{"start":{},"end":{}}],"line":427},"65":{"loc":{"start":{"line":439,"column":90},"end":{"line":439,"column":108}},"type":"binary-expr","locations":[{"start":{"line":439,"column":90},"end":{"line":439,"column":103}},{"start":{"line":439,"column":107},"end":{"line":439,"column":108}}],"line":439},"66":{"loc":{"start":{"line":440,"column":8},"end":{"line":443,"column":9}},"type":"if","locations":[{"start":{"line":440,"column":8},"end":{"line":443,"column":9}},{"start":{},"end":{}}],"line":440},"67":{"loc":{"start":{"line":441,"column":25},"end":{"line":441,"column":58}},"type":"binary-expr","locations":[{"start":{"line":441,"column":25},"end":{"line":441,"column":52}},{"start":{"line":441,"column":56},"end":{"line":441,"column":58}}],"line":441},"68":{"loc":{"start":{"line":444,"column":8},"end":{"line":447,"column":9}},"type":"if","locations":[{"start":{"line":444,"column":8},"end":{"line":447,"column":9}},{"start":{},"end":{}}],"line":444},"69":{"loc":{"start":{"line":445,"column":25},"end":{"line":445,"column":58}},"type":"binary-expr","locations":[{"start":{"line":445,"column":25},"end":{"line":445,"column":52}},{"start":{"line":445,"column":56},"end":{"line":445,"column":58}}],"line":445},"70":{"loc":{"start":{"line":448,"column":8},"end":{"line":451,"column":9}},"type":"if","locations":[{"start":{"line":448,"column":8},"end":{"line":451,"column":9}},{"start":{},"end":{}}],"line":448},"71":{"loc":{"start":{"line":448,"column":12},"end":{"line":448,"column":55}},"type":"binary-expr","locations":[{"start":{"line":448,"column":12},"end":{"line":448,"column":31}},{"start":{"line":448,"column":35},"end":{"line":448,"column":55}}],"line":448},"72":{"loc":{"start":{"line":449,"column":25},"end":{"line":449,"column":58}},"type":"binary-expr","locations":[{"start":{"line":449,"column":25},"end":{"line":449,"column":52}},{"start":{"line":449,"column":56},"end":{"line":449,"column":58}}],"line":449},"73":{"loc":{"start":{"line":459,"column":25},"end":{"line":459,"column":105}},"type":"binary-expr","locations":[{"start":{"line":459,"column":25},"end":{"line":459,"column":58}},{"start":{"line":459,"column":62},"end":{"line":459,"column":105}}],"line":459},"74":{"loc":{"start":{"line":464,"column":12},"end":{"line":467,"column":13}},"type":"if","locations":[{"start":{"line":464,"column":12},"end":{"line":467,"column":13}},{"start":{},"end":{}}],"line":464},"75":{"loc":{"start":{"line":474,"column":12},"end":{"line":474,"column":95}},"type":"if","locations":[{"start":{"line":474,"column":12},"end":{"line":474,"column":95}},{"start":{},"end":{}}],"line":474}},"s":{"0":1,"1":1,"2":1,"3":1,"4":1,"5":1,"6":1,"7":1,"8":1,"9":1,"10":1,"11":9,"12":1,"13":9,"14":1,"15":1,"16":3,"17":3,"18":9,"19":9,"20":3,"21":0,"22":3,"23":1,"24":3,"25":1,"26":3,"27":1,"28":3,"29":1,"30":3,"31":1,"32":3,"33":1,"34":1,"35":0,"36":1,"37":0,"38":1,"39":0,"40":1,"41":0,"42":1,"43":1,"44":1,"45":3,"46":1,"47":1,"48":1,"49":1,"50":4,"51":1,"52":0,"53":1,"54":1,"55":0,"56":1,"57":1,"58":1,"59":0,"60":0,"61":0,"62":0,"63":0,"64":0,"65":0,"66":0,"67":0,"68":0,"69":0,"70":0,"71":0,"72":0,"73":0,"74":0,"75":0,"76":1,"77":0,"78":0,"79":7,"80":7,"81":7,"82":7,"83":0,"84":0,"85":7,"86":7,"87":7,"88":7,"89":0,"90":0,"91":7,"92":7,"93":7,"94":7,"95":7,"96":7,"97":7,"98":7,"99":7,"100":7,"101":7,"102":7,"103":7,"104":7,"105":7,"106":6,"107":6,"108":6,"109":1,"110":1,"111":1,"112":1,"113":1,"114":0,"115":0,"116":0,"117":1,"118":1,"119":1,"120":1,"121":0,"122":0,"123":0,"124":1,"125":0,"126":1,"127":1,"128":1,"129":0,"130":0,"131":0,"132":0,"133":0,"134":0,"135":1,"136":1,"137":1,"138":1,"139":1,"140":0,"141":0,"142":1,"143":1,"144":1,"145":1,"146":1,"147":0,"148":1,"149":1,"150":0,"151":0,"152":1,"153":0,"154":0,"155":0,"156":0,"157":0,"158":0,"159":0,"160":0,"161":0,"162":0,"163":0,"164":0,"165":0,"166":0,"167":0,"168":0,"169":0,"170":0,"171":0,"172":0,"173":0,"174":0,"175":0,"176":0,"177":0,"178":0,"179":0,"180":0,"181":0,"182":0,"183":0,"184":0,"185":0,"186":0,"187":0,"188":0,"189":0,"190":0,"191":0,"192":0,"193":0,"194":0,"195":0,"196":0,"197":0,"198":0,"199":0,"200":0,"201":0,"202":0,"203":0,"204":0,"205":0,"206":0,"207":0,"208":0,"209":0,"210":0,"211":0,"212":0,"213":0,"214":0,"215":0,"216":0,"217":0,"218":0,"219":0,"220":1,"221":1,"222":1},"f":{"0":9,"1":9,"2":3,"3":3,"4":1,"5":3,"6":1,"7":3,"8":3,"9":3,"10":3,"11":0,"12":1,"13":4,"14":1,"15":1,"16":0,"17":0,"18":0,"19":0,"20":0,"21":0,"22":7,"23":7,"24":7,"25":0,"26":0,"27":0,"28":0,"29":0,"30":0,"31":0,"32":0,"33":0,"34":0,"35":0,"36":0,"37":0,"38":0},"b":{"0":[9,3],"1":[3,6],"2":[0,3],"3":[0,1],"4":[0,1],"5":[0,1],"6":[1,0],"7":[3,2],"8":[0,1],"9":[1,0],"10":[1,0],"11":[0,0],"12":[0,0],"13":[0,0],"14":[0,0],"15":[0,0],"16":[0,0],"17":[0,0],"18":[0,0],"19":[0,0],"20":[0,0],"21":[0],"22":[7,7],"23":[0,7],"24":[7,0],"25":[7,0],"26":[0,7],"27":[7,0],"28":[6,1],"29":[6,0],"30":[1,1],"31":[1,1],"32":[0,1],"33":[0,1],"34":[1,0,0,0],"35":[0,1],"36":[1,0,0,0],"37":[0,1],"38":[0,0],"39":[0,1],"40":[0,0],"41":[0,0],"42":[1,0],"43":[1,0],"44":[0,1],"45":[1,1],"46":[0,0],"47":[0,0,0],"48":[0,0],"49":[0,0],"50":[0,0],"51":[0,0],"52":[0,0],"53":[0,0],"54":[0,0],"55":[0,0],"56":[0,0],"57":[0,0],"58":[0,0],"59":[0,0],"60":[0,0],"61":[0,0],"62":[0,0],"63":[0,0],"64":[0,0],"65":[0,0],"66":[0,0],"67":[0,0],"68":[0,0],"69":[0,0],"70":[0,0],"71":[0,0],"72":[0,0],"73":[0,0],"74":[0,0],"75":[0,0]},"_coverageSchema":"1a1c01bbd47fc00a2c39e90264f33305004495a9","hash":"3d3ad7dd5b76071943c34d109dbcfe1f6bb3c9b4"}
}
