TN:
SF:src/games/casino/blackjack.js
FN:17,(anonymous_0)
FN:17,(anonymous_1)
FN:22,buildDeck
FN:34,cardValue
FN:40,handTotal
FN:41,(anonymous_5)
FN:42,(anonymous_6)
FN:47,displayHand
FN:49,(anonymous_8)
FN:54,(anonymous_9)
FN:54,(anonymous_10)
FN:58,canDoubleDown
FN:63,canSplitHand
FN:67,buildEmbed
FN:107,buildButtons
FN:132,buildDealerRevealEmbed
FN:158,buildFinalEmbed
FN:195,(anonymous_17)
FN:196,(anonymous_18)
FN:203,(anonymous_19)
FN:228,(anonymous_20)
FN:313,(anonymous_21)
FN:357,currentOpts
FN:373,(anonymous_23)
FN:380,(anonymous_24)
FN:537,(anonymous_25)
FN:549,(anonymous_26)
FN:562,(anonymous_27)
FN:673,(anonymous_28)
FN:677,(anonymous_29)
FNF:30
FNH:1
FNDA:0,(anonymous_0)
FNDA:0,(anonymous_1)
FNDA:0,buildDeck
FNDA:0,cardValue
FNDA:0,handTotal
FNDA:0,(anonymous_5)
FNDA:0,(anonymous_6)
FNDA:0,displayHand
FNDA:0,(anonymous_8)
FNDA:0,(anonymous_9)
FNDA:0,(anonymous_10)
FNDA:0,canDoubleDown
FNDA:0,canSplitHand
FNDA:0,buildEmbed
FNDA:0,buildButtons
FNDA:0,buildDealerRevealEmbed
FNDA:0,buildFinalEmbed
FNDA:0,(anonymous_17)
FNDA:0,(anonymous_18)
FNDA:6,(anonymous_19)
FNDA:0,(anonymous_20)
FNDA:0,(anonymous_21)
FNDA:0,currentOpts
FNDA:0,(anonymous_23)
FNDA:0,(anonymous_24)
FNDA:0,(anonymous_25)
FNDA:0,(anonymous_26)
FNDA:0,(anonymous_27)
FNDA:0,(anonymous_28)
FNDA:0,(anonymous_29)
DA:7,1
DA:8,1
DA:9,1
DA:10,1
DA:11,1
DA:12,1
DA:14,1
DA:15,1
DA:17,1
DA:19,1
DA:20,1
DA:23,0
DA:24,0
DA:25,0
DA:27,0
DA:28,0
DA:29,0
DA:31,0
DA:35,0
DA:36,0
DA:37,0
DA:41,0
DA:42,0
DA:43,0
DA:44,0
DA:49,0
DA:50,0
DA:51,0
DA:52,0
DA:54,0
DA:55,0
DA:59,0
DA:60,0
DA:64,0
DA:68,0
DA:70,0
DA:82,0
DA:83,0
DA:84,0
DA:85,0
DA:87,0
DA:88,0
DA:89,0
DA:90,0
DA:92,0
DA:97,0
DA:104,0
DA:112,0
DA:114,0
DA:119,0
DA:120,0
DA:121,0
DA:122,0
DA:123,0
DA:126,0
DA:127,0
DA:129,0
DA:133,0
DA:134,0
DA:136,0
DA:146,0
DA:147,0
DA:151,0
DA:152,0
DA:155,0
DA:159,0
DA:160,0
DA:161,0
DA:163,0
DA:172,0
DA:173,0
DA:178,0
DA:179,0
DA:185,0
DA:186,0
DA:189,0
DA:192,1
DA:195,0
DA:197,0
DA:204,6
DA:205,6
DA:206,0
DA:207,0
DA:210,6
DA:211,6
DA:212,6
DA:213,6
DA:214,0
DA:215,0
DA:218,6
DA:219,6
DA:221,6
DA:222,0
DA:223,0
DA:226,6
DA:227,6
DA:228,6
DA:231,6
DA:236,6
DA:237,6
DA:238,6
DA:240,0
DA:242,0
DA:243,0
DA:244,0
DA:245,0
DA:248,0
DA:249,0
DA:250,0
DA:255,0
DA:257,0
DA:258,0
DA:260,0
DA:261,0
DA:262,0
DA:263,0
DA:268,0
DA:269,0
DA:282,0
DA:283,0
DA:286,0
DA:287,0
DA:290,0
DA:291,0
DA:299,0
DA:308,0
DA:309,0
DA:310,0
DA:311,0
DA:312,0
DA:313,0
DA:316,0
DA:317,0
DA:322,0
DA:328,0
DA:329,0
DA:330,0
DA:331,0
DA:332,0
DA:334,0
DA:335,0
DA:340,0
DA:341,0
DA:342,0
DA:346,0
DA:347,0
DA:348,0
DA:349,0
DA:350,0
DA:351,0
DA:352,0
DA:353,0
DA:354,0
DA:355,0
DA:358,0
DA:359,0
DA:366,0
DA:371,0
DA:372,0
DA:373,0
DA:380,0
DA:381,0
DA:384,0
DA:385,0
DA:386,0
DA:391,0
DA:392,0
DA:395,0
DA:396,0
DA:400,0
DA:401,0
DA:402,0
DA:403,0
DA:408,0
DA:409,0
DA:410,0
DA:412,0
DA:413,0
DA:414,0
DA:415,0
DA:416,0
DA:417,0
DA:418,0
DA:421,0
DA:423,0
DA:424,0
DA:425,0
DA:426,0
DA:430,0
DA:431,0
DA:432,0
DA:433,0
DA:438,0
DA:439,0
DA:440,0
DA:443,0
DA:444,0
DA:445,0
DA:446,0
DA:447,0
DA:448,0
DA:450,0
DA:451,0
DA:452,0
DA:453,0
DA:454,0
DA:455,0
DA:456,0
DA:459,0
DA:460,0
DA:461,0
DA:465,0
DA:466,0
DA:467,0
DA:468,0
DA:470,0
DA:471,0
DA:472,0
DA:473,0
DA:474,0
DA:475,0
DA:476,0
DA:477,0
DA:479,0
DA:480,0
DA:481,0
DA:482,0
DA:483,0
DA:487,0
DA:488,0
DA:489,0
DA:493,0
DA:494,0
DA:496,0
DA:497,0
DA:498,0
DA:499,0
DA:502,0
DA:505,0
DA:506,0
DA:508,0
DA:509,0
DA:511,0
DA:512,0
DA:517,0
DA:518,0
DA:519,0
DA:520,0
DA:521,0
DA:522,0
DA:523,0
DA:524,0
DA:526,0
DA:527,0
DA:528,0
DA:529,0
DA:530,0
DA:533,0
DA:537,0
DA:538,0
DA:539,0
DA:540,0
DA:544,0
DA:545,0
DA:549,0
DA:551,0
DA:552,0
DA:556,0
DA:562,0
DA:563,0
DA:565,0
DA:566,0
DA:568,0
DA:572,0
DA:574,0
DA:575,0
DA:576,0
DA:577,0
DA:578,0
DA:580,0
DA:583,0
DA:584,0
DA:585,0
DA:586,0
DA:587,0
DA:589,0
DA:590,0
DA:591,0
DA:592,0
DA:593,0
DA:594,0
DA:595,0
DA:596,0
DA:597,0
DA:598,0
DA:599,0
DA:600,0
DA:601,0
DA:602,0
DA:603,0
DA:604,0
DA:606,0
DA:609,0
DA:610,0
DA:611,0
DA:612,0
DA:614,0
DA:615,0
DA:617,0
DA:618,0
DA:619,0
DA:620,0
DA:621,0
DA:622,0
DA:623,0
DA:624,0
DA:625,0
DA:626,0
DA:627,0
DA:628,0
DA:629,0
DA:630,0
DA:631,0
DA:632,0
DA:633,0
DA:634,0
DA:635,0
DA:636,0
DA:637,0
DA:638,0
DA:639,0
DA:640,0
DA:641,0
DA:642,0
DA:643,0
DA:645,0
DA:646,0
DA:647,0
DA:652,0
DA:653,0
DA:654,0
DA:655,0
DA:656,0
DA:658,0
DA:662,0
DA:667,0
DA:669,0
DA:670,0
DA:671,0
DA:672,0
DA:673,0
DA:675,0
DA:677,0
DA:680,0
LF:354
LH:28
BRDA:35,0,0,0
BRDA:35,0,1,0
BRDA:36,1,0,0
BRDA:36,1,1,0
BRDA:43,2,0,0
BRDA:43,2,1,0
BRDA:47,3,0,0
BRDA:50,4,0,0
BRDA:50,4,1,0
BRDA:50,5,0,0
BRDA:50,5,1,0
BRDA:60,6,0,0
BRDA:60,6,1,0
BRDA:60,6,2,0
BRDA:60,6,3,0
BRDA:64,7,0,0
BRDA:64,7,1,0
BRDA:67,8,0,0
BRDA:68,9,0,0
BRDA:68,9,1,0
BRDA:72,10,0,0
BRDA:72,10,1,0
BRDA:82,11,0,0
BRDA:82,11,1,0
BRDA:87,12,0,0
BRDA:87,12,1,0
BRDA:88,13,0,0
BRDA:88,13,1,0
BRDA:107,14,0,0
BRDA:107,15,0,0
BRDA:109,16,0,0
BRDA:110,17,0,0
BRDA:111,18,0,0
BRDA:120,19,0,0
BRDA:120,19,1,0
BRDA:121,20,0,0
BRDA:121,20,1,0
BRDA:122,21,0,0
BRDA:122,21,1,0
BRDA:123,22,0,0
BRDA:123,22,1,0
BRDA:126,23,0,0
BRDA:126,23,1,0
BRDA:137,24,0,0
BRDA:137,24,1,0
BRDA:146,25,0,0
BRDA:146,25,1,0
BRDA:151,26,0,0
BRDA:151,26,1,0
BRDA:161,27,0,0
BRDA:161,27,1,0
BRDA:164,28,0,0
BRDA:164,28,1,0
BRDA:168,29,0,0
BRDA:168,29,1,0
BRDA:172,30,0,0
BRDA:172,30,1,0
BRDA:178,31,0,0
BRDA:178,31,1,0
BRDA:185,32,0,0
BRDA:185,32,1,0
BRDA:203,33,0,0
BRDA:205,34,0,0
BRDA:205,34,1,6
BRDA:205,35,0,6
BRDA:205,35,1,6
BRDA:205,35,2,6
BRDA:210,36,0,6
BRDA:210,36,1,6
BRDA:212,37,0,6
BRDA:212,37,1,6
BRDA:213,38,0,0
BRDA:213,38,1,6
BRDA:213,39,0,6
BRDA:213,39,1,0
BRDA:219,40,0,0
BRDA:219,40,1,6
BRDA:221,41,0,0
BRDA:221,41,1,6
BRDA:227,42,0,0
BRDA:227,42,1,6
BRDA:228,43,0,0
BRDA:228,43,1,0
BRDA:236,44,0,6
BRDA:236,44,1,0
BRDA:248,45,0,0
BRDA:248,45,1,0
BRDA:249,46,0,0
BRDA:249,46,1,0
BRDA:256,47,0,0
BRDA:256,47,1,0
BRDA:268,48,0,0
BRDA:268,48,1,0
BRDA:270,49,0,0
BRDA:270,49,1,0
BRDA:278,50,0,0
BRDA:278,50,1,0
BRDA:290,51,0,0
BRDA:290,51,1,0
BRDA:290,52,0,0
BRDA:290,52,1,0
BRDA:294,53,0,0
BRDA:294,53,1,0
BRDA:301,54,0,0
BRDA:301,54,1,0
BRDA:309,55,0,0
BRDA:309,55,1,0
BRDA:313,56,0,0
BRDA:313,56,1,0
BRDA:322,57,0,0
BRDA:322,57,1,0
BRDA:330,58,0,0
BRDA:330,58,1,0
BRDA:334,59,0,0
BRDA:334,59,1,0
BRDA:350,60,0,0
BRDA:350,60,1,0
BRDA:358,61,0,0
BRDA:358,61,1,0
BRDA:373,62,0,0
BRDA:373,62,1,0
BRDA:384,63,0,0
BRDA:384,63,1,0
BRDA:391,64,0,0
BRDA:391,64,1,0
BRDA:392,65,0,0
BRDA:392,65,1,0
BRDA:400,66,0,0
BRDA:400,66,1,0
BRDA:408,67,0,0
BRDA:408,67,1,0
BRDA:415,68,0,0
BRDA:415,68,1,0
BRDA:420,69,0,0
BRDA:420,69,1,0
BRDA:430,70,0,0
BRDA:430,70,1,0
BRDA:438,71,0,0
BRDA:438,71,1,0
BRDA:450,72,0,0
BRDA:450,72,1,0
BRDA:465,73,0,0
BRDA:465,73,1,0
BRDA:466,74,0,0
BRDA:466,74,1,0
BRDA:470,75,0,0
BRDA:470,75,1,0
BRDA:470,76,0,0
BRDA:470,76,1,0
BRDA:472,77,0,0
BRDA:472,77,1,0
BRDA:475,78,0,0
BRDA:475,78,1,0
BRDA:496,79,0,0
BRDA:496,79,1,0
BRDA:501,80,0,0
BRDA:501,80,1,0
BRDA:508,81,0,0
BRDA:508,81,1,0
BRDA:517,82,0,0
BRDA:517,82,1,0
BRDA:518,83,0,0
BRDA:518,83,1,0
BRDA:520,84,0,0
BRDA:520,84,1,0
BRDA:538,85,0,0
BRDA:538,85,1,0
BRDA:539,86,0,0
BRDA:539,86,1,0
BRDA:539,87,0,0
BRDA:539,87,1,0
BRDA:548,88,0,0
BRDA:548,88,1,0
BRDA:558,89,0,0
BRDA:558,89,1,0
BRDA:559,90,0,0
BRDA:559,90,1,0
BRDA:572,91,0,0
BRDA:572,91,1,0
BRDA:583,92,0,0
BRDA:583,92,1,0
BRDA:589,93,0,0
BRDA:589,93,1,0
BRDA:591,94,0,0
BRDA:591,94,1,0
BRDA:591,95,0,0
BRDA:591,95,1,0
BRDA:594,96,0,0
BRDA:594,96,1,0
BRDA:596,97,0,0
BRDA:596,97,1,0
BRDA:599,98,0,0
BRDA:599,98,1,0
BRDA:599,99,0,0
BRDA:599,99,1,0
BRDA:599,99,2,0
BRDA:602,100,0,0
BRDA:602,100,1,0
BRDA:602,101,0,0
BRDA:602,101,1,0
BRDA:602,101,2,0
BRDA:610,102,0,0
BRDA:610,102,1,0
BRDA:610,103,0,0
BRDA:610,103,1,0
BRDA:611,104,0,0
BRDA:611,104,1,0
BRDA:611,105,0,0
BRDA:611,105,1,0
BRDA:615,106,0,0
BRDA:615,106,1,0
BRDA:617,107,0,0
BRDA:617,107,1,0
BRDA:623,108,0,0
BRDA:623,108,1,0
BRDA:629,109,0,0
BRDA:629,109,1,0
BRDA:634,110,0,0
BRDA:634,110,1,0
BRDA:634,111,0,0
BRDA:634,111,1,0
BRDA:634,111,2,0
BRDA:639,112,0,0
BRDA:639,112,1,0
BRDA:639,113,0,0
BRDA:639,113,1,0
BRDA:639,113,2,0
BRDA:652,114,0,0
BRDA:652,114,1,0
BRDA:654,115,0,0
BRDA:654,115,1,0
BRDA:669,116,0,0
BRDA:669,116,1,0
BRDA:676,117,0,0
BRDA:676,117,1,0
BRF:235
BRH:14
end_of_record
TN:
SF:src/games/casino/crash.js
FN:25,generateCrashPoint
FN:31,multiplierAt
FN:35,ticksUntilCrash
FN:39,multLabel
FN:43,crashColor
FN:53,riskLabel
FN:63,progressBar
FN:73,getCurrentWeekStart
FN:80,updateCrashStats
FN:90,(anonymous_9)
FN:110,(anonymous_10)
FN:118,(anonymous_11)
FN:122,buildWeeklyLeaderboard
FN:133,(anonymous_13)
FN:161,lobbyEmbed
FN:164,(anonymous_15)
FN:168,(anonymous_16)
FN:185,buildLobbyRow
FN:200,liveMultiEmbed
FN:220,buildFinalEmbed
FN:224,(anonymous_20)
FN:246,(anonymous_21)
FN:247,(anonymous_22)
FN:253,(anonymous_23)
FN:260,(anonymous_24)
FN:281,openLobby
FN:311,(anonymous_26)
FN:320,(anonymous_27)
FN:324,updateLobbyEmbed
FN:327,(anonymous_29)
FN:333,(anonymous_30)
FN:336,(anonymous_31)
FN:337,(anonymous_32)
FN:343,(anonymous_33)
FN:369,(anonymous_34)
FN:372,(anonymous_35)
FN:376,(anonymous_36)
FN:382,(anonymous_37)
FN:389,(anonymous_38)
FN:394,startCrashGame
FN:414,(anonymous_40)
FN:418,(anonymous_41)
FN:427,getPlayerLines
FN:430,(anonymous_43)
FN:445,cashOutPlayer
FN:453,(anonymous_45)
FN:473,(anonymous_46)
FN:475,(anonymous_47)
FN:479,(anonymous_48)
FN:483,(anonymous_49)
FN:484,(anonymous_50)
FN:499,(anonymous_51)
FN:502,(anonymous_52)
FN:505,(anonymous_53)
FN:525,(anonymous_54)
FN:526,(anonymous_55)
FN:531,(anonymous_56)
FN:540,(anonymous_57)
FN:552,(anonymous_58)
FN:555,(anonymous_59)
FN:558,(anonymous_60)
FN:561,(anonymous_61)
FN:563,(anonymous_62)
FN:564,(anonymous_63)
FN:565,(anonymous_64)
FN:580,(anonymous_65)
FN:588,(anonymous_66)
FN:589,(anonymous_67)
FN:594,(anonymous_68)
FN:597,(anonymous_69)
FN:602,(anonymous_70)
FNF:71
FNH:2
FNDA:0,generateCrashPoint
FNDA:0,multiplierAt
FNDA:0,ticksUntilCrash
FNDA:0,multLabel
FNDA:0,crashColor
FNDA:0,riskLabel
FNDA:0,progressBar
FNDA:0,getCurrentWeekStart
FNDA:0,updateCrashStats
FNDA:0,(anonymous_9)
FNDA:0,(anonymous_10)
FNDA:0,(anonymous_11)
FNDA:0,buildWeeklyLeaderboard
FNDA:0,(anonymous_13)
FNDA:0,lobbyEmbed
FNDA:0,(anonymous_15)
FNDA:0,(anonymous_16)
FNDA:0,buildLobbyRow
FNDA:0,liveMultiEmbed
FNDA:0,buildFinalEmbed
FNDA:0,(anonymous_20)
FNDA:0,(anonymous_21)
FNDA:0,(anonymous_22)
FNDA:0,(anonymous_23)
FNDA:7,(anonymous_24)
FNDA:7,openLobby
FNDA:0,(anonymous_26)
FNDA:0,(anonymous_27)
FNDA:0,updateLobbyEmbed
FNDA:0,(anonymous_29)
FNDA:0,(anonymous_30)
FNDA:0,(anonymous_31)
FNDA:0,(anonymous_32)
FNDA:0,(anonymous_33)
FNDA:0,(anonymous_34)
FNDA:0,(anonymous_35)
FNDA:0,(anonymous_36)
FNDA:0,(anonymous_37)
FNDA:0,(anonymous_38)
FNDA:0,startCrashGame
FNDA:0,(anonymous_40)
FNDA:0,(anonymous_41)
FNDA:0,getPlayerLines
FNDA:0,(anonymous_43)
FNDA:0,cashOutPlayer
FNDA:0,(anonymous_45)
FNDA:0,(anonymous_46)
FNDA:0,(anonymous_47)
FNDA:0,(anonymous_48)
FNDA:0,(anonymous_49)
FNDA:0,(anonymous_50)
FNDA:0,(anonymous_51)
FNDA:0,(anonymous_52)
FNDA:0,(anonymous_53)
FNDA:0,(anonymous_54)
FNDA:0,(anonymous_55)
FNDA:0,(anonymous_56)
FNDA:0,(anonymous_57)
FNDA:0,(anonymous_58)
FNDA:0,(anonymous_59)
FNDA:0,(anonymous_60)
FNDA:0,(anonymous_61)
FNDA:0,(anonymous_62)
FNDA:0,(anonymous_63)
FNDA:0,(anonymous_64)
FNDA:0,(anonymous_65)
FNDA:0,(anonymous_66)
FNDA:0,(anonymous_67)
FNDA:0,(anonymous_68)
FNDA:0,(anonymous_69)
FNDA:0,(anonymous_70)
DA:7,1
DA:8,1
DA:9,1
DA:10,1
DA:11,1
DA:19,1
DA:21,1
DA:22,1
DA:23,1
DA:26,0
DA:27,0
DA:28,0
DA:32,0
DA:36,0
DA:40,0
DA:44,0
DA:45,0
DA:46,0
DA:47,0
DA:48,0
DA:49,0
DA:50,0
DA:54,0
DA:55,0
DA:56,0
DA:57,0
DA:58,0
DA:59,0
DA:60,0
DA:64,0
DA:65,0
DA:66,0
DA:67,0
DA:68,0
DA:74,0
DA:75,0
DA:76,0
DA:77,0
DA:81,0
DA:84,0
DA:90,0
DA:92,0
DA:94,0
DA:110,0
DA:115,0
DA:118,0
DA:123,0
DA:125,0
DA:133,0
DA:135,0
DA:136,0
DA:143,0
DA:144,0
DA:145,0
DA:146,0
DA:147,0
DA:148,0
DA:151,0
DA:162,0
DA:163,0
DA:164,0
DA:166,0
DA:167,0
DA:168,0
DA:170,0
DA:186,0
DA:201,0
DA:202,0
DA:203,0
DA:221,0
DA:222,0
DA:223,0
DA:224,0
DA:225,0
DA:226,0
DA:227,0
DA:228,0
DA:229,0
DA:231,0
DA:234,0
DA:242,1
DA:246,0
DA:248,0
DA:254,0
DA:261,7
DA:262,7
DA:263,7
DA:264,7
DA:265,7
DA:266,0
DA:267,0
DA:269,7
DA:270,7
DA:271,7
DA:272,7
DA:273,7
DA:282,7
DA:283,7
DA:285,7
DA:286,0
DA:287,0
DA:290,7
DA:291,7
DA:292,0
DA:293,0
DA:296,7
DA:301,7
DA:302,7
DA:303,7
DA:304,7
DA:308,0
DA:309,0
DA:311,0
DA:312,0
DA:314,0
DA:319,0
DA:320,0
DA:325,0
DA:326,0
DA:327,0
DA:328,0
DA:330,0
DA:336,0
DA:337,0
DA:339,0
DA:340,0
DA:341,0
DA:343,0
DA:344,0
DA:345,0
DA:348,0
DA:349,0
DA:351,0
DA:352,0
DA:355,0
DA:360,0
DA:361,0
DA:364,0
DA:365,0
DA:366,0
DA:369,0
DA:370,0
DA:372,0
DA:373,0
DA:376,0
DA:377,0
DA:378,0
DA:380,0
DA:381,0
DA:382,0
DA:383,0
DA:386,0
DA:389,0
DA:390,0
DA:395,0
DA:396,0
DA:397,0
DA:399,0
DA:402,0
DA:403,0
DA:408,0
DA:409,0
DA:410,0
DA:411,0
DA:414,0
DA:416,0
DA:417,0
DA:418,0
DA:421,0
DA:422,0
DA:423,0
DA:424,0
DA:425,0
DA:428,0
DA:429,0
DA:430,0
DA:431,0
DA:432,0
DA:433,0
DA:435,0
DA:436,0
DA:439,0
DA:446,0
DA:447,0
DA:449,0
DA:450,0
DA:453,0
DA:455,0
DA:457,0
DA:458,0
DA:461,0
DA:462,0
DA:465,0
DA:475,0
DA:476,0
DA:478,0
DA:479,0
DA:483,0
DA:484,0
DA:485,0
DA:486,0
DA:487,0
DA:490,0
DA:491,0
DA:492,0
DA:495,0
DA:496,0
DA:501,0
DA:502,0
DA:505,0
DA:506,0
DA:507,0
DA:509,0
DA:510,0
DA:513,0
DA:514,0
DA:515,0
DA:519,0
DA:520,0
DA:521,0
DA:522,0
DA:524,0
DA:525,0
DA:526,0
DA:527,0
DA:528,0
DA:531,0
DA:534,0
DA:537,0
DA:543,0
DA:544,0
DA:551,0
DA:552,0
DA:555,0
DA:556,0
DA:557,0
DA:558,0
DA:562,0
DA:563,0
DA:565,0
DA:568,0
DA:571,0
DA:572,0
DA:583,0
DA:584,0
DA:585,0
DA:586,0
DA:587,0
DA:588,0
DA:589,0
DA:590,0
DA:591,0
DA:594,0
DA:596,0
DA:597,0
DA:602,0
DA:603,0
DA:604,0
DA:605,0
DA:606,0
LF:260
LH:30
BRDA:27,0,0,0
BRDA:27,0,1,0
BRDA:40,1,0,0
BRDA:40,1,1,0
BRDA:44,2,0,0
BRDA:44,2,1,0
BRDA:45,3,0,0
BRDA:45,3,1,0
BRDA:46,4,0,0
BRDA:46,4,1,0
BRDA:47,5,0,0
BRDA:47,5,1,0
BRDA:48,6,0,0
BRDA:48,6,1,0
BRDA:49,7,0,0
BRDA:49,7,1,0
BRDA:54,8,0,0
BRDA:54,8,1,0
BRDA:55,9,0,0
BRDA:55,9,1,0
BRDA:56,10,0,0
BRDA:56,10,1,0
BRDA:57,11,0,0
BRDA:57,11,1,0
BRDA:58,12,0,0
BRDA:58,12,1,0
BRDA:59,13,0,0
BRDA:59,13,1,0
BRDA:67,14,0,0
BRDA:67,14,1,0
BRDA:67,15,0,0
BRDA:67,15,1,0
BRDA:76,16,0,0
BRDA:76,16,1,0
BRDA:88,17,0,0
BRDA:88,17,1,0
BRDA:92,18,0,0
BRDA:92,18,1,0
BRDA:106,19,0,0
BRDA:106,19,1,0
BRDA:135,20,0,0
BRDA:135,20,1,0
BRDA:146,21,0,0
BRDA:146,21,1,0
BRDA:147,22,0,0
BRDA:147,22,1,0
BRDA:163,23,0,0
BRDA:163,23,1,0
BRDA:166,24,0,0
BRDA:166,24,1,0
BRDA:167,25,0,0
BRDA:167,25,1,0
BRDA:209,26,0,0
BRDA:209,26,1,0
BRDA:225,27,0,0
BRDA:225,27,1,0
BRDA:228,28,0,0
BRDA:228,28,1,0
BRDA:237,29,0,0
BRDA:237,29,1,0
BRDA:260,30,0,0
BRDA:262,31,0,7
BRDA:262,31,1,7
BRDA:264,32,0,7
BRDA:264,32,1,7
BRDA:265,33,0,0
BRDA:265,33,1,7
BRDA:265,34,0,7
BRDA:265,34,1,0
BRDA:270,35,0,7
BRDA:270,35,1,0
BRDA:271,36,0,0
BRDA:271,36,1,7
BRDA:272,37,0,7
BRDA:272,37,1,0
BRDA:285,38,0,0
BRDA:285,38,1,7
BRDA:291,39,0,0
BRDA:291,39,1,7
BRDA:301,40,0,7
BRDA:301,40,1,0
BRDA:312,41,0,0
BRDA:312,41,1,0
BRDA:320,42,0,0
BRDA:320,42,1,0
BRDA:337,43,0,0
BRDA:337,43,1,0
BRDA:339,44,0,0
BRDA:339,44,1,0
BRDA:340,45,0,0
BRDA:340,45,1,0
BRDA:348,46,0,0
BRDA:348,46,1,0
BRDA:351,47,0,0
BRDA:351,47,1,0
BRDA:360,48,0,0
BRDA:360,48,1,0
BRDA:365,49,0,0
BRDA:365,49,1,0
BRDA:377,50,0,0
BRDA:377,50,1,0
BRDA:380,51,0,0
BRDA:380,51,1,0
BRDA:390,52,0,0
BRDA:390,52,1,0
BRDA:402,53,0,0
BRDA:402,53,1,0
BRDA:402,54,0,0
BRDA:402,54,1,0
BRDA:403,55,0,0
BRDA:403,55,1,0
BRDA:408,56,0,0
BRDA:408,56,1,0
BRDA:410,57,0,0
BRDA:410,57,1,0
BRDA:431,58,0,0
BRDA:431,58,1,0
BRDA:432,59,0,0
BRDA:432,59,1,0
BRDA:435,60,0,0
BRDA:435,60,1,0
BRDA:445,61,0,0
BRDA:447,62,0,0
BRDA:447,62,1,0
BRDA:447,63,0,0
BRDA:447,63,1,0
BRDA:455,64,0,0
BRDA:455,64,1,0
BRDA:476,65,0,0
BRDA:476,65,1,0
BRDA:479,66,0,0
BRDA:479,66,1,0
BRDA:484,67,0,0
BRDA:484,67,1,0
BRDA:486,68,0,0
BRDA:486,68,1,0
BRDA:486,69,0,0
BRDA:486,69,1,0
BRDA:491,70,0,0
BRDA:491,70,1,0
BRDA:506,71,0,0
BRDA:506,71,1,0
BRDA:514,72,0,0
BRDA:514,72,1,0
BRDA:514,73,0,0
BRDA:514,73,1,0
BRDA:514,73,2,0
BRDA:519,74,0,0
BRDA:519,74,1,0
BRDA:527,75,0,0
BRDA:527,75,1,0
BRDA:556,76,0,0
BRDA:556,76,1,0
BRDA:583,77,0,0
BRDA:583,77,1,0
BRDA:590,78,0,0
BRDA:590,78,1,0
BRDA:603,79,0,0
BRDA:603,79,1,0
BRDA:603,80,0,0
BRDA:603,80,1,0
BRF:161
BRH:12
end_of_record
TN:
SF:src/games/casino/cupgame.js
FN:27,shufflesForRound
FN:31,payoutForRound
FN:36,embedAuthor
FN:43,buildReveal
FN:45,(anonymous_4)
FN:52,playMonte
FN:77,(anonymous_6)
FN:83,(anonymous_7)
FN:83,(anonymous_8)
FN:194,(anonymous_9)
FN:207,(anonymous_10)
FN:296,(anonymous_11)
FN:299,(anonymous_12)
FN:302,(anonymous_13)
FN:303,(anonymous_14)
FN:342,(anonymous_15)
FN:380,(anonymous_16)
FN:382,(anonymous_17)
FN:385,(anonymous_18)
FN:386,(anonymous_19)
FN:406,(anonymous_20)
FN:417,(anonymous_21)
FN:419,(anonymous_22)
FN:428,(anonymous_23)
FN:429,(anonymous_24)
FN:436,(anonymous_25)
FNF:26
FNH:2
FNDA:0,shufflesForRound
FNDA:0,payoutForRound
FNDA:0,embedAuthor
FNDA:0,buildReveal
FNDA:0,(anonymous_4)
FNDA:6,playMonte
FNDA:0,(anonymous_6)
FNDA:0,(anonymous_7)
FNDA:0,(anonymous_8)
FNDA:0,(anonymous_9)
FNDA:0,(anonymous_10)
FNDA:0,(anonymous_11)
FNDA:0,(anonymous_12)
FNDA:0,(anonymous_13)
FNDA:0,(anonymous_14)
FNDA:0,(anonymous_15)
FNDA:0,(anonymous_16)
FNDA:0,(anonymous_17)
FNDA:0,(anonymous_18)
FNDA:0,(anonymous_19)
FNDA:0,(anonymous_20)
FNDA:0,(anonymous_21)
FNDA:0,(anonymous_22)
FNDA:0,(anonymous_23)
FNDA:0,(anonymous_24)
FNDA:6,(anonymous_25)
DA:7,1
DA:8,1
DA:9,1
DA:10,1
DA:11,1
DA:13,1
DA:14,1
DA:16,1
DA:17,1
DA:18,1
DA:21,1
DA:23,1
DA:25,1
DA:28,0
DA:33,0
DA:37,0
DA:44,0
DA:45,0
DA:53,6
DA:54,6
DA:55,6
DA:58,6
DA:59,6
DA:60,6
DA:61,6
DA:67,6
DA:68,6
DA:69,6
DA:70,6
DA:75,0
DA:76,0
DA:77,0
DA:81,0
DA:82,0
DA:83,0
DA:85,0
DA:86,0
DA:88,0
DA:89,0
DA:90,0
DA:91,0
DA:93,0
DA:109,0
DA:110,0
DA:112,0
DA:126,0
DA:128,0
DA:130,0
DA:132,0
DA:133,0
DA:134,0
DA:137,0
DA:138,0
DA:140,0
DA:154,0
DA:159,0
DA:160,0
DA:164,0
DA:166,0
DA:190,0
DA:192,0
DA:193,0
DA:194,0
DA:197,0
DA:198,0
DA:200,0
DA:201,0
DA:202,0
DA:203,0
DA:206,0
DA:207,0
DA:210,0
DA:212,0
DA:213,0
DA:214,0
DA:215,0
DA:216,0
DA:217,0
DA:219,0
DA:220,0
DA:221,0
DA:223,0
DA:224,0
DA:225,0
DA:226,0
DA:228,0
DA:229,0
DA:230,0
DA:233,0
DA:234,0
DA:235,0
DA:238,0
DA:240,0
DA:242,0
DA:243,0
DA:244,0
DA:246,0
DA:248,0
DA:249,0
DA:252,0
DA:253,0
DA:254,0
DA:255,0
DA:256,0
DA:257,0
DA:258,0
DA:259,0
DA:260,0
DA:261,0
DA:262,0
DA:263,0
DA:265,0
DA:266,0
DA:267,0
DA:270,0
DA:272,0
DA:274,0
DA:294,0
DA:295,0
DA:296,0
DA:300,0
DA:301,0
DA:303,0
DA:305,0
DA:309,0
DA:311,0
DA:312,0
DA:314,0
DA:338,0
DA:339,0
DA:340,0
DA:341,0
DA:342,0
DA:345,0
DA:346,0
DA:348,0
DA:350,0
DA:351,0
DA:352,0
DA:354,0
DA:355,0
DA:356,0
DA:357,0
DA:359,0
DA:378,0
DA:379,0
DA:380,0
DA:383,0
DA:384,0
DA:386,0
DA:388,0
DA:392,0
DA:396,0
DA:398,0
DA:399,0
DA:400,0
DA:402,0
DA:403,0
DA:407,0
DA:413,0
DA:414,0
DA:415,0
DA:416,0
DA:417,0
DA:419,0
DA:420,0
DA:424,1
DA:428,0
DA:430,0
DA:437,6
DA:438,6
DA:439,0
DA:440,0
DA:443,6
DA:444,6
DA:445,6
DA:446,0
DA:447,0
DA:450,6
DA:452,6
DA:453,0
DA:454,0
DA:455,0
DA:461,6
DA:462,6
DA:463,6
DA:464,6
LF:187
LH:36
BRDA:38,0,0,0
BRDA:38,0,1,0
BRDA:45,1,0,0
BRDA:45,1,1,0
BRDA:52,2,0,0
BRDA:58,3,0,6
BRDA:58,3,1,0
BRDA:67,4,0,6
BRDA:67,4,1,0
BRDA:71,5,0,6
BRDA:71,5,1,0
BRDA:89,6,0,0
BRDA:89,6,1,0
BRDA:90,7,0,0
BRDA:90,7,1,0
BRDA:91,8,0,0
BRDA:91,8,1,0
BRDA:137,9,0,0
BRDA:137,9,1,0
BRDA:138,10,0,0
BRDA:138,10,1,0
BRDA:159,11,0,0
BRDA:159,11,1,0
BRDA:160,12,0,0
BRDA:160,12,1,0
BRDA:180,13,0,0
BRDA:180,13,1,0
BRDA:194,14,0,0
BRDA:194,14,1,0
BRDA:194,14,2,0
BRDA:201,15,0,0
BRDA:201,15,1,0
BRDA:203,16,0,0
BRDA:203,16,1,0
BRDA:212,17,0,0
BRDA:212,17,1,0
BRDA:221,18,0,0
BRDA:221,18,1,0
BRDA:224,19,0,0
BRDA:224,19,1,0
BRDA:224,20,0,0
BRDA:224,20,1,0
BRDA:224,20,2,0
BRDA:224,20,3,0
BRDA:228,21,0,0
BRDA:228,21,1,0
BRDA:228,22,0,0
BRDA:228,22,1,0
BRDA:228,22,2,0
BRDA:228,22,3,0
BRDA:228,22,4,0
BRDA:234,23,0,0
BRDA:234,23,1,0
BRDA:234,24,0,0
BRDA:234,24,1,0
BRDA:240,25,0,0
BRDA:240,25,1,0
BRDA:240,26,0,0
BRDA:240,26,1,0
BRDA:240,26,2,0
BRDA:240,26,3,0
BRDA:243,27,0,0
BRDA:243,27,1,0
BRDA:249,28,0,0
BRDA:249,28,1,0
BRDA:252,29,0,0
BRDA:252,29,1,0
BRDA:252,30,0,0
BRDA:252,30,1,0
BRDA:256,31,0,0
BRDA:256,31,1,0
BRDA:260,32,0,0
BRDA:260,32,1,0
BRDA:260,33,0,0
BRDA:260,33,1,0
BRDA:263,34,0,0
BRDA:263,34,1,0
BRDA:266,35,0,0
BRDA:266,35,1,0
BRDA:270,36,0,0
BRDA:270,36,1,0
BRDA:270,37,0,0
BRDA:270,37,1,0
BRDA:283,38,0,0
BRDA:283,38,1,0
BRDA:283,39,0,0
BRDA:283,39,1,0
BRDA:285,40,0,0
BRDA:285,40,1,0
BRDA:296,41,0,0
BRDA:296,41,1,0
BRDA:303,42,0,0
BRDA:303,42,1,0
BRDA:342,43,0,0
BRDA:342,43,1,0
BRDA:348,44,0,0
BRDA:348,44,1,0
BRDA:351,45,0,0
BRDA:351,45,1,0
BRDA:356,46,0,0
BRDA:356,46,1,0
BRDA:370,47,0,0
BRDA:370,47,1,0
BRDA:380,48,0,0
BRDA:380,48,1,0
BRDA:386,49,0,0
BRDA:386,49,1,0
BRDA:396,50,0,0
BRDA:396,50,1,0
BRDA:399,51,0,0
BRDA:399,51,1,0
BRDA:404,52,0,0
BRDA:404,52,1,0
BRDA:414,53,0,0
BRDA:414,53,1,0
BRDA:415,54,0,0
BRDA:415,54,1,0
BRDA:436,55,0,0
BRDA:438,56,0,0
BRDA:438,56,1,6
BRDA:438,57,0,6
BRDA:438,57,1,6
BRDA:444,58,0,6
BRDA:444,58,1,6
BRDA:445,59,0,0
BRDA:445,59,1,6
BRDA:445,60,0,6
BRDA:445,60,1,0
BRDA:452,61,0,0
BRDA:452,61,1,6
BRDA:452,62,0,6
BRDA:452,62,1,0
BRDA:454,63,0,0
BRDA:454,63,1,0
BRDA:456,64,0,0
BRDA:456,64,1,0
BRDA:462,65,0,0
BRDA:462,65,1,6
BRDA:463,66,0,6
BRDA:463,66,1,0
BRF:140
BRH:14
end_of_record
TN:
SF:src/games/casino/higherlower.js
FN:21,sessionMult
FN:25,rollCard
FN:32,cardLabel
FN:37,cardDisplay
FN:52,cardInline
FN:56,probabilities
FN:67,embedAuthor
FN:74,questionEmbed
FN:80,(anonymous_8)
FN:110,riskEmbed
FN:134,lossEmbed
FN:148,cashOutEmbed
FN:167,timeoutEmbed
FN:181,playAgainRow
FN:191,(anonymous_14)
FN:192,(anonymous_15)
FN:199,(anonymous_16)
FN:249,(anonymous_17)
FN:260,playHigherLower
FN:288,(anonymous_19)
FN:293,(anonymous_20)
FN:403,(anonymous_21)
FN:408,(anonymous_22)
FN:429,(anonymous_23)
FN:431,(anonymous_24)
FN:437,(anonymous_25)
FN:445,(anonymous_26)
FN:452,(anonymous_27)
FN:453,(anonymous_28)
FN:458,(anonymous_29)
FN:460,(anonymous_30)
FN:465,(anonymous_31)
FN:470,attachReplay
FN:472,(anonymous_33)
FN:475,(anonymous_34)
FN:493,(anonymous_35)
FN:495,(anonymous_36)
FN:496,(anonymous_37)
FNF:38
FNH:1
FNDA:0,sessionMult
FNDA:0,rollCard
FNDA:0,cardLabel
FNDA:0,cardDisplay
FNDA:0,cardInline
FNDA:0,probabilities
FNDA:0,embedAuthor
FNDA:0,questionEmbed
FNDA:0,(anonymous_8)
FNDA:0,riskEmbed
FNDA:0,lossEmbed
FNDA:0,cashOutEmbed
FNDA:0,timeoutEmbed
FNDA:0,playAgainRow
FNDA:0,(anonymous_14)
FNDA:0,(anonymous_15)
FNDA:6,(anonymous_16)
FNDA:0,(anonymous_17)
FNDA:0,playHigherLower
FNDA:0,(anonymous_19)
FNDA:0,(anonymous_20)
FNDA:0,(anonymous_21)
FNDA:0,(anonymous_22)
FNDA:0,(anonymous_23)
FNDA:0,(anonymous_24)
FNDA:0,(anonymous_25)
FNDA:0,(anonymous_26)
FNDA:0,(anonymous_27)
FNDA:0,(anonymous_28)
FNDA:0,(anonymous_29)
FNDA:0,(anonymous_30)
FNDA:0,(anonymous_31)
FNDA:0,attachReplay
FNDA:0,(anonymous_33)
FNDA:0,(anonymous_34)
FNDA:0,(anonymous_35)
FNDA:0,(anonymous_36)
FNDA:0,(anonymous_37)
DA:7,1
DA:8,1
DA:9,1
DA:10,1
DA:11,1
DA:13,1
DA:14,1
DA:15,1
DA:18,1
DA:19,1
DA:22,0
DA:26,0
DA:33,0
DA:34,0
DA:38,0
DA:39,0
DA:40,0
DA:41,0
DA:53,0
DA:57,0
DA:58,0
DA:59,0
DA:60,0
DA:68,0
DA:75,0
DA:76,0
DA:77,0
DA:78,0
DA:79,0
DA:80,0
DA:82,0
DA:86,0
DA:89,0
DA:93,0
DA:111,0
DA:112,0
DA:113,0
DA:135,0
DA:149,0
DA:150,0
DA:151,0
DA:152,0
DA:168,0
DA:182,0
DA:187,1
DA:191,0
DA:193,0
DA:200,6
DA:201,6
DA:205,6
DA:207,6
DA:208,0
DA:209,0
DA:212,6
DA:213,6
DA:214,0
DA:215,0
DA:218,6
DA:219,6
DA:220,6
DA:222,6
DA:223,6
DA:225,6
DA:231,6
DA:237,6
DA:238,6
DA:239,6
DA:244,0
DA:247,0
DA:248,0
DA:249,0
DA:261,0
DA:262,0
DA:263,0
DA:265,0
DA:266,0
DA:268,0
DA:281,0
DA:286,0
DA:287,0
DA:288,0
DA:293,0
DA:294,0
DA:295,0
DA:296,0
DA:299,0
DA:300,0
DA:301,0
DA:302,0
DA:303,0
DA:304,0
DA:307,0
DA:309,0
DA:310,0
DA:311,0
DA:312,0
DA:315,0
DA:318,0
DA:319,0
DA:320,0
DA:321,0
DA:332,0
DA:333,0
DA:334,0
DA:338,0
DA:339,0
DA:340,0
DA:341,0
DA:352,0
DA:353,0
DA:354,0
DA:357,0
DA:359,0
DA:360,0
DA:361,0
DA:365,0
DA:366,0
DA:367,0
DA:371,0
DA:372,0
DA:373,0
DA:376,0
DA:377,0
DA:380,0
DA:381,0
DA:382,0
DA:384,0
DA:396,0
DA:401,0
DA:402,0
DA:403,0
DA:408,0
DA:409,0
DA:410,0
DA:411,0
DA:413,0
DA:414,0
DA:415,0
DA:416,0
DA:420,0
DA:421,0
DA:424,0
DA:425,0
DA:428,0
DA:429,0
DA:430,0
DA:431,0
DA:433,0
DA:437,0
DA:438,0
DA:440,0
DA:441,0
DA:442,0
DA:446,0
DA:447,0
DA:451,0
DA:452,0
DA:453,0
DA:454,0
DA:458,0
DA:459,0
DA:460,0
DA:461,0
DA:462,0
DA:466,0
DA:471,0
DA:472,0
DA:476,0
DA:477,0
DA:482,0
DA:483,0
DA:484,0
DA:489,0
DA:490,0
DA:492,0
DA:493,0
DA:496,0
LF:177
LH:27
BRDA:34,0,0,0
BRDA:34,0,1,0
BRDA:40,1,0,0
BRDA:40,1,1,0
BRDA:69,2,0,0
BRDA:69,2,1,0
BRDA:80,3,0,0
BRDA:80,3,1,0
BRDA:82,4,0,0
BRDA:82,4,1,0
BRDA:86,5,0,0
BRDA:86,5,1,0
BRDA:89,6,0,0
BRDA:89,6,1,0
BRDA:119,7,0,0
BRDA:119,7,1,0
BRDA:122,8,0,0
BRDA:122,8,1,0
BRDA:140,9,0,0
BRDA:140,9,1,0
BRDA:151,10,0,0
BRDA:151,10,1,0
BRDA:199,11,0,0
BRDA:205,12,0,6
BRDA:205,12,1,0
BRDA:207,13,0,0
BRDA:207,13,1,6
BRDA:207,14,0,6
BRDA:207,14,1,6
BRDA:212,15,0,6
BRDA:212,15,1,6
BRDA:213,16,0,0
BRDA:213,16,1,6
BRDA:213,17,0,6
BRDA:213,17,1,0
BRDA:219,18,0,0
BRDA:219,18,1,6
BRDA:220,19,0,6
BRDA:220,19,1,0
BRDA:237,20,0,6
BRDA:237,20,1,0
BRDA:288,21,0,0
BRDA:288,21,1,0
BRDA:307,22,0,0
BRDA:307,22,1,0
BRDA:315,23,0,0
BRDA:315,23,1,0
BRDA:318,24,0,0
BRDA:318,24,1,0
BRDA:318,25,0,0
BRDA:318,25,1,0
BRDA:318,25,2,0
BRDA:318,25,3,0
BRDA:328,26,0,0
BRDA:328,26,1,0
BRDA:338,27,0,0
BRDA:338,27,1,0
BRDA:338,28,0,0
BRDA:338,28,1,0
BRDA:338,28,2,0
BRDA:338,28,3,0
BRDA:348,29,0,0
BRDA:348,29,1,0
BRDA:357,30,0,0
BRDA:357,30,1,0
BRDA:362,31,0,0
BRDA:362,31,1,0
BRDA:376,32,0,0
BRDA:376,32,1,0
BRDA:403,33,0,0
BRDA:403,33,1,0
BRDA:411,34,0,0
BRDA:411,34,1,0
BRDA:417,35,0,0
BRDA:417,35,1,0
BRDA:430,36,0,0
BRDA:430,36,1,0
BRDA:438,37,0,0
BRDA:438,37,1,0
BRDA:443,38,0,0
BRDA:443,38,1,0
BRDA:459,39,0,0
BRDA:459,39,1,0
BRDA:463,40,0,0
BRDA:463,40,1,0
BRDA:472,41,0,0
BRDA:472,41,1,0
BRDA:482,42,0,0
BRDA:482,42,1,0
BRDA:485,43,0,0
BRDA:485,43,1,0
BRDA:496,44,0,0
BRDA:496,44,1,0
BRF:93
BRH:11
end_of_record
TN:
SF:src/games/casino/keno.js
FN:25,(anonymous_0)
FN:25,(anonymous_1)
FN:27,drawNumbers
FN:28,(anonymous_3)
FN:33,(anonymous_4)
FN:36,embedAuthor
FN:45,formatKenoGrid
FN:64,hitBar
FN:71,nearMissCount
FN:72,(anonymous_9)
FN:72,(anonymous_10)
FN:75,phaseTitle
FN:86,playKeno
FN:113,(anonymous_13)
FN:123,(anonymous_14)
FN:125,(anonymous_15)
FN:128,(anonymous_16)
FN:131,(anonymous_17)
FN:133,(anonymous_18)
FN:139,(anonymous_19)
FN:158,(anonymous_20)
FN:184,(anonymous_21)
FN:203,(anonymous_22)
FN:372,(anonymous_23)
FN:375,(anonymous_24)
FN:392,(anonymous_25)
FN:393,(anonymous_26)
FN:401,(anonymous_27)
FN:403,(anonymous_28)
FN:411,(anonymous_29)
FN:412,(anonymous_30)
FN:418,(anonymous_31)
FN:423,(anonymous_32)
FN:439,(anonymous_33)
FN:468,(anonymous_34)
FNF:35
FNH:4
FNDA:0,(anonymous_0)
FNDA:0,(anonymous_1)
FNDA:0,drawNumbers
FNDA:0,(anonymous_3)
FNDA:0,(anonymous_4)
FNDA:0,embedAuthor
FNDA:0,formatKenoGrid
FNDA:0,hitBar
FNDA:0,nearMissCount
FNDA:0,(anonymous_9)
FNDA:0,(anonymous_10)
FNDA:0,phaseTitle
FNDA:6,playKeno
FNDA:0,(anonymous_13)
FNDA:0,(anonymous_14)
FNDA:0,(anonymous_15)
FNDA:0,(anonymous_16)
FNDA:0,(anonymous_17)
FNDA:0,(anonymous_18)
FNDA:0,(anonymous_19)
FNDA:0,(anonymous_20)
FNDA:0,(anonymous_21)
FNDA:0,(anonymous_22)
FNDA:0,(anonymous_23)
FNDA:0,(anonymous_24)
FNDA:0,(anonymous_25)
FNDA:0,(anonymous_26)
FNDA:0,(anonymous_27)
FNDA:0,(anonymous_28)
FNDA:0,(anonymous_29)
FNDA:0,(anonymous_30)
FNDA:0,(anonymous_31)
FNDA:6,(anonymous_32)
FNDA:30,(anonymous_33)
FNDA:24,(anonymous_34)
DA:7,1
DA:8,1
DA:9,1
DA:10,1
DA:11,1
DA:13,1
DA:14,1
DA:16,1
DA:17,1
DA:18,1
DA:22,1
DA:23,1
DA:25,1
DA:28,0
DA:29,0
DA:30,0
DA:31,0
DA:33,0
DA:37,0
DA:46,0
DA:47,0
DA:48,0
DA:49,0
DA:50,0
DA:51,0
DA:52,0
DA:53,0
DA:54,0
DA:55,0
DA:56,0
DA:57,0
DA:59,0
DA:61,0
DA:65,0
DA:66,0
DA:67,0
DA:72,0
DA:76,0
DA:77,0
DA:78,0
DA:79,0
DA:80,0
DA:87,6
DA:88,6
DA:89,6
DA:91,6
DA:92,6
DA:94,6
DA:95,0
DA:97,6
DA:103,6
DA:104,6
DA:105,6
DA:106,6
DA:112,0
DA:113,0
DA:117,0
DA:118,0
DA:121,0
DA:122,0
DA:123,0
DA:124,0
DA:125,0
DA:126,0
DA:127,0
DA:128,0
DA:131,0
DA:132,0
DA:133,0
DA:138,0
DA:139,0
DA:140,0
DA:151,0
DA:152,0
DA:153,0
DA:157,0
DA:158,0
DA:159,0
DA:161,0
DA:162,0
DA:163,0
DA:164,0
DA:165,0
DA:167,0
DA:178,0
DA:179,0
DA:183,0
DA:184,0
DA:185,0
DA:196,0
DA:197,0
DA:200,0
DA:203,0
DA:204,0
DA:206,0
DA:207,0
DA:208,0
DA:209,0
DA:210,0
DA:212,0
DA:214,0
DA:216,0
DA:217,0
DA:218,0
DA:219,0
DA:222,0
DA:223,0
DA:224,0
DA:225,0
DA:228,0
DA:229,0
DA:230,0
DA:233,0
DA:234,0
DA:235,0
DA:236,0
DA:242,0
DA:243,0
DA:245,0
DA:246,0
DA:247,0
DA:248,0
DA:251,0
DA:252,0
DA:253,0
DA:258,0
DA:259,0
DA:261,0
DA:266,0
DA:267,0
DA:268,0
DA:269,0
DA:270,0
DA:275,0
DA:276,0
DA:281,0
DA:282,0
DA:283,0
DA:284,0
DA:285,0
DA:286,0
DA:287,0
DA:288,0
DA:289,0
DA:290,0
DA:291,0
DA:292,0
DA:293,0
DA:294,0
DA:295,0
DA:296,0
DA:297,0
DA:298,0
DA:299,0
DA:300,0
DA:302,0
DA:303,0
DA:304,0
DA:305,0
DA:306,0
DA:307,0
DA:308,0
DA:309,0
DA:311,0
DA:312,0
DA:316,0
DA:317,0
DA:320,0
DA:321,0
DA:323,0
DA:341,0
DA:342,0
DA:349,0
DA:350,0
DA:351,0
DA:352,0
DA:354,0
DA:357,0
DA:358,0
DA:366,0
DA:368,0
DA:370,0
DA:371,0
DA:372,0
DA:376,0
DA:378,0
DA:383,0
DA:384,0
DA:386,0
DA:387,0
DA:389,0
DA:390,0
DA:393,0
DA:397,0
DA:398,0
DA:399,0
DA:400,0
DA:401,0
DA:403,0
DA:407,1
DA:411,0
DA:413,0
DA:419,0
DA:424,6
DA:425,6
DA:426,0
DA:427,0
DA:430,6
DA:431,6
DA:432,6
DA:433,0
DA:434,0
DA:436,6
DA:438,6
DA:439,30
DA:441,6
DA:442,0
DA:443,0
DA:449,6
DA:450,6
DA:451,0
DA:452,0
DA:455,6
DA:456,6
DA:457,0
DA:458,0
DA:459,0
DA:465,6
DA:466,6
DA:467,6
DA:468,24
LF:231
LH:42
BRDA:38,0,0,0
BRDA:38,0,1,0
BRDA:45,1,0,0
BRDA:54,2,0,0
BRDA:54,2,1,0
BRDA:54,3,0,0
BRDA:54,3,1,0
BRDA:55,4,0,0
BRDA:55,4,1,0
BRDA:56,5,0,0
BRDA:56,5,1,0
BRDA:72,6,0,0
BRDA:72,6,1,0
BRDA:76,7,0,0
BRDA:76,7,1,0
BRDA:77,8,0,0
BRDA:77,8,1,0
BRDA:78,9,0,0
BRDA:78,9,1,0
BRDA:79,10,0,0
BRDA:79,10,1,0
BRDA:86,11,0,0
BRDA:94,12,0,0
BRDA:94,12,1,6
BRDA:103,13,0,6
BRDA:103,13,1,0
BRDA:107,14,0,6
BRDA:107,14,1,0
BRDA:124,15,0,0
BRDA:124,15,1,0
BRDA:126,16,0,0
BRDA:126,16,1,0
BRDA:128,17,0,0
BRDA:128,17,1,0
BRDA:138,18,0,0
BRDA:138,18,1,0
BRDA:152,19,0,0
BRDA:152,19,1,0
BRDA:157,20,0,0
BRDA:157,20,1,0
BRDA:161,21,0,0
BRDA:161,21,1,0
BRDA:162,22,0,0
BRDA:162,22,1,0
BRDA:163,23,0,0
BRDA:163,23,1,0
BRDA:164,24,0,0
BRDA:164,24,1,0
BRDA:183,25,0,0
BRDA:183,25,1,0
BRDA:204,26,0,0
BRDA:204,26,1,0
BRDA:212,27,0,0
BRDA:212,27,1,0
BRDA:217,28,0,0
BRDA:217,28,1,0
BRDA:217,29,0,0
BRDA:217,29,1,0
BRDA:217,29,2,0
BRDA:217,29,3,0
BRDA:223,30,0,0
BRDA:223,30,1,0
BRDA:223,31,0,0
BRDA:223,31,1,0
BRDA:223,31,2,0
BRDA:223,31,3,0
BRDA:229,32,0,0
BRDA:229,32,1,0
BRDA:229,33,0,0
BRDA:229,33,1,0
BRDA:235,34,0,0
BRDA:235,34,1,0
BRDA:246,35,0,0
BRDA:246,35,1,0
BRDA:248,36,0,0
BRDA:248,36,1,0
BRDA:248,37,0,0
BRDA:248,37,1,0
BRDA:251,38,0,0
BRDA:251,38,1,0
BRDA:251,39,0,0
BRDA:251,39,1,0
BRDA:268,40,0,0
BRDA:268,40,1,0
BRDA:268,41,0,0
BRDA:268,41,1,0
BRDA:281,42,0,0
BRDA:281,42,1,0
BRDA:285,43,0,0
BRDA:285,43,1,0
BRDA:289,44,0,0
BRDA:289,44,1,0
BRDA:293,45,0,0
BRDA:293,45,1,0
BRDA:297,46,0,0
BRDA:297,46,1,0
BRDA:297,47,0,0
BRDA:297,47,1,0
BRDA:300,48,0,0
BRDA:300,48,1,0
BRDA:304,49,0,0
BRDA:304,49,1,0
BRDA:307,50,0,0
BRDA:307,50,1,0
BRDA:316,51,0,0
BRDA:316,51,1,0
BRDA:317,52,0,0
BRDA:317,52,1,0
BRDA:321,53,0,0
BRDA:321,53,1,0
BRDA:336,54,0,0
BRDA:336,54,1,0
BRDA:341,55,0,0
BRDA:341,55,1,0
BRDA:352,56,0,0
BRDA:352,56,1,0
BRDA:352,56,2,0
BRDA:352,57,0,0
BRDA:352,57,1,0
BRDA:357,58,0,0
BRDA:357,58,1,0
BRDA:372,59,0,0
BRDA:372,59,1,0
BRDA:376,60,0,0
BRDA:376,60,1,0
BRDA:383,61,0,0
BRDA:383,61,1,0
BRDA:393,62,0,0
BRDA:393,62,1,0
BRDA:399,63,0,0
BRDA:399,63,1,0
BRDA:399,64,0,0
BRDA:399,64,1,0
BRDA:423,65,0,0
BRDA:425,66,0,0
BRDA:425,66,1,6
BRDA:425,67,0,6
BRDA:425,67,1,6
BRDA:431,68,0,6
BRDA:431,68,1,6
BRDA:432,69,0,0
BRDA:432,69,1,6
BRDA:432,70,0,6
BRDA:432,70,1,0
BRDA:439,71,0,30
BRDA:439,71,1,30
BRDA:439,71,2,30
BRDA:441,72,0,0
BRDA:441,72,1,6
BRDA:441,73,0,6
BRDA:441,73,1,6
BRDA:450,74,0,0
BRDA:450,74,1,6
BRDA:456,75,0,0
BRDA:456,75,1,6
BRDA:456,76,0,6
BRDA:456,76,1,0
BRDA:458,77,0,0
BRDA:458,77,1,0
BRDA:460,78,0,0
BRDA:460,78,1,0
BRDA:466,79,0,0
BRDA:466,79,1,6
BRDA:467,80,0,6
BRDA:467,80,1,0
BRF:165
BRH:21
end_of_record
TN:
SF:src/games/casino/poker.js
FN:18,(anonymous_0)
FN:20,buildDeck
FN:30,cardStr
FN:31,handStr
FN:33,rankHand
FN:34,(anonymous_5)
FN:34,(anonymous_6)
FN:35,(anonymous_7)
FN:38,(anonymous_8)
FN:38,(anonymous_9)
FN:39,(anonymous_10)
FN:40,(anonymous_11)
FN:41,(anonymous_12)
FN:56,compareTuple
FN:66,bestHand
FN:70,(anonymous_15)
FN:78,compareHands
FN:90,preFlopCategory
FN:91,(anonymous_18)
FN:114,dealerPreFlopAction
FN:126,dealerPostFlopEquity
FN:138,dealerPostFlopAction
FN:145,embedAuthor
FN:157,playPoker
FN:179,(anonymous_24)
FN:179,(anonymous_25)
FN:276,(anonymous_26)
FN:285,(anonymous_27)
FN:405,(anonymous_28)
FN:414,(anonymous_29)
FN:532,(anonymous_30)
FN:541,(anonymous_31)
FN:657,(anonymous_32)
FN:666,(anonymous_33)
FN:778,(anonymous_34)
FN:781,(anonymous_35)
FN:784,(anonymous_36)
FN:785,(anonymous_37)
FN:793,(anonymous_38)
FN:795,(anonymous_39)
FN:803,(anonymous_40)
FN:804,(anonymous_41)
FN:811,(anonymous_42)
FNF:43
FNH:3
FNDA:13,(anonymous_0)
FNDA:0,buildDeck
FNDA:0,cardStr
FNDA:0,handStr
FNDA:0,rankHand
FNDA:0,(anonymous_5)
FNDA:0,(anonymous_6)
FNDA:0,(anonymous_7)
FNDA:0,(anonymous_8)
FNDA:0,(anonymous_9)
FNDA:0,(anonymous_10)
FNDA:0,(anonymous_11)
FNDA:0,(anonymous_12)
FNDA:0,compareTuple
FNDA:0,bestHand
FNDA:0,(anonymous_15)
FNDA:0,compareHands
FNDA:0,preFlopCategory
FNDA:0,(anonymous_18)
FNDA:0,dealerPreFlopAction
FNDA:0,dealerPostFlopEquity
FNDA:0,dealerPostFlopAction
FNDA:0,embedAuthor
FNDA:6,playPoker
FNDA:0,(anonymous_24)
FNDA:0,(anonymous_25)
FNDA:0,(anonymous_26)
FNDA:0,(anonymous_27)
FNDA:0,(anonymous_28)
FNDA:0,(anonymous_29)
FNDA:0,(anonymous_30)
FNDA:0,(anonymous_31)
FNDA:0,(anonymous_32)
FNDA:0,(anonymous_33)
FNDA:0,(anonymous_34)
FNDA:0,(anonymous_35)
FNDA:0,(anonymous_36)
FNDA:0,(anonymous_37)
FNDA:0,(anonymous_38)
FNDA:0,(anonymous_39)
FNDA:0,(anonymous_40)
FNDA:0,(anonymous_41)
FNDA:6,(anonymous_42)
DA:7,1
DA:8,1
DA:9,1
DA:10,1
DA:11,1
DA:13,1
DA:14,1
DA:16,1
DA:17,1
DA:18,13
DA:21,0
DA:22,0
DA:23,0
DA:24,0
DA:25,0
DA:27,0
DA:30,0
DA:31,0
DA:34,0
DA:35,0
DA:36,0
DA:37,0
DA:38,0
DA:39,0
DA:40,0
DA:41,0
DA:42,0
DA:43,0
DA:45,0
DA:46,0
DA:47,0
DA:48,0
DA:49,0
DA:50,0
DA:51,0
DA:52,0
DA:53,0
DA:57,0
DA:58,0
DA:59,0
DA:60,0
DA:61,0
DA:63,0
DA:67,0
DA:68,0
DA:69,0
DA:70,0
DA:71,0
DA:72,0
DA:75,0
DA:79,0
DA:80,0
DA:81,0
DA:82,0
DA:83,0
DA:84,0
DA:91,0
DA:92,0
DA:93,0
DA:94,0
DA:95,0
DA:97,0
DA:98,0
DA:99,0
DA:100,0
DA:101,0
DA:103,0
DA:104,0
DA:105,0
DA:106,0
DA:107,0
DA:108,0
DA:109,0
DA:110,0
DA:115,0
DA:116,0
DA:117,0
DA:118,0
DA:119,0
DA:120,0
DA:127,0
DA:128,0
DA:129,0
DA:131,0
DA:132,0
DA:133,0
DA:139,0
DA:140,0
DA:141,0
DA:142,0
DA:146,0
DA:158,6
DA:159,6
DA:160,6
DA:162,6
DA:163,6
DA:165,6
DA:171,6
DA:172,6
DA:173,6
DA:174,6
DA:179,0
DA:180,0
DA:182,0
DA:183,0
DA:184,0
DA:187,0
DA:188,0
DA:189,0
DA:191,0
DA:194,0
DA:195,0
DA:198,0
DA:199,0
DA:200,0
DA:201,0
DA:202,0
DA:203,0
DA:204,0
DA:205,0
DA:207,0
DA:208,0
DA:210,0
DA:232,0
DA:234,0
DA:237,0
DA:240,0
DA:244,0
DA:255,0
DA:272,0
DA:274,0
DA:275,0
DA:276,0
DA:279,0
DA:280,0
DA:282,0
DA:283,0
DA:284,0
DA:285,0
DA:288,0
DA:289,0
DA:290,0
DA:292,0
DA:293,0
DA:298,0
DA:299,0
DA:300,0
DA:301,0
DA:302,0
DA:304,0
DA:309,0
DA:310,0
DA:311,0
DA:312,0
DA:320,0
DA:324,0
DA:325,0
DA:328,0
DA:329,0
DA:330,0
DA:336,0
DA:338,0
DA:339,0
DA:340,0
DA:341,0
DA:342,0
DA:343,0
DA:345,0
DA:346,0
DA:348,0
DA:370,0
DA:372,0
DA:373,0
DA:384,0
DA:399,0
DA:401,0
DA:403,0
DA:404,0
DA:405,0
DA:408,0
DA:409,0
DA:411,0
DA:412,0
DA:413,0
DA:414,0
DA:417,0
DA:418,0
DA:419,0
DA:420,0
DA:421,0
DA:422,0
DA:427,0
DA:428,0
DA:429,0
DA:430,0
DA:431,0
DA:433,0
DA:435,0
DA:437,0
DA:441,0
DA:442,0
DA:443,0
DA:444,0
DA:452,0
DA:456,0
DA:458,0
DA:459,0
DA:460,0
DA:462,0
DA:463,0
DA:464,0
DA:470,0
DA:471,0
DA:472,0
DA:473,0
DA:474,0
DA:475,0
DA:476,0
DA:477,0
DA:478,0
DA:479,0
DA:497,0
DA:499,0
DA:500,0
DA:511,0
DA:526,0
DA:528,0
DA:530,0
DA:531,0
DA:532,0
DA:535,0
DA:536,0
DA:538,0
DA:539,0
DA:540,0
DA:541,0
DA:544,0
DA:545,0
DA:546,0
DA:547,0
DA:548,0
DA:549,0
DA:554,0
DA:555,0
DA:556,0
DA:557,0
DA:558,0
DA:559,0
DA:561,0
DA:562,0
DA:566,0
DA:567,0
DA:568,0
DA:569,0
DA:577,0
DA:581,0
DA:583,0
DA:584,0
DA:585,0
DA:587,0
DA:588,0
DA:589,0
DA:595,0
DA:596,0
DA:597,0
DA:598,0
DA:599,0
DA:600,0
DA:601,0
DA:602,0
DA:603,0
DA:604,0
DA:622,0
DA:624,0
DA:625,0
DA:636,0
DA:651,0
DA:653,0
DA:655,0
DA:656,0
DA:657,0
DA:660,0
DA:661,0
DA:663,0
DA:664,0
DA:665,0
DA:666,0
DA:669,0
DA:670,0
DA:671,0
DA:672,0
DA:673,0
DA:674,0
DA:679,0
DA:680,0
DA:681,0
DA:682,0
DA:683,0
DA:684,0
DA:686,0
DA:687,0
DA:691,0
DA:692,0
DA:693,0
DA:694,0
DA:702,0
DA:706,0
DA:708,0
DA:709,0
DA:710,0
DA:712,0
DA:713,0
DA:714,0
DA:715,0
DA:717,0
DA:718,0
DA:720,0
DA:721,0
DA:722,0
DA:723,0
DA:724,0
DA:727,0
DA:728,0
DA:729,0
DA:732,0
DA:733,0
DA:734,0
DA:736,0
DA:737,0
DA:739,0
DA:740,0
DA:743,0
DA:744,0
DA:745,0
DA:747,0
DA:748,0
DA:749,0
DA:751,0
DA:753,0
DA:776,0
DA:777,0
DA:778,0
DA:782,0
DA:783,0
DA:785,0
DA:789,0
DA:790,0
DA:791,0
DA:792,0
DA:793,0
DA:795,0
DA:799,1
DA:803,0
DA:805,0
DA:812,6
DA:813,6
DA:814,0
DA:815,0
DA:818,6
DA:819,6
DA:820,6
DA:821,0
DA:822,0
DA:824,6
DA:826,6
DA:827,0
DA:828,0
DA:829,0
DA:835,6
DA:836,6
DA:837,6
DA:838,6
LF:372
LH:32
BRDA:37,0,0,0
BRDA:37,0,1,0
BRDA:38,1,0,0
BRDA:38,1,1,0
BRDA:42,2,0,0
BRDA:42,2,1,0
BRDA:45,3,0,0
BRDA:45,3,1,0
BRDA:45,4,0,0
BRDA:45,4,1,0
BRDA:45,4,2,0
BRDA:45,5,0,0
BRDA:45,5,1,0
BRDA:46,6,0,0
BRDA:46,6,1,0
BRDA:47,7,0,0
BRDA:47,7,1,0
BRDA:47,8,0,0
BRDA:47,8,1,0
BRDA:48,9,0,0
BRDA:48,9,1,0
BRDA:49,10,0,0
BRDA:49,10,1,0
BRDA:49,11,0,0
BRDA:49,11,1,0
BRDA:49,12,0,0
BRDA:49,12,1,0
BRDA:50,13,0,0
BRDA:50,13,1,0
BRDA:51,14,0,0
BRDA:51,14,1,0
BRDA:51,15,0,0
BRDA:51,15,1,0
BRDA:52,16,0,0
BRDA:52,16,1,0
BRDA:57,17,0,0
BRDA:57,17,1,0
BRDA:59,18,0,0
BRDA:59,18,1,0
BRDA:60,19,0,0
BRDA:60,19,1,0
BRDA:61,20,0,0
BRDA:61,20,1,0
BRDA:70,21,0,0
BRDA:70,21,1,0
BRDA:72,22,0,0
BRDA:72,22,1,0
BRDA:72,23,0,0
BRDA:72,23,1,0
BRDA:82,24,0,0
BRDA:82,24,1,0
BRDA:83,25,0,0
BRDA:83,25,1,0
BRDA:97,26,0,0
BRDA:97,26,1,0
BRDA:98,27,0,0
BRDA:98,27,1,0
BRDA:99,28,0,0
BRDA:99,28,1,0
BRDA:100,29,0,0
BRDA:100,29,1,0
BRDA:103,30,0,0
BRDA:103,30,1,0
BRDA:103,31,0,0
BRDA:103,31,1,0
BRDA:104,32,0,0
BRDA:104,32,1,0
BRDA:104,33,0,0
BRDA:104,33,1,0
BRDA:105,34,0,0
BRDA:105,34,1,0
BRDA:105,35,0,0
BRDA:105,35,1,0
BRDA:105,35,2,0
BRDA:106,36,0,0
BRDA:106,36,1,0
BRDA:106,37,0,0
BRDA:106,37,1,0
BRDA:107,38,0,0
BRDA:107,38,1,0
BRDA:107,39,0,0
BRDA:107,39,1,0
BRDA:108,40,0,0
BRDA:108,40,1,0
BRDA:108,41,0,0
BRDA:108,41,1,0
BRDA:108,41,2,0
BRDA:109,42,0,0
BRDA:109,42,1,0
BRDA:109,43,0,0
BRDA:109,43,1,0
BRDA:109,43,2,0
BRDA:116,44,0,0
BRDA:116,44,1,0
BRDA:116,44,2,0
BRDA:116,44,3,0
BRDA:118,45,0,0
BRDA:118,45,1,0
BRDA:119,46,0,0
BRDA:119,46,1,0
BRDA:120,47,0,0
BRDA:120,47,1,0
BRDA:131,48,0,0
BRDA:131,48,1,0
BRDA:132,49,0,0
BRDA:132,49,1,0
BRDA:140,50,0,0
BRDA:140,50,1,0
BRDA:141,51,0,0
BRDA:141,51,1,0
BRDA:147,52,0,0
BRDA:147,52,1,0
BRDA:171,53,0,6
BRDA:171,53,1,0
BRDA:175,54,0,6
BRDA:175,54,1,0
BRDA:198,55,0,0
BRDA:198,55,1,0
BRDA:205,56,0,0
BRDA:205,56,1,0
BRDA:224,57,0,0
BRDA:224,57,1,0
BRDA:232,58,0,0
BRDA:232,58,1,0
BRDA:240,59,0,0
BRDA:240,59,1,0
BRDA:244,60,0,0
BRDA:244,60,1,0
BRDA:268,61,0,0
BRDA:268,61,1,0
BRDA:276,62,0,0
BRDA:276,62,1,0
BRDA:288,63,0,0
BRDA:288,63,1,0
BRDA:290,64,0,0
BRDA:290,64,1,0
BRDA:290,65,0,0
BRDA:290,65,1,0
BRDA:298,66,0,0
BRDA:298,66,1,0
BRDA:301,67,0,0
BRDA:301,67,1,0
BRDA:302,68,0,0
BRDA:302,68,1,0
BRDA:309,69,0,0
BRDA:309,69,1,0
BRDA:330,70,0,0
BRDA:330,70,1,0
BRDA:332,71,0,0
BRDA:332,71,1,0
BRDA:336,72,0,0
BRDA:336,72,1,0
BRDA:343,73,0,0
BRDA:343,73,1,0
BRDA:370,74,0,0
BRDA:370,74,1,0
BRDA:373,75,0,0
BRDA:373,75,1,0
BRDA:405,76,0,0
BRDA:405,76,1,0
BRDA:417,77,0,0
BRDA:417,77,1,0
BRDA:419,78,0,0
BRDA:419,78,1,0
BRDA:419,79,0,0
BRDA:419,79,1,0
BRDA:421,80,0,0
BRDA:421,80,1,0
BRDA:427,81,0,0
BRDA:427,81,1,0
BRDA:430,82,0,0
BRDA:430,82,1,0
BRDA:431,83,0,0
BRDA:431,83,1,0
BRDA:435,84,0,0
BRDA:435,84,1,0
BRDA:441,85,0,0
BRDA:441,85,1,0
BRDA:464,86,0,0
BRDA:464,86,1,0
BRDA:466,87,0,0
BRDA:466,87,1,0
BRDA:470,88,0,0
BRDA:470,88,1,0
BRDA:476,89,0,0
BRDA:476,89,1,0
BRDA:497,90,0,0
BRDA:497,90,1,0
BRDA:500,91,0,0
BRDA:500,91,1,0
BRDA:532,92,0,0
BRDA:532,92,1,0
BRDA:544,93,0,0
BRDA:544,93,1,0
BRDA:546,94,0,0
BRDA:546,94,1,0
BRDA:546,95,0,0
BRDA:546,95,1,0
BRDA:548,96,0,0
BRDA:548,96,1,0
BRDA:554,97,0,0
BRDA:554,97,1,0
BRDA:557,98,0,0
BRDA:557,98,1,0
BRDA:558,99,0,0
BRDA:558,99,1,0
BRDA:561,100,0,0
BRDA:561,100,1,0
BRDA:566,101,0,0
BRDA:566,101,1,0
BRDA:589,102,0,0
BRDA:589,102,1,0
BRDA:591,103,0,0
BRDA:591,103,1,0
BRDA:595,104,0,0
BRDA:595,104,1,0
BRDA:601,105,0,0
BRDA:601,105,1,0
BRDA:622,106,0,0
BRDA:622,106,1,0
BRDA:625,107,0,0
BRDA:625,107,1,0
BRDA:657,108,0,0
BRDA:657,108,1,0
BRDA:669,109,0,0
BRDA:669,109,1,0
BRDA:671,110,0,0
BRDA:671,110,1,0
BRDA:671,111,0,0
BRDA:671,111,1,0
BRDA:673,112,0,0
BRDA:673,112,1,0
BRDA:679,113,0,0
BRDA:679,113,1,0
BRDA:682,114,0,0
BRDA:682,114,1,0
BRDA:683,115,0,0
BRDA:683,115,1,0
BRDA:686,116,0,0
BRDA:686,116,1,0
BRDA:691,117,0,0
BRDA:691,117,1,0
BRDA:720,118,0,0
BRDA:720,118,1,0
BRDA:721,119,0,0
BRDA:721,119,1,0
BRDA:722,120,0,0
BRDA:722,120,1,0
BRDA:722,121,0,0
BRDA:722,121,1,0
BRDA:722,121,2,0
BRDA:722,121,3,0
BRDA:728,122,0,0
BRDA:728,122,1,0
BRDA:728,123,0,0
BRDA:728,123,1,0
BRDA:733,124,0,0
BRDA:733,124,1,0
BRDA:740,125,0,0
BRDA:740,125,1,0
BRDA:743,126,0,0
BRDA:743,126,1,0
BRDA:744,127,0,0
BRDA:744,127,1,0
BRDA:749,128,0,0
BRDA:749,128,1,0
BRDA:749,129,0,0
BRDA:749,129,1,0
BRDA:765,130,0,0
BRDA:765,130,1,0
BRDA:765,131,0,0
BRDA:765,131,1,0
BRDA:767,132,0,0
BRDA:767,132,1,0
BRDA:778,133,0,0
BRDA:778,133,1,0
BRDA:785,134,0,0
BRDA:785,134,1,0
BRDA:791,135,0,0
BRDA:791,135,1,0
BRDA:791,136,0,0
BRDA:791,136,1,0
BRDA:811,137,0,0
BRDA:813,138,0,0
BRDA:813,138,1,6
BRDA:813,139,0,6
BRDA:813,139,1,6
BRDA:819,140,0,6
BRDA:819,140,1,6
BRDA:820,141,0,0
BRDA:820,141,1,6
BRDA:820,142,0,6
BRDA:820,142,1,0
BRDA:826,143,0,0
BRDA:826,143,1,6
BRDA:826,144,0,6
BRDA:826,144,1,0
BRDA:828,145,0,0
BRDA:828,145,1,0
BRDA:830,146,0,0
BRDA:830,146,1,0
BRDA:836,147,0,0
BRDA:836,147,1,6
BRDA:837,148,0,6
BRDA:837,148,1,0
BRF:305
BRH:13
end_of_record
TN:
SF:src/games/casino/roulette.js
FN:21,colorOf
FN:26,pocketEmoji
FN:34,(anonymous_2)
FN:35,(anonymous_3)
FN:36,(anonymous_4)
FN:37,(anonymous_5)
FN:38,(anonymous_6)
FN:39,(anonymous_7)
FN:40,(anonymous_8)
FN:41,(anonymous_9)
FN:42,(anonymous_10)
FN:43,(anonymous_11)
FN:44,(anonymous_12)
FN:45,(anonymous_13)
FN:46,(anonymous_14)
FN:49,spin
FN:51,pocketLabel
FN:56,pocketStrip
FN:67,describeBet
FN:72,betOdds
FN:78,embedAuthor
FN:85,spinningEmbed
FN:102,historyLine
FN:104,(anonymous_23)
FN:107,resultEmbed
FN:148,(anonymous_25)
FN:149,(anonymous_26)
FN:168,(anonymous_27)
FN:174,(anonymous_28)
FN:181,(anonymous_29)
FN:217,playRoulette
FN:260,(anonymous_31)
FN:260,(anonymous_32)
FN:267,(anonymous_33)
FN:278,(anonymous_34)
FN:296,(anonymous_35)
FN:299,(anonymous_36)
FN:319,(anonymous_37)
FN:323,(anonymous_38)
FN:331,(anonymous_39)
FN:332,(anonymous_40)
FN:339,(anonymous_41)
FN:345,(anonymous_42)
FNF:43
FNH:2
FNDA:0,colorOf
FNDA:0,pocketEmoji
FNDA:0,(anonymous_2)
FNDA:0,(anonymous_3)
FNDA:0,(anonymous_4)
FNDA:0,(anonymous_5)
FNDA:0,(anonymous_6)
FNDA:0,(anonymous_7)
FNDA:0,(anonymous_8)
FNDA:0,(anonymous_9)
FNDA:0,(anonymous_10)
FNDA:0,(anonymous_11)
FNDA:0,(anonymous_12)
FNDA:0,(anonymous_13)
FNDA:0,(anonymous_14)
FNDA:0,spin
FNDA:0,pocketLabel
FNDA:0,pocketStrip
FNDA:0,describeBet
FNDA:0,betOdds
FNDA:0,embedAuthor
FNDA:0,spinningEmbed
FNDA:0,historyLine
FNDA:0,(anonymous_23)
FNDA:0,resultEmbed
FNDA:0,(anonymous_25)
FNDA:0,(anonymous_26)
FNDA:0,(anonymous_27)
FNDA:0,(anonymous_28)
FNDA:6,(anonymous_29)
FNDA:6,playRoulette
FNDA:0,(anonymous_31)
FNDA:0,(anonymous_32)
FNDA:0,(anonymous_33)
FNDA:0,(anonymous_34)
FNDA:0,(anonymous_35)
FNDA:0,(anonymous_36)
FNDA:0,(anonymous_37)
FNDA:0,(anonymous_38)
FNDA:0,(anonymous_39)
FNDA:0,(anonymous_40)
FNDA:0,(anonymous_41)
FNDA:0,(anonymous_42)
DA:7,1
DA:8,1
DA:9,1
DA:10,1
DA:11,1
DA:13,1
DA:14,1
DA:16,1
DA:22,0
DA:23,0
DA:27,0
DA:28,0
DA:29,0
DA:30,0
DA:33,1
DA:34,0
DA:35,0
DA:36,0
DA:37,0
DA:38,0
DA:39,0
DA:40,0
DA:41,0
DA:42,0
DA:43,0
DA:44,0
DA:45,0
DA:46,0
DA:49,0
DA:52,0
DA:57,0
DA:58,0
DA:59,0
DA:60,0
DA:61,0
DA:62,0
DA:64,0
DA:68,0
DA:69,0
DA:73,0
DA:74,0
DA:75,0
DA:79,0
DA:86,0
DA:103,0
DA:104,0
DA:108,0
DA:109,0
DA:110,0
DA:114,0
DA:120,0
DA:123,0
DA:143,1
DA:148,0
DA:150,0
DA:169,0
DA:175,0
DA:182,6
DA:183,0
DA:184,0
DA:187,6
DA:188,6
DA:189,6
DA:191,6
DA:192,0
DA:193,0
DA:199,6
DA:200,6
DA:201,6
DA:202,0
DA:203,0
DA:205,6
DA:206,6
DA:207,6
DA:208,6
DA:209,6
DA:210,6
DA:218,6
DA:219,6
DA:220,6
DA:222,6
DA:223,6
DA:224,6
DA:225,0
DA:226,0
DA:229,6
DA:235,6
DA:241,6
DA:242,6
DA:243,6
DA:248,0
DA:249,0
DA:250,0
DA:252,0
DA:253,0
DA:254,0
DA:255,0
DA:256,0
DA:258,0
DA:259,0
DA:260,0
DA:263,0
DA:265,0
DA:269,0
DA:270,0
DA:271,0
DA:272,0
DA:274,0
DA:275,0
DA:276,0
DA:281,0
DA:282,0
DA:283,0
DA:289,0
DA:290,0
DA:293,0
DA:299,0
DA:300,0
DA:302,0
DA:303,0
DA:307,0
DA:308,0
DA:309,0
DA:310,0
DA:312,0
DA:317,0
DA:318,0
DA:319,0
DA:323,0
DA:324,0
DA:325,0
DA:326,0
DA:327,0
DA:329,0
DA:331,0
DA:332,0
DA:336,0
DA:337,0
DA:338,0
DA:339,0
DA:340,0
DA:342,0
LF:142
LH:35
BRDA:22,0,0,0
BRDA:22,0,1,0
BRDA:23,1,0,0
BRDA:23,1,1,0
BRDA:28,2,0,0
BRDA:28,2,1,0
BRDA:29,3,0,0
BRDA:29,3,1,0
BRDA:36,4,0,0
BRDA:36,4,1,0
BRDA:37,5,0,0
BRDA:37,5,1,0
BRDA:38,6,0,0
BRDA:38,6,1,0
BRDA:39,7,0,0
BRDA:39,7,1,0
BRDA:40,8,0,0
BRDA:40,8,1,0
BRDA:41,9,0,0
BRDA:41,9,1,0
BRDA:42,10,0,0
BRDA:42,10,1,0
BRDA:43,11,0,0
BRDA:43,11,1,0
BRDA:44,12,0,0
BRDA:44,12,1,0
BRDA:45,13,0,0
BRDA:45,13,1,0
BRDA:56,14,0,0
BRDA:62,15,0,0
BRDA:62,15,1,0
BRDA:62,16,0,0
BRDA:62,16,1,0
BRDA:68,17,0,0
BRDA:68,17,1,0
BRDA:74,18,0,0
BRDA:74,18,1,0
BRDA:75,19,0,0
BRDA:75,19,1,0
BRDA:80,20,0,0
BRDA:80,20,1,0
BRDA:103,21,0,0
BRDA:103,21,1,0
BRDA:103,22,0,0
BRDA:103,22,1,0
BRDA:108,23,0,0
BRDA:108,23,1,0
BRDA:109,24,0,0
BRDA:109,24,1,0
BRDA:110,25,0,0
BRDA:110,25,1,0
BRDA:114,26,0,0
BRDA:114,26,1,0
BRDA:116,27,0,0
BRDA:116,27,1,0
BRDA:120,28,0,0
BRDA:120,28,1,0
BRDA:121,29,0,0
BRDA:121,29,1,0
BRDA:127,30,0,0
BRDA:127,30,1,0
BRDA:130,31,0,0
BRDA:130,31,1,0
BRDA:181,32,0,0
BRDA:182,33,0,0
BRDA:182,33,1,6
BRDA:191,34,0,0
BRDA:191,34,1,6
BRDA:191,35,0,6
BRDA:191,35,1,0
BRDA:200,36,0,6
BRDA:200,36,1,6
BRDA:201,37,0,0
BRDA:201,37,1,6
BRDA:201,38,0,6
BRDA:201,38,1,0
BRDA:206,39,0,6
BRDA:206,39,1,0
BRDA:208,40,0,0
BRDA:208,40,1,6
BRDA:209,41,0,6
BRDA:209,41,1,0
BRDA:224,42,0,0
BRDA:224,42,1,6
BRDA:224,43,0,6
BRDA:224,43,1,6
BRDA:241,44,0,6
BRDA:241,44,1,0
BRDA:253,45,0,0
BRDA:253,45,1,0
BRDA:253,46,0,0
BRDA:253,46,1,0
BRDA:253,46,2,0
BRDA:253,46,3,0
BRDA:258,47,0,0
BRDA:258,47,1,0
BRDA:259,48,0,0
BRDA:259,48,1,0
BRDA:271,49,0,0
BRDA:271,49,1,0
BRDA:272,50,0,0
BRDA:272,50,1,0
BRDA:282,51,0,0
BRDA:282,51,1,0
BRDA:300,52,0,0
BRDA:300,52,1,0
BRDA:308,53,0,0
BRDA:308,53,1,0
BRDA:309,54,0,0
BRDA:309,54,1,0
BRDA:310,55,0,0
BRDA:310,55,1,0
BRDA:319,56,0,0
BRDA:319,56,1,0
BRDA:326,57,0,0
BRDA:326,57,1,0
BRDA:327,58,0,0
BRDA:327,58,1,0
BRDA:332,59,0,0
BRDA:332,59,1,0
BRDA:338,60,0,0
BRDA:338,60,1,0
BRDA:338,61,0,0
BRDA:338,61,1,0
BRF:124
BRH:14
end_of_record
TN:
SF:src/games/casino/slots.js
FN:31,(anonymous_0)
FN:32,(anonymous_1)
FN:36,spinReel
FN:45,randomEmoji
FN:49,reelDisplay
FN:50,(anonymous_5)
FN:53,evaluate
FN:54,(anonymous_7)
FN:55,(anonymous_8)
FN:56,(anonymous_9)
FN:57,(anonymous_10)
FN:59,(anonymous_11)
FN:73,(anonymous_12)
FN:75,(anonymous_13)
FN:86,embedAuthor
FN:93,spinEmbed
FN:112,resultEmbed
FN:114,(anonymous_17)
FN:154,jackpotBroadcastEmbed
FN:173,paytableEmbed
FN:201,(anonymous_20)
FN:202,(anonymous_21)
FN:208,(anonymous_22)
FN:228,playSlots
FN:243,(anonymous_24)
FN:276,(anonymous_25)
FN:316,(anonymous_26)
FN:336,(anonymous_27)
FN:351,(anonymous_28)
FN:351,(anonymous_29)
FN:370,(anonymous_30)
FN:394,(anonymous_31)
FN:395,(anonymous_32)
FN:427,(anonymous_33)
FN:459,(anonymous_34)
FN:463,(anonymous_35)
FN:473,(anonymous_36)
FN:474,(anonymous_37)
FN:480,(anonymous_38)
FNF:39
FNH:18
FNDA:9,(anonymous_0)
FNDA:9,(anonymous_1)
FNDA:3,spinReel
FNDA:3,randomEmoji
FNDA:1,reelDisplay
FNDA:3,(anonymous_5)
FNDA:1,evaluate
FNDA:3,(anonymous_7)
FNDA:3,(anonymous_8)
FNDA:3,(anonymous_9)
FNDA:3,(anonymous_10)
FNDA:0,(anonymous_11)
FNDA:1,(anonymous_12)
FNDA:4,(anonymous_13)
FNDA:1,embedAuthor
FNDA:1,spinEmbed
FNDA:0,resultEmbed
FNDA:0,(anonymous_17)
FNDA:0,jackpotBroadcastEmbed
FNDA:0,paytableEmbed
FNDA:0,(anonymous_20)
FNDA:0,(anonymous_21)
FNDA:7,(anonymous_22)
FNDA:7,playSlots
FNDA:7,(anonymous_24)
FNDA:0,(anonymous_25)
FNDA:0,(anonymous_26)
FNDA:0,(anonymous_27)
FNDA:0,(anonymous_28)
FNDA:0,(anonymous_29)
FNDA:0,(anonymous_30)
FNDA:0,(anonymous_31)
FNDA:0,(anonymous_32)
FNDA:0,(anonymous_33)
FNDA:0,(anonymous_34)
FNDA:0,(anonymous_35)
FNDA:0,(anonymous_36)
FNDA:0,(anonymous_37)
FNDA:0,(anonymous_38)
DA:7,1
DA:8,1
DA:9,1
DA:10,1
DA:11,1
DA:12,1
DA:14,1
DA:16,1
DA:28,1
DA:29,1
DA:31,9
DA:32,9
DA:33,1
DA:34,1
DA:37,3
DA:38,3
DA:39,9
DA:40,9
DA:42,0
DA:46,3
DA:50,3
DA:54,3
DA:55,3
DA:56,3
DA:57,3
DA:58,1
DA:59,1
DA:61,1
DA:62,0
DA:63,1
DA:64,0
DA:67,1
DA:68,0
DA:70,1
DA:71,1
DA:72,3
DA:73,1
DA:74,1
DA:75,4
DA:77,1
DA:78,0
DA:79,1
DA:80,1
DA:83,0
DA:87,1
DA:94,1
DA:99,1
DA:113,0
DA:114,0
DA:115,0
DA:116,0
DA:118,0
DA:127,0
DA:129,0
DA:130,0
DA:131,0
DA:133,0
DA:134,0
DA:135,0
DA:155,0
DA:174,0
DA:197,1
DA:201,0
DA:203,0
DA:209,7
DA:210,7
DA:211,7
DA:212,7
DA:213,0
DA:214,0
DA:216,7
DA:217,7
DA:218,7
DA:219,7
DA:220,7
DA:221,7
DA:229,7
DA:230,7
DA:231,7
DA:232,7
DA:243,7
DA:246,7
DA:247,7
DA:248,7
DA:249,7
DA:250,7
DA:253,7
DA:258,7
DA:259,6
DA:260,6
DA:261,6
DA:268,1
DA:271,1
DA:272,1
DA:274,1
DA:275,1
DA:276,0
DA:277,0
DA:280,1
DA:281,1
DA:284,1
DA:285,1
DA:286,0
DA:287,0
DA:288,0
DA:291,1
DA:292,0
DA:296,1
DA:297,1
DA:299,1
DA:304,0
DA:315,0
DA:316,0
DA:317,0
DA:318,0
DA:319,0
DA:321,1
DA:322,1
DA:326,1
DA:327,1
DA:328,1
DA:329,0
DA:330,0
DA:334,1
DA:335,1
DA:336,1
DA:339,1
DA:340,1
DA:341,0
DA:345,1
DA:351,1
DA:353,1
DA:354,0
DA:355,0
DA:356,0
DA:357,0
DA:358,0
DA:361,0
DA:362,0
DA:363,0
DA:364,0
DA:367,0
DA:370,0
DA:374,0
DA:375,0
DA:376,0
DA:377,0
DA:378,0
DA:379,0
DA:382,0
DA:383,0
DA:384,0
DA:385,0
DA:387,0
DA:388,0
DA:394,0
DA:395,0
DA:397,0
DA:406,0
DA:407,0
DA:413,0
DA:416,0
DA:417,0
DA:418,0
DA:419,0
DA:420,0
DA:426,0
DA:427,0
DA:431,0
DA:432,0
DA:434,0
DA:439,0
DA:440,0
DA:441,0
DA:442,0
DA:444,0
DA:445,0
DA:446,0
DA:448,0
DA:449,0
DA:450,0
DA:452,0
DA:457,0
DA:458,0
DA:459,0
DA:463,0
DA:464,0
DA:465,0
DA:466,0
DA:468,0
DA:469,0
DA:470,0
DA:473,0
DA:474,0
DA:478,1
DA:479,1
DA:480,1
LF:197
LH:96
BRDA:32,0,0,9
BRDA:32,0,1,3
BRDA:40,1,0,3
BRDA:40,1,1,6
BRDA:50,2,0,0
BRDA:50,2,1,3
BRDA:61,3,0,0
BRDA:61,3,1,1
BRDA:63,4,0,0
BRDA:63,4,1,1
BRDA:67,5,0,0
BRDA:67,5,1,1
BRDA:70,6,0,1
BRDA:70,6,1,0
BRDA:72,7,0,3
BRDA:72,7,1,2
BRDA:77,8,0,0
BRDA:77,8,1,1
BRDA:79,9,0,1
BRDA:79,9,1,0
BRDA:88,10,0,1
BRDA:88,10,1,0
BRDA:116,11,0,0
BRDA:116,11,1,0
BRDA:121,12,0,0
BRDA:121,12,1,0
BRDA:122,13,0,0
BRDA:122,13,1,0
BRDA:127,14,0,0
BRDA:127,14,1,0
BRDA:130,15,0,0
BRDA:130,15,1,0
BRDA:130,16,0,0
BRDA:130,16,1,0
BRDA:131,17,0,0
BRDA:131,17,1,0
BRDA:131,18,0,0
BRDA:131,18,1,0
BRDA:133,19,0,0
BRDA:133,19,1,0
BRDA:134,20,0,0
BRDA:134,20,1,0
BRDA:208,21,0,0
BRDA:211,22,0,7
BRDA:211,22,1,7
BRDA:212,23,0,0
BRDA:212,23,1,7
BRDA:212,24,0,7
BRDA:212,24,1,0
BRDA:217,25,0,7
BRDA:217,25,1,0
BRDA:219,26,0,0
BRDA:219,26,1,7
BRDA:220,27,0,7
BRDA:220,27,1,0
BRDA:258,28,0,6
BRDA:258,28,1,1
BRDA:262,29,0,6
BRDA:262,29,1,0
BRDA:268,30,0,1
BRDA:268,30,1,1
BRDA:271,31,0,1
BRDA:271,31,1,1
BRDA:275,32,0,0
BRDA:275,32,1,1
BRDA:285,33,0,0
BRDA:285,33,1,1
BRDA:285,34,0,1
BRDA:285,34,1,0
BRDA:285,34,2,0
BRDA:285,34,3,0
BRDA:291,35,0,0
BRDA:291,35,1,1
BRDA:291,36,0,1
BRDA:291,36,1,0
BRDA:291,36,2,0
BRDA:291,36,3,0
BRDA:299,37,0,0
BRDA:299,37,1,1
BRDA:315,38,0,0
BRDA:315,38,1,0
BRDA:328,39,0,0
BRDA:328,39,1,1
BRDA:329,40,0,0
BRDA:329,40,1,0
BRDA:330,41,0,0
BRDA:330,41,1,0
BRDA:335,42,0,1
BRDA:335,42,1,0
BRDA:335,43,0,1
BRDA:335,43,1,0
BRDA:340,44,0,0
BRDA:340,44,1,1
BRDA:340,45,0,1
BRDA:340,45,1,1
BRDA:361,46,0,0
BRDA:361,46,1,0
BRDA:361,47,0,0
BRDA:361,47,1,0
BRDA:361,47,2,0
BRDA:362,48,0,0
BRDA:362,48,1,0
BRDA:363,49,0,0
BRDA:363,49,1,0
BRDA:364,50,0,0
BRDA:364,50,1,0
BRDA:365,51,0,0
BRDA:365,51,1,0
BRDA:368,52,0,0
BRDA:368,52,1,0
BRDA:374,53,0,0
BRDA:374,53,1,0
BRDA:382,54,0,0
BRDA:382,54,1,0
BRDA:387,55,0,0
BRDA:387,55,1,0
BRDA:399,56,0,0
BRDA:399,56,1,0
BRDA:403,57,0,0
BRDA:403,57,1,0
BRDA:416,58,0,0
BRDA:416,58,1,0
BRDA:417,59,0,0
BRDA:417,59,1,0
BRDA:417,60,0,0
BRDA:417,60,1,0
BRDA:418,61,0,0
BRDA:418,61,1,0
BRDA:419,62,0,0
BRDA:419,62,1,0
BRDA:423,63,0,0
BRDA:423,63,1,0
BRDA:427,64,0,0
BRDA:427,64,1,0
BRDA:439,65,0,0
BRDA:439,65,1,0
BRDA:440,66,0,0
BRDA:440,66,1,0
BRDA:441,67,0,0
BRDA:441,67,1,0
BRDA:444,68,0,0
BRDA:444,68,1,0
BRDA:445,69,0,0
BRDA:445,69,1,0
BRDA:448,70,0,0
BRDA:448,70,1,0
BRDA:448,71,0,0
BRDA:448,71,1,0
BRDA:449,72,0,0
BRDA:449,72,1,0
BRDA:459,73,0,0
BRDA:459,73,1,0
BRDA:464,74,0,0
BRDA:464,74,1,0
BRDA:474,75,0,0
BRDA:474,75,1,0
BRF:156
BRH:40
end_of_record
